<?xml version="1.0" encoding="UTF-8" ?>
<testsuite tests="69" failures="5" name="main.java.view.Menu_ESTest" time="0.471" errors="55" skipped="0">
  <properties>
    <property name="java.runtime.name" value="OpenJDK Runtime Environment"/>
    <property name="java.vm.version" value="11.0.2+9"/>
    <property name="sun.boot.library.path" value="/Library/Java/JavaVirtualMachines/openjdk-11.0.2.jdk/Contents/Home/lib"/>
    <property name="gopherProxySet" value="false"/>
    <property name="maven.multiModuleProjectDirectory" value="/Users/henrique/Documents/4ano/ATS/projeto/demo1"/>
    <property name="java.vm.vendor" value="Oracle Corporation"/>
    <property name="java.vendor.url" value="http://java.oracle.com/"/>
    <property name="guice.disable.misplaced.annotation.check" value="true"/>
    <property name="path.separator" value=":"/>
    <property name="java.vm.name" value="OpenJDK 64-Bit Server VM"/>
    <property name="sun.os.patch.level" value="unknown"/>
    <property name="user.country" value="PT"/>
    <property name="sun.java.launcher" value="SUN_STANDARD"/>
    <property name="java.vm.specification.name" value="Java Virtual Machine Specification"/>
    <property name="user.dir" value="/Users/henrique/Documents/4ano/ATS/projeto/demo1"/>
    <property name="java.vm.compressedOopsMode" value="Zero based"/>
    <property name="java.runtime.version" value="11.0.2+9"/>
    <property name="java.awt.graphicsenv" value="sun.awt.CGraphicsEnvironment"/>
    <property name="os.arch" value="x86_64"/>
    <property name="java.io.tmpdir" value="/var/folders/rm/l9695zr55lbfkw2m0r27vmzm0000gn/T/"/>
    <property name="line.separator" value="
"/>
    <property name="java.vm.specification.vendor" value="Oracle Corporation"/>
    <property name="os.name" value="Mac OS X"/>
    <property name="classworlds.conf" value="/opt/apache-maven/bin/m2.conf"/>
    <property name="sun.jnu.encoding" value="UTF-8"/>
    <property name="java.library.path" value="/Users/henrique/Library/Java/Extensions:/Library/Java/Extensions:/Network/Library/Java/Extensions:/System/Library/Java/Extensions:/usr/lib/java:."/>
    <property name="maven.conf" value="/opt/apache-maven/conf"/>
    <property name="jdk.debug" value="release"/>
    <property name="java.class.version" value="55.0"/>
    <property name="java.specification.name" value="Java Platform API Specification"/>
    <property name="sun.management.compiler" value="HotSpot 64-Bit Tiered Compilers"/>
    <property name="os.version" value="10.14.3"/>
    <property name="library.jansi.path" value="/opt/apache-maven/lib/jansi-native"/>
    <property name="http.nonProxyHosts" value="local|*.local|169.254/16|*.169.254/16"/>
    <property name="user.home" value="/Users/henrique"/>
    <property name="user.timezone" value="Europe/Lisbon"/>
    <property name="java.awt.printerjob" value="sun.lwawt.macosx.CPrinterJob"/>
    <property name="file.encoding" value="UTF-8"/>
    <property name="java.specification.version" value="11"/>
    <property name="user.name" value="henrique"/>
    <property name="java.class.path" value="/opt/apache-maven/boot/plexus-classworlds-2.6.0.jar"/>
    <property name="java.vm.specification.version" value="11"/>
    <property name="sun.arch.data.model" value="64"/>
    <property name="sun.java.command" value="org.codehaus.plexus.classworlds.launcher.Launcher package"/>
    <property name="java.home" value="/Library/Java/JavaVirtualMachines/openjdk-11.0.2.jdk/Contents/Home"/>
    <property name="user.language" value="pt"/>
    <property name="java.specification.vendor" value="Oracle Corporation"/>
    <property name="awt.toolkit" value="sun.lwawt.macosx.LWCToolkit"/>
    <property name="java.vm.info" value="mixed mode"/>
    <property name="java.version" value="11.0.2"/>
    <property name="java.vendor" value="Oracle Corporation"/>
    <property name="maven.home" value="/opt/apache-maven"/>
    <property name="file.separator" value="/"/>
    <property name="java.version.date" value="2019-01-15"/>
    <property name="java.vendor.url.bug" value="http://bugreport.java.com/bugreport/"/>
    <property name="sun.io.unicode.encoding" value="UnicodeBig"/>
    <property name="sun.cpu.endian" value="little"/>
    <property name="java.vendor.version" value="18.9"/>
    <property name="socksNonProxyHosts" value="local|*.local|169.254/16|*.169.254/16"/>
    <property name="ftp.nonProxyHosts" value="local|*.local|169.254/16|*.169.254/16"/>
    <property name="sun.cpu.isalist" value=""/>
  </properties>
  <testcase classname="main.java.view.Menu_ESTest" name="test60" time="0.012">
    <error type="java.lang.ExceptionInInitializerError">java.lang.ExceptionInInitializerError
	at java.logging/java.util.logging.LogRecord.inferCaller(LogRecord.java:683)
	at java.logging/java.util.logging.LogRecord.getSourceClassName(LogRecord.java:352)
	at java.logging/java.util.logging.SimpleFormatter.format(SimpleFormatter.java:160)
	at java.logging/java.util.logging.StreamHandler.publish(StreamHandler.java:199)
	at java.logging/java.util.logging.ConsoleHandler.publish(ConsoleHandler.java:95)
	at java.logging/java.util.logging.Logger.log(Logger.java:979)
	at java.logging/java.util.logging.Logger.doLog(Logger.java:1006)
	at java.logging/java.util.logging.Logger.log(Logger.java:1029)
	at java.logging/java.util.logging.Logger.info(Logger.java:1802)
	at main.java.view.Menu.displayMenuHeader(Menu.java:413)
	at main.java.view.Menu.newRegisterCar(Menu.java:245)
	at main.java.view.Menu_ESTest.test60(Menu_ESTest.java:940)
	at java.base/jdk.internal.reflect.NativeMethodAccessorImpl.invoke0(Native Method)
	at java.base/jdk.internal.reflect.NativeMethodAccessorImpl.invoke(NativeMethodAccessorImpl.java:62)
	at java.base/jdk.internal.reflect.DelegatingMethodAccessorImpl.invoke(DelegatingMethodAccessorImpl.java:43)
	at java.base/java.lang.reflect.Method.invoke(Method.java:566)
	at org.junit.runners.model.FrameworkMethod$1.runReflectiveCall(FrameworkMethod.java:47)
	at org.junit.internal.runners.model.ReflectiveCallable.run(ReflectiveCallable.java:12)
	at org.junit.runners.model.FrameworkMethod.invokeExplosively(FrameworkMethod.java:44)
	at org.junit.internal.runners.statements.InvokeMethod.evaluate(InvokeMethod.java:17)
	at org.junit.internal.runners.statements.FailOnTimeout$StatementThread.run(FailOnTimeout.java:74)
Caused by: java.lang.SecurityException: Security manager blocks (&quot;java.lang.RuntimePermission&quot; &quot;getStackWalkerWithClassReference&quot;)
java.base/java.lang.Thread.getStackTrace(Thread.java:1606)
org.evosuite.runtime.sandbox.MSecurityManager.checkPermission(MSecurityManager.java:434)
java.base/java.lang.StackWalker.checkPermission(StackWalker.java:424)
java.base/java.lang.StackWalker.getInstance(StackWalker.java:365)
java.base/java.lang.StackWalker.getInstance(StackWalker.java:336)
java.logging/java.util.logging.LogRecord$CallerFinder.lambda$static$0(LogRecord.java:700)
java.base/java.security.AccessController.doPrivileged(Native Method)
java.logging/java.util.logging.LogRecord$CallerFinder.&lt;clinit&gt;(LogRecord.java:701)
java.logging/java.util.logging.LogRecord.inferCaller(LogRecord.java:683)
java.logging/java.util.logging.LogRecord.getSourceClassName(LogRecord.java:352)
java.logging/java.util.logging.SimpleFormatter.format(SimpleFormatter.java:160)
java.logging/java.util.logging.StreamHandler.publish(StreamHandler.java:199)
java.logging/java.util.logging.ConsoleHandler.publish(ConsoleHandler.java:95)
java.logging/java.util.logging.Logger.log(Logger.java:979)
java.logging/java.util.logging.Logger.doLog(Logger.java:1006)
java.logging/java.util.logging.Logger.log(Logger.java:1029)
java.logging/java.util.logging.Logger.info(Logger.java:1802)
main.java.view.Menu.displayMenuHeader(Menu.java:413)
main.java.view.Menu.newRegisterCar(Menu.java:245)
main.java.view.Menu_ESTest.test60(Menu_ESTest.java:940)
java.base/jdk.internal.reflect.NativeMethodAccessorImpl.invoke0(Native Method)
java.base/jdk.internal.reflect.NativeMethodAccessorImpl.invoke(NativeMethodAccessorImpl.java:62)
java.base/jdk.internal.reflect.DelegatingMethodAccessorImpl.invoke(DelegatingMethodAccessorImpl.java:43)
java.base/java.lang.reflect.Method.invoke(Method.java:566)
org.junit.runners.model.FrameworkMethod$1.runReflectiveCall(FrameworkMethod.java:47)
org.junit.internal.runners.model.ReflectiveCallable.run(ReflectiveCallable.java:12)
org.junit.runners.model.FrameworkMethod.invokeExplosively(FrameworkMethod.java:44)
org.junit.internal.runners.statements.InvokeMethod.evaluate(InvokeMethod.java:17)
org.junit.internal.runners.statements.FailOnTimeout$StatementThread.run(FailOnTimeout.java:74)

	at org.evosuite.runtime.sandbox.MSecurityManager.checkPermission(MSecurityManager.java:452)
	at java.base/java.lang.StackWalker.checkPermission(StackWalker.java:424)
	at java.base/java.lang.StackWalker.getInstance(StackWalker.java:365)
	at java.base/java.lang.StackWalker.getInstance(StackWalker.java:336)
	at java.logging/java.util.logging.LogRecord$CallerFinder.lambda$static$0(LogRecord.java:700)
	at java.base/java.security.AccessController.doPrivileged(Native Method)
	at java.logging/java.util.logging.LogRecord$CallerFinder.&lt;clinit&gt;(LogRecord.java:701)
	... 21 more
</error>
  </testcase>
  <testcase classname="main.java.view.Menu_ESTest" name="test61" time="0.007"/>
  <testcase classname="main.java.view.Menu_ESTest" name="test62" time="0.01">
    <error message="Security manager blocks (&quot;java.lang.RuntimePermission&quot; &quot;localeServiceProvider&quot;)
java.base/java.lang.Thread.getStackTrace(Thread.java:1606)
org.evosuite.runtime.sandbox.MSecurityManager.checkPermission(MSecurityManager.java:434)
java.base/java.util.spi.LocaleServiceProvider.checkPermission(LocaleServiceProvider.java:157)
java.base/java.util.spi.LocaleServiceProvider.&lt;init&gt;(LocaleServiceProvider.java:171)
java.base/java.text.spi.NumberFormatProvider.&lt;init&gt;(NumberFormatProvider.java:45)
java.base/sun.util.locale.provider.NumberFormatProviderImpl.&lt;init&gt;(NumberFormatProviderImpl.java:70)
java.base/sun.util.locale.provider.JRELocaleProviderAdapter.lambda$getNumberFormatProvider$5(JRELocaleProviderAdapter.java:239)
java.base/java.security.AccessController.doPrivileged(Native Method)
java.base/sun.util.locale.provider.JRELocaleProviderAdapter.getNumberFormatProvider(JRELocaleProviderAdapter.java:235)
java.base/sun.util.locale.provider.JRELocaleProviderAdapter.getLocaleServiceProvider(JRELocaleProviderAdapter.java:103)
java.base/sun.util.locale.provider.LocaleProviderAdapter.findAdapter(LocaleProviderAdapter.java:281)
java.base/sun.util.locale.provider.LocaleProviderAdapter.getAdapter(LocaleProviderAdapter.java:250)
java.base/java.text.NumberFormat.getInstance(NumberFormat.java:905)
java.base/java.text.NumberFormat.getNumberInstance(NumberFormat.java:515)
java.base/java.util.Scanner.useLocale(Scanner.java:1270)
java.base/java.util.Scanner.&lt;init&gt;(Scanner.java:543)
java.base/java.util.Scanner.&lt;init&gt;(Scanner.java:566)
main.java.view.Menu.getTimeInterval(Menu.java:353)
main.java.view.Menu_ESTest.test62(Menu_ESTest.java:963)
java.base/jdk.internal.reflect.NativeMethodAccessorImpl.invoke0(Native Method)
java.base/jdk.internal.reflect.NativeMethodAccessorImpl.invoke(NativeMethodAccessorImpl.java:62)
java.base/jdk.internal.reflect.DelegatingMethodAccessorImpl.invoke(DelegatingMethodAccessorImpl.java:43)
java.base/java.lang.reflect.Method.invoke(Method.java:566)
org.junit.runners.model.FrameworkMethod$1.runReflectiveCall(FrameworkMethod.java:47)
org.junit.internal.runners.model.ReflectiveCallable.run(ReflectiveCallable.java:12)
org.junit.runners.model.FrameworkMethod.invokeExplosively(FrameworkMethod.java:44)
org.junit.internal.runners.statements.InvokeMethod.evaluate(InvokeMethod.java:17)
org.junit.internal.runners.statements.FailOnTimeout$StatementThread.run(FailOnTimeout.java:74)
" type="java.lang.SecurityException">java.lang.SecurityException: Security manager blocks (&quot;java.lang.RuntimePermission&quot; &quot;localeServiceProvider&quot;)
java.base/java.lang.Thread.getStackTrace(Thread.java:1606)
org.evosuite.runtime.sandbox.MSecurityManager.checkPermission(MSecurityManager.java:434)
java.base/java.util.spi.LocaleServiceProvider.checkPermission(LocaleServiceProvider.java:157)
java.base/java.util.spi.LocaleServiceProvider.&lt;init&gt;(LocaleServiceProvider.java:171)
java.base/java.text.spi.NumberFormatProvider.&lt;init&gt;(NumberFormatProvider.java:45)
java.base/sun.util.locale.provider.NumberFormatProviderImpl.&lt;init&gt;(NumberFormatProviderImpl.java:70)
java.base/sun.util.locale.provider.JRELocaleProviderAdapter.lambda$getNumberFormatProvider$5(JRELocaleProviderAdapter.java:239)
java.base/java.security.AccessController.doPrivileged(Native Method)
java.base/sun.util.locale.provider.JRELocaleProviderAdapter.getNumberFormatProvider(JRELocaleProviderAdapter.java:235)
java.base/sun.util.locale.provider.JRELocaleProviderAdapter.getLocaleServiceProvider(JRELocaleProviderAdapter.java:103)
java.base/sun.util.locale.provider.LocaleProviderAdapter.findAdapter(LocaleProviderAdapter.java:281)
java.base/sun.util.locale.provider.LocaleProviderAdapter.getAdapter(LocaleProviderAdapter.java:250)
java.base/java.text.NumberFormat.getInstance(NumberFormat.java:905)
java.base/java.text.NumberFormat.getNumberInstance(NumberFormat.java:515)
java.base/java.util.Scanner.useLocale(Scanner.java:1270)
java.base/java.util.Scanner.&lt;init&gt;(Scanner.java:543)
java.base/java.util.Scanner.&lt;init&gt;(Scanner.java:566)
main.java.view.Menu.getTimeInterval(Menu.java:353)
main.java.view.Menu_ESTest.test62(Menu_ESTest.java:963)
java.base/jdk.internal.reflect.NativeMethodAccessorImpl.invoke0(Native Method)
java.base/jdk.internal.reflect.NativeMethodAccessorImpl.invoke(NativeMethodAccessorImpl.java:62)
java.base/jdk.internal.reflect.DelegatingMethodAccessorImpl.invoke(DelegatingMethodAccessorImpl.java:43)
java.base/java.lang.reflect.Method.invoke(Method.java:566)
org.junit.runners.model.FrameworkMethod$1.runReflectiveCall(FrameworkMethod.java:47)
org.junit.internal.runners.model.ReflectiveCallable.run(ReflectiveCallable.java:12)
org.junit.runners.model.FrameworkMethod.invokeExplosively(FrameworkMethod.java:44)
org.junit.internal.runners.statements.InvokeMethod.evaluate(InvokeMethod.java:17)
org.junit.internal.runners.statements.FailOnTimeout$StatementThread.run(FailOnTimeout.java:74)

	at org.evosuite.runtime.sandbox.MSecurityManager.checkPermission(MSecurityManager.java:452)
	at java.base/java.util.spi.LocaleServiceProvider.checkPermission(LocaleServiceProvider.java:157)
	at java.base/java.util.spi.LocaleServiceProvider.&lt;init&gt;(LocaleServiceProvider.java:171)
	at java.base/java.text.spi.NumberFormatProvider.&lt;init&gt;(NumberFormatProvider.java:45)
	at java.base/sun.util.locale.provider.NumberFormatProviderImpl.&lt;init&gt;(NumberFormatProviderImpl.java:70)
	at java.base/sun.util.locale.provider.JRELocaleProviderAdapter.lambda$getNumberFormatProvider$5(JRELocaleProviderAdapter.java:239)
	at java.base/java.security.AccessController.doPrivileged(Native Method)
	at java.base/sun.util.locale.provider.JRELocaleProviderAdapter.getNumberFormatProvider(JRELocaleProviderAdapter.java:235)
	at java.base/sun.util.locale.provider.JRELocaleProviderAdapter.getLocaleServiceProvider(JRELocaleProviderAdapter.java:103)
	at java.base/sun.util.locale.provider.LocaleProviderAdapter.findAdapter(LocaleProviderAdapter.java:281)
	at java.base/sun.util.locale.provider.LocaleProviderAdapter.getAdapter(LocaleProviderAdapter.java:250)
	at java.base/java.text.NumberFormat.getInstance(NumberFormat.java:905)
	at java.base/java.text.NumberFormat.getNumberInstance(NumberFormat.java:515)
	at java.base/java.util.Scanner.useLocale(Scanner.java:1270)
	at java.base/java.util.Scanner.&lt;init&gt;(Scanner.java:543)
	at java.base/java.util.Scanner.&lt;init&gt;(Scanner.java:566)
	at main.java.view.Menu.getTimeInterval(Menu.java:353)
	at main.java.view.Menu_ESTest.test62(Menu_ESTest.java:963)
	at java.base/jdk.internal.reflect.NativeMethodAccessorImpl.invoke0(Native Method)
	at java.base/jdk.internal.reflect.NativeMethodAccessorImpl.invoke(NativeMethodAccessorImpl.java:62)
	at java.base/jdk.internal.reflect.DelegatingMethodAccessorImpl.invoke(DelegatingMethodAccessorImpl.java:43)
	at java.base/java.lang.reflect.Method.invoke(Method.java:566)
	at org.junit.runners.model.FrameworkMethod$1.runReflectiveCall(FrameworkMethod.java:47)
	at org.junit.internal.runners.model.ReflectiveCallable.run(ReflectiveCallable.java:12)
	at org.junit.runners.model.FrameworkMethod.invokeExplosively(FrameworkMethod.java:44)
	at org.junit.internal.runners.statements.InvokeMethod.evaluate(InvokeMethod.java:17)
	at org.junit.internal.runners.statements.FailOnTimeout$StatementThread.run(FailOnTimeout.java:74)
</error>
  </testcase>
  <testcase classname="main.java.view.Menu_ESTest" name="test63" time="0.005">
    <error message="Security manager blocks (&quot;java.lang.RuntimePermission&quot; &quot;localeServiceProvider&quot;)
java.base/java.lang.Thread.getStackTrace(Thread.java:1606)
org.evosuite.runtime.sandbox.MSecurityManager.checkPermission(MSecurityManager.java:434)
java.base/java.util.spi.LocaleServiceProvider.checkPermission(LocaleServiceProvider.java:157)
java.base/java.util.spi.LocaleServiceProvider.&lt;init&gt;(LocaleServiceProvider.java:171)
java.base/java.text.spi.NumberFormatProvider.&lt;init&gt;(NumberFormatProvider.java:45)
java.base/sun.util.locale.provider.NumberFormatProviderImpl.&lt;init&gt;(NumberFormatProviderImpl.java:70)
java.base/sun.util.locale.provider.JRELocaleProviderAdapter.lambda$getNumberFormatProvider$5(JRELocaleProviderAdapter.java:239)
java.base/java.security.AccessController.doPrivileged(Native Method)
java.base/sun.util.locale.provider.JRELocaleProviderAdapter.getNumberFormatProvider(JRELocaleProviderAdapter.java:235)
java.base/sun.util.locale.provider.JRELocaleProviderAdapter.getLocaleServiceProvider(JRELocaleProviderAdapter.java:103)
java.base/sun.util.locale.provider.LocaleProviderAdapter.findAdapter(LocaleProviderAdapter.java:281)
java.base/sun.util.locale.provider.LocaleProviderAdapter.getAdapter(LocaleProviderAdapter.java:250)
java.base/java.text.NumberFormat.getInstance(NumberFormat.java:905)
java.base/java.text.NumberFormat.getNumberInstance(NumberFormat.java:515)
java.base/java.util.Scanner.useLocale(Scanner.java:1270)
java.base/java.util.Scanner.&lt;init&gt;(Scanner.java:543)
java.base/java.util.Scanner.&lt;init&gt;(Scanner.java:566)
main.java.view.Menu.walkingDistanceRent(Menu.java:155)
main.java.view.Menu_ESTest.test63(Menu_ESTest.java:979)
java.base/jdk.internal.reflect.NativeMethodAccessorImpl.invoke0(Native Method)
java.base/jdk.internal.reflect.NativeMethodAccessorImpl.invoke(NativeMethodAccessorImpl.java:62)
java.base/jdk.internal.reflect.DelegatingMethodAccessorImpl.invoke(DelegatingMethodAccessorImpl.java:43)
java.base/java.lang.reflect.Method.invoke(Method.java:566)
org.junit.runners.model.FrameworkMethod$1.runReflectiveCall(FrameworkMethod.java:47)
org.junit.internal.runners.model.ReflectiveCallable.run(ReflectiveCallable.java:12)
org.junit.runners.model.FrameworkMethod.invokeExplosively(FrameworkMethod.java:44)
org.junit.internal.runners.statements.InvokeMethod.evaluate(InvokeMethod.java:17)
org.junit.internal.runners.statements.FailOnTimeout$StatementThread.run(FailOnTimeout.java:74)
" type="java.lang.SecurityException">java.lang.SecurityException: Security manager blocks (&quot;java.lang.RuntimePermission&quot; &quot;localeServiceProvider&quot;)
java.base/java.lang.Thread.getStackTrace(Thread.java:1606)
org.evosuite.runtime.sandbox.MSecurityManager.checkPermission(MSecurityManager.java:434)
java.base/java.util.spi.LocaleServiceProvider.checkPermission(LocaleServiceProvider.java:157)
java.base/java.util.spi.LocaleServiceProvider.&lt;init&gt;(LocaleServiceProvider.java:171)
java.base/java.text.spi.NumberFormatProvider.&lt;init&gt;(NumberFormatProvider.java:45)
java.base/sun.util.locale.provider.NumberFormatProviderImpl.&lt;init&gt;(NumberFormatProviderImpl.java:70)
java.base/sun.util.locale.provider.JRELocaleProviderAdapter.lambda$getNumberFormatProvider$5(JRELocaleProviderAdapter.java:239)
java.base/java.security.AccessController.doPrivileged(Native Method)
java.base/sun.util.locale.provider.JRELocaleProviderAdapter.getNumberFormatProvider(JRELocaleProviderAdapter.java:235)
java.base/sun.util.locale.provider.JRELocaleProviderAdapter.getLocaleServiceProvider(JRELocaleProviderAdapter.java:103)
java.base/sun.util.locale.provider.LocaleProviderAdapter.findAdapter(LocaleProviderAdapter.java:281)
java.base/sun.util.locale.provider.LocaleProviderAdapter.getAdapter(LocaleProviderAdapter.java:250)
java.base/java.text.NumberFormat.getInstance(NumberFormat.java:905)
java.base/java.text.NumberFormat.getNumberInstance(NumberFormat.java:515)
java.base/java.util.Scanner.useLocale(Scanner.java:1270)
java.base/java.util.Scanner.&lt;init&gt;(Scanner.java:543)
java.base/java.util.Scanner.&lt;init&gt;(Scanner.java:566)
main.java.view.Menu.walkingDistanceRent(Menu.java:155)
main.java.view.Menu_ESTest.test63(Menu_ESTest.java:979)
java.base/jdk.internal.reflect.NativeMethodAccessorImpl.invoke0(Native Method)
java.base/jdk.internal.reflect.NativeMethodAccessorImpl.invoke(NativeMethodAccessorImpl.java:62)
java.base/jdk.internal.reflect.DelegatingMethodAccessorImpl.invoke(DelegatingMethodAccessorImpl.java:43)
java.base/java.lang.reflect.Method.invoke(Method.java:566)
org.junit.runners.model.FrameworkMethod$1.runReflectiveCall(FrameworkMethod.java:47)
org.junit.internal.runners.model.ReflectiveCallable.run(ReflectiveCallable.java:12)
org.junit.runners.model.FrameworkMethod.invokeExplosively(FrameworkMethod.java:44)
org.junit.internal.runners.statements.InvokeMethod.evaluate(InvokeMethod.java:17)
org.junit.internal.runners.statements.FailOnTimeout$StatementThread.run(FailOnTimeout.java:74)

	at org.evosuite.runtime.sandbox.MSecurityManager.checkPermission(MSecurityManager.java:452)
	at java.base/java.util.spi.LocaleServiceProvider.checkPermission(LocaleServiceProvider.java:157)
	at java.base/java.util.spi.LocaleServiceProvider.&lt;init&gt;(LocaleServiceProvider.java:171)
	at java.base/java.text.spi.NumberFormatProvider.&lt;init&gt;(NumberFormatProvider.java:45)
	at java.base/sun.util.locale.provider.NumberFormatProviderImpl.&lt;init&gt;(NumberFormatProviderImpl.java:70)
	at java.base/sun.util.locale.provider.JRELocaleProviderAdapter.lambda$getNumberFormatProvider$5(JRELocaleProviderAdapter.java:239)
	at java.base/java.security.AccessController.doPrivileged(Native Method)
	at java.base/sun.util.locale.provider.JRELocaleProviderAdapter.getNumberFormatProvider(JRELocaleProviderAdapter.java:235)
	at java.base/sun.util.locale.provider.JRELocaleProviderAdapter.getLocaleServiceProvider(JRELocaleProviderAdapter.java:103)
	at java.base/sun.util.locale.provider.LocaleProviderAdapter.findAdapter(LocaleProviderAdapter.java:281)
	at java.base/sun.util.locale.provider.LocaleProviderAdapter.getAdapter(LocaleProviderAdapter.java:250)
	at java.base/java.text.NumberFormat.getInstance(NumberFormat.java:905)
	at java.base/java.text.NumberFormat.getNumberInstance(NumberFormat.java:515)
	at java.base/java.util.Scanner.useLocale(Scanner.java:1270)
	at java.base/java.util.Scanner.&lt;init&gt;(Scanner.java:543)
	at java.base/java.util.Scanner.&lt;init&gt;(Scanner.java:566)
	at main.java.view.Menu.walkingDistanceRent(Menu.java:155)
	at main.java.view.Menu_ESTest.test63(Menu_ESTest.java:979)
	at java.base/jdk.internal.reflect.NativeMethodAccessorImpl.invoke0(Native Method)
	at java.base/jdk.internal.reflect.NativeMethodAccessorImpl.invoke(NativeMethodAccessorImpl.java:62)
	at java.base/jdk.internal.reflect.DelegatingMethodAccessorImpl.invoke(DelegatingMethodAccessorImpl.java:43)
	at java.base/java.lang.reflect.Method.invoke(Method.java:566)
	at org.junit.runners.model.FrameworkMethod$1.runReflectiveCall(FrameworkMethod.java:47)
	at org.junit.internal.runners.model.ReflectiveCallable.run(ReflectiveCallable.java:12)
	at org.junit.runners.model.FrameworkMethod.invokeExplosively(FrameworkMethod.java:44)
	at org.junit.internal.runners.statements.InvokeMethod.evaluate(InvokeMethod.java:17)
	at org.junit.internal.runners.statements.FailOnTimeout$StatementThread.run(FailOnTimeout.java:74)
</error>
  </testcase>
  <testcase classname="main.java.view.Menu_ESTest" name="test20" time="0.005">
    <error message="Security manager blocks (&quot;java.lang.RuntimePermission&quot; &quot;localeServiceProvider&quot;)
java.base/java.lang.Thread.getStackTrace(Thread.java:1606)
org.evosuite.runtime.sandbox.MSecurityManager.checkPermission(MSecurityManager.java:434)
java.base/java.util.spi.LocaleServiceProvider.checkPermission(LocaleServiceProvider.java:157)
java.base/java.util.spi.LocaleServiceProvider.&lt;init&gt;(LocaleServiceProvider.java:171)
java.base/java.text.spi.NumberFormatProvider.&lt;init&gt;(NumberFormatProvider.java:45)
java.base/sun.util.locale.provider.NumberFormatProviderImpl.&lt;init&gt;(NumberFormatProviderImpl.java:70)
java.base/sun.util.locale.provider.JRELocaleProviderAdapter.lambda$getNumberFormatProvider$5(JRELocaleProviderAdapter.java:239)
java.base/java.security.AccessController.doPrivileged(Native Method)
java.base/sun.util.locale.provider.JRELocaleProviderAdapter.getNumberFormatProvider(JRELocaleProviderAdapter.java:235)
java.base/sun.util.locale.provider.JRELocaleProviderAdapter.getLocaleServiceProvider(JRELocaleProviderAdapter.java:103)
java.base/sun.util.locale.provider.LocaleProviderAdapter.findAdapter(LocaleProviderAdapter.java:281)
java.base/sun.util.locale.provider.LocaleProviderAdapter.getAdapter(LocaleProviderAdapter.java:250)
java.base/java.text.NumberFormat.getInstance(NumberFormat.java:905)
java.base/java.text.NumberFormat.getNumberInstance(NumberFormat.java:515)
java.base/java.util.Scanner.useLocale(Scanner.java:1270)
java.base/java.util.Scanner.&lt;init&gt;(Scanner.java:543)
java.base/java.util.Scanner.&lt;init&gt;(Scanner.java:566)
main.java.view.Menu.specificCarRent(Menu.java:206)
main.java.view.Menu_ESTest.test20(Menu_ESTest.java:285)
java.base/jdk.internal.reflect.NativeMethodAccessorImpl.invoke0(Native Method)
java.base/jdk.internal.reflect.NativeMethodAccessorImpl.invoke(NativeMethodAccessorImpl.java:62)
java.base/jdk.internal.reflect.DelegatingMethodAccessorImpl.invoke(DelegatingMethodAccessorImpl.java:43)
java.base/java.lang.reflect.Method.invoke(Method.java:566)
org.junit.runners.model.FrameworkMethod$1.runReflectiveCall(FrameworkMethod.java:47)
org.junit.internal.runners.model.ReflectiveCallable.run(ReflectiveCallable.java:12)
org.junit.runners.model.FrameworkMethod.invokeExplosively(FrameworkMethod.java:44)
org.junit.internal.runners.statements.InvokeMethod.evaluate(InvokeMethod.java:17)
org.junit.internal.runners.statements.FailOnTimeout$StatementThread.run(FailOnTimeout.java:74)
" type="java.lang.SecurityException">java.lang.SecurityException: Security manager blocks (&quot;java.lang.RuntimePermission&quot; &quot;localeServiceProvider&quot;)
java.base/java.lang.Thread.getStackTrace(Thread.java:1606)
org.evosuite.runtime.sandbox.MSecurityManager.checkPermission(MSecurityManager.java:434)
java.base/java.util.spi.LocaleServiceProvider.checkPermission(LocaleServiceProvider.java:157)
java.base/java.util.spi.LocaleServiceProvider.&lt;init&gt;(LocaleServiceProvider.java:171)
java.base/java.text.spi.NumberFormatProvider.&lt;init&gt;(NumberFormatProvider.java:45)
java.base/sun.util.locale.provider.NumberFormatProviderImpl.&lt;init&gt;(NumberFormatProviderImpl.java:70)
java.base/sun.util.locale.provider.JRELocaleProviderAdapter.lambda$getNumberFormatProvider$5(JRELocaleProviderAdapter.java:239)
java.base/java.security.AccessController.doPrivileged(Native Method)
java.base/sun.util.locale.provider.JRELocaleProviderAdapter.getNumberFormatProvider(JRELocaleProviderAdapter.java:235)
java.base/sun.util.locale.provider.JRELocaleProviderAdapter.getLocaleServiceProvider(JRELocaleProviderAdapter.java:103)
java.base/sun.util.locale.provider.LocaleProviderAdapter.findAdapter(LocaleProviderAdapter.java:281)
java.base/sun.util.locale.provider.LocaleProviderAdapter.getAdapter(LocaleProviderAdapter.java:250)
java.base/java.text.NumberFormat.getInstance(NumberFormat.java:905)
java.base/java.text.NumberFormat.getNumberInstance(NumberFormat.java:515)
java.base/java.util.Scanner.useLocale(Scanner.java:1270)
java.base/java.util.Scanner.&lt;init&gt;(Scanner.java:543)
java.base/java.util.Scanner.&lt;init&gt;(Scanner.java:566)
main.java.view.Menu.specificCarRent(Menu.java:206)
main.java.view.Menu_ESTest.test20(Menu_ESTest.java:285)
java.base/jdk.internal.reflect.NativeMethodAccessorImpl.invoke0(Native Method)
java.base/jdk.internal.reflect.NativeMethodAccessorImpl.invoke(NativeMethodAccessorImpl.java:62)
java.base/jdk.internal.reflect.DelegatingMethodAccessorImpl.invoke(DelegatingMethodAccessorImpl.java:43)
java.base/java.lang.reflect.Method.invoke(Method.java:566)
org.junit.runners.model.FrameworkMethod$1.runReflectiveCall(FrameworkMethod.java:47)
org.junit.internal.runners.model.ReflectiveCallable.run(ReflectiveCallable.java:12)
org.junit.runners.model.FrameworkMethod.invokeExplosively(FrameworkMethod.java:44)
org.junit.internal.runners.statements.InvokeMethod.evaluate(InvokeMethod.java:17)
org.junit.internal.runners.statements.FailOnTimeout$StatementThread.run(FailOnTimeout.java:74)

	at org.evosuite.runtime.sandbox.MSecurityManager.checkPermission(MSecurityManager.java:452)
	at java.base/java.util.spi.LocaleServiceProvider.checkPermission(LocaleServiceProvider.java:157)
	at java.base/java.util.spi.LocaleServiceProvider.&lt;init&gt;(LocaleServiceProvider.java:171)
	at java.base/java.text.spi.NumberFormatProvider.&lt;init&gt;(NumberFormatProvider.java:45)
	at java.base/sun.util.locale.provider.NumberFormatProviderImpl.&lt;init&gt;(NumberFormatProviderImpl.java:70)
	at java.base/sun.util.locale.provider.JRELocaleProviderAdapter.lambda$getNumberFormatProvider$5(JRELocaleProviderAdapter.java:239)
	at java.base/java.security.AccessController.doPrivileged(Native Method)
	at java.base/sun.util.locale.provider.JRELocaleProviderAdapter.getNumberFormatProvider(JRELocaleProviderAdapter.java:235)
	at java.base/sun.util.locale.provider.JRELocaleProviderAdapter.getLocaleServiceProvider(JRELocaleProviderAdapter.java:103)
	at java.base/sun.util.locale.provider.LocaleProviderAdapter.findAdapter(LocaleProviderAdapter.java:281)
	at java.base/sun.util.locale.provider.LocaleProviderAdapter.getAdapter(LocaleProviderAdapter.java:250)
	at java.base/java.text.NumberFormat.getInstance(NumberFormat.java:905)
	at java.base/java.text.NumberFormat.getNumberInstance(NumberFormat.java:515)
	at java.base/java.util.Scanner.useLocale(Scanner.java:1270)
	at java.base/java.util.Scanner.&lt;init&gt;(Scanner.java:543)
	at java.base/java.util.Scanner.&lt;init&gt;(Scanner.java:566)
	at main.java.view.Menu.specificCarRent(Menu.java:206)
	at main.java.view.Menu_ESTest.test20(Menu_ESTest.java:285)
	at java.base/jdk.internal.reflect.NativeMethodAccessorImpl.invoke0(Native Method)
	at java.base/jdk.internal.reflect.NativeMethodAccessorImpl.invoke(NativeMethodAccessorImpl.java:62)
	at java.base/jdk.internal.reflect.DelegatingMethodAccessorImpl.invoke(DelegatingMethodAccessorImpl.java:43)
	at java.base/java.lang.reflect.Method.invoke(Method.java:566)
	at org.junit.runners.model.FrameworkMethod$1.runReflectiveCall(FrameworkMethod.java:47)
	at org.junit.internal.runners.model.ReflectiveCallable.run(ReflectiveCallable.java:12)
	at org.junit.runners.model.FrameworkMethod.invokeExplosively(FrameworkMethod.java:44)
	at org.junit.internal.runners.statements.InvokeMethod.evaluate(InvokeMethod.java:17)
	at org.junit.internal.runners.statements.FailOnTimeout$StatementThread.run(FailOnTimeout.java:74)
</error>
  </testcase>
  <testcase classname="main.java.view.Menu_ESTest" name="test64" time="0.008">
    <error message="Security manager blocks (&quot;java.lang.RuntimePermission&quot; &quot;localeServiceProvider&quot;)
java.base/java.lang.Thread.getStackTrace(Thread.java:1606)
org.evosuite.runtime.sandbox.MSecurityManager.checkPermission(MSecurityManager.java:434)
java.base/java.util.spi.LocaleServiceProvider.checkPermission(LocaleServiceProvider.java:157)
java.base/java.util.spi.LocaleServiceProvider.&lt;init&gt;(LocaleServiceProvider.java:171)
java.base/java.text.spi.NumberFormatProvider.&lt;init&gt;(NumberFormatProvider.java:45)
java.base/sun.util.locale.provider.NumberFormatProviderImpl.&lt;init&gt;(NumberFormatProviderImpl.java:70)
java.base/sun.util.locale.provider.JRELocaleProviderAdapter.lambda$getNumberFormatProvider$5(JRELocaleProviderAdapter.java:239)
java.base/java.security.AccessController.doPrivileged(Native Method)
java.base/sun.util.locale.provider.JRELocaleProviderAdapter.getNumberFormatProvider(JRELocaleProviderAdapter.java:235)
java.base/sun.util.locale.provider.JRELocaleProviderAdapter.getLocaleServiceProvider(JRELocaleProviderAdapter.java:103)
java.base/sun.util.locale.provider.LocaleProviderAdapter.findAdapter(LocaleProviderAdapter.java:281)
java.base/sun.util.locale.provider.LocaleProviderAdapter.getAdapter(LocaleProviderAdapter.java:250)
java.base/java.text.NumberFormat.getInstance(NumberFormat.java:905)
java.base/java.text.NumberFormat.getNumberInstance(NumberFormat.java:515)
java.base/java.util.Scanner.useLocale(Scanner.java:1270)
java.base/java.util.Scanner.&lt;init&gt;(Scanner.java:543)
java.base/java.util.Scanner.&lt;init&gt;(Scanner.java:566)
main.java.view.Menu.simpleCarRent(Menu.java:220)
main.java.view.Menu_ESTest.test64(Menu_ESTest.java:995)
java.base/jdk.internal.reflect.NativeMethodAccessorImpl.invoke0(Native Method)
java.base/jdk.internal.reflect.NativeMethodAccessorImpl.invoke(NativeMethodAccessorImpl.java:62)
java.base/jdk.internal.reflect.DelegatingMethodAccessorImpl.invoke(DelegatingMethodAccessorImpl.java:43)
java.base/java.lang.reflect.Method.invoke(Method.java:566)
org.junit.runners.model.FrameworkMethod$1.runReflectiveCall(FrameworkMethod.java:47)
org.junit.internal.runners.model.ReflectiveCallable.run(ReflectiveCallable.java:12)
org.junit.runners.model.FrameworkMethod.invokeExplosively(FrameworkMethod.java:44)
org.junit.internal.runners.statements.InvokeMethod.evaluate(InvokeMethod.java:17)
org.junit.internal.runners.statements.FailOnTimeout$StatementThread.run(FailOnTimeout.java:74)
" type="java.lang.SecurityException">java.lang.SecurityException: Security manager blocks (&quot;java.lang.RuntimePermission&quot; &quot;localeServiceProvider&quot;)
java.base/java.lang.Thread.getStackTrace(Thread.java:1606)
org.evosuite.runtime.sandbox.MSecurityManager.checkPermission(MSecurityManager.java:434)
java.base/java.util.spi.LocaleServiceProvider.checkPermission(LocaleServiceProvider.java:157)
java.base/java.util.spi.LocaleServiceProvider.&lt;init&gt;(LocaleServiceProvider.java:171)
java.base/java.text.spi.NumberFormatProvider.&lt;init&gt;(NumberFormatProvider.java:45)
java.base/sun.util.locale.provider.NumberFormatProviderImpl.&lt;init&gt;(NumberFormatProviderImpl.java:70)
java.base/sun.util.locale.provider.JRELocaleProviderAdapter.lambda$getNumberFormatProvider$5(JRELocaleProviderAdapter.java:239)
java.base/java.security.AccessController.doPrivileged(Native Method)
java.base/sun.util.locale.provider.JRELocaleProviderAdapter.getNumberFormatProvider(JRELocaleProviderAdapter.java:235)
java.base/sun.util.locale.provider.JRELocaleProviderAdapter.getLocaleServiceProvider(JRELocaleProviderAdapter.java:103)
java.base/sun.util.locale.provider.LocaleProviderAdapter.findAdapter(LocaleProviderAdapter.java:281)
java.base/sun.util.locale.provider.LocaleProviderAdapter.getAdapter(LocaleProviderAdapter.java:250)
java.base/java.text.NumberFormat.getInstance(NumberFormat.java:905)
java.base/java.text.NumberFormat.getNumberInstance(NumberFormat.java:515)
java.base/java.util.Scanner.useLocale(Scanner.java:1270)
java.base/java.util.Scanner.&lt;init&gt;(Scanner.java:543)
java.base/java.util.Scanner.&lt;init&gt;(Scanner.java:566)
main.java.view.Menu.simpleCarRent(Menu.java:220)
main.java.view.Menu_ESTest.test64(Menu_ESTest.java:995)
java.base/jdk.internal.reflect.NativeMethodAccessorImpl.invoke0(Native Method)
java.base/jdk.internal.reflect.NativeMethodAccessorImpl.invoke(NativeMethodAccessorImpl.java:62)
java.base/jdk.internal.reflect.DelegatingMethodAccessorImpl.invoke(DelegatingMethodAccessorImpl.java:43)
java.base/java.lang.reflect.Method.invoke(Method.java:566)
org.junit.runners.model.FrameworkMethod$1.runReflectiveCall(FrameworkMethod.java:47)
org.junit.internal.runners.model.ReflectiveCallable.run(ReflectiveCallable.java:12)
org.junit.runners.model.FrameworkMethod.invokeExplosively(FrameworkMethod.java:44)
org.junit.internal.runners.statements.InvokeMethod.evaluate(InvokeMethod.java:17)
org.junit.internal.runners.statements.FailOnTimeout$StatementThread.run(FailOnTimeout.java:74)

	at org.evosuite.runtime.sandbox.MSecurityManager.checkPermission(MSecurityManager.java:452)
	at java.base/java.util.spi.LocaleServiceProvider.checkPermission(LocaleServiceProvider.java:157)
	at java.base/java.util.spi.LocaleServiceProvider.&lt;init&gt;(LocaleServiceProvider.java:171)
	at java.base/java.text.spi.NumberFormatProvider.&lt;init&gt;(NumberFormatProvider.java:45)
	at java.base/sun.util.locale.provider.NumberFormatProviderImpl.&lt;init&gt;(NumberFormatProviderImpl.java:70)
	at java.base/sun.util.locale.provider.JRELocaleProviderAdapter.lambda$getNumberFormatProvider$5(JRELocaleProviderAdapter.java:239)
	at java.base/java.security.AccessController.doPrivileged(Native Method)
	at java.base/sun.util.locale.provider.JRELocaleProviderAdapter.getNumberFormatProvider(JRELocaleProviderAdapter.java:235)
	at java.base/sun.util.locale.provider.JRELocaleProviderAdapter.getLocaleServiceProvider(JRELocaleProviderAdapter.java:103)
	at java.base/sun.util.locale.provider.LocaleProviderAdapter.findAdapter(LocaleProviderAdapter.java:281)
	at java.base/sun.util.locale.provider.LocaleProviderAdapter.getAdapter(LocaleProviderAdapter.java:250)
	at java.base/java.text.NumberFormat.getInstance(NumberFormat.java:905)
	at java.base/java.text.NumberFormat.getNumberInstance(NumberFormat.java:515)
	at java.base/java.util.Scanner.useLocale(Scanner.java:1270)
	at java.base/java.util.Scanner.&lt;init&gt;(Scanner.java:543)
	at java.base/java.util.Scanner.&lt;init&gt;(Scanner.java:566)
	at main.java.view.Menu.simpleCarRent(Menu.java:220)
	at main.java.view.Menu_ESTest.test64(Menu_ESTest.java:995)
	at java.base/jdk.internal.reflect.NativeMethodAccessorImpl.invoke0(Native Method)
	at java.base/jdk.internal.reflect.NativeMethodAccessorImpl.invoke(NativeMethodAccessorImpl.java:62)
	at java.base/jdk.internal.reflect.DelegatingMethodAccessorImpl.invoke(DelegatingMethodAccessorImpl.java:43)
	at java.base/java.lang.reflect.Method.invoke(Method.java:566)
	at org.junit.runners.model.FrameworkMethod$1.runReflectiveCall(FrameworkMethod.java:47)
	at org.junit.internal.runners.model.ReflectiveCallable.run(ReflectiveCallable.java:12)
	at org.junit.runners.model.FrameworkMethod.invokeExplosively(FrameworkMethod.java:44)
	at org.junit.internal.runners.statements.InvokeMethod.evaluate(InvokeMethod.java:17)
	at org.junit.internal.runners.statements.FailOnTimeout$StatementThread.run(FailOnTimeout.java:74)
</error>
  </testcase>
  <testcase classname="main.java.view.Menu_ESTest" name="test21" time="0.008">
    <error message="Security manager blocks (&quot;java.lang.RuntimePermission&quot; &quot;localeServiceProvider&quot;)
java.base/java.lang.Thread.getStackTrace(Thread.java:1606)
org.evosuite.runtime.sandbox.MSecurityManager.checkPermission(MSecurityManager.java:434)
java.base/java.util.spi.LocaleServiceProvider.checkPermission(LocaleServiceProvider.java:157)
java.base/java.util.spi.LocaleServiceProvider.&lt;init&gt;(LocaleServiceProvider.java:171)
java.base/java.text.spi.NumberFormatProvider.&lt;init&gt;(NumberFormatProvider.java:45)
java.base/sun.util.locale.provider.NumberFormatProviderImpl.&lt;init&gt;(NumberFormatProviderImpl.java:70)
java.base/sun.util.locale.provider.JRELocaleProviderAdapter.lambda$getNumberFormatProvider$5(JRELocaleProviderAdapter.java:239)
java.base/java.security.AccessController.doPrivileged(Native Method)
java.base/sun.util.locale.provider.JRELocaleProviderAdapter.getNumberFormatProvider(JRELocaleProviderAdapter.java:235)
java.base/sun.util.locale.provider.JRELocaleProviderAdapter.getLocaleServiceProvider(JRELocaleProviderAdapter.java:103)
java.base/sun.util.locale.provider.LocaleProviderAdapter.findAdapter(LocaleProviderAdapter.java:281)
java.base/sun.util.locale.provider.LocaleProviderAdapter.getAdapter(LocaleProviderAdapter.java:250)
java.base/java.text.NumberFormat.getInstance(NumberFormat.java:905)
java.base/java.text.NumberFormat.getNumberInstance(NumberFormat.java:515)
java.base/java.util.Scanner.useLocale(Scanner.java:1270)
java.base/java.util.Scanner.&lt;init&gt;(Scanner.java:543)
java.base/java.util.Scanner.&lt;init&gt;(Scanner.java:566)
main.java.view.Menu.simpleCarRent(Menu.java:220)
main.java.view.Menu_ESTest.test21(Menu_ESTest.java:302)
java.base/jdk.internal.reflect.NativeMethodAccessorImpl.invoke0(Native Method)
java.base/jdk.internal.reflect.NativeMethodAccessorImpl.invoke(NativeMethodAccessorImpl.java:62)
java.base/jdk.internal.reflect.DelegatingMethodAccessorImpl.invoke(DelegatingMethodAccessorImpl.java:43)
java.base/java.lang.reflect.Method.invoke(Method.java:566)
org.junit.runners.model.FrameworkMethod$1.runReflectiveCall(FrameworkMethod.java:47)
org.junit.internal.runners.model.ReflectiveCallable.run(ReflectiveCallable.java:12)
org.junit.runners.model.FrameworkMethod.invokeExplosively(FrameworkMethod.java:44)
org.junit.internal.runners.statements.InvokeMethod.evaluate(InvokeMethod.java:17)
org.junit.internal.runners.statements.FailOnTimeout$StatementThread.run(FailOnTimeout.java:74)
" type="java.lang.SecurityException">java.lang.SecurityException: Security manager blocks (&quot;java.lang.RuntimePermission&quot; &quot;localeServiceProvider&quot;)
java.base/java.lang.Thread.getStackTrace(Thread.java:1606)
org.evosuite.runtime.sandbox.MSecurityManager.checkPermission(MSecurityManager.java:434)
java.base/java.util.spi.LocaleServiceProvider.checkPermission(LocaleServiceProvider.java:157)
java.base/java.util.spi.LocaleServiceProvider.&lt;init&gt;(LocaleServiceProvider.java:171)
java.base/java.text.spi.NumberFormatProvider.&lt;init&gt;(NumberFormatProvider.java:45)
java.base/sun.util.locale.provider.NumberFormatProviderImpl.&lt;init&gt;(NumberFormatProviderImpl.java:70)
java.base/sun.util.locale.provider.JRELocaleProviderAdapter.lambda$getNumberFormatProvider$5(JRELocaleProviderAdapter.java:239)
java.base/java.security.AccessController.doPrivileged(Native Method)
java.base/sun.util.locale.provider.JRELocaleProviderAdapter.getNumberFormatProvider(JRELocaleProviderAdapter.java:235)
java.base/sun.util.locale.provider.JRELocaleProviderAdapter.getLocaleServiceProvider(JRELocaleProviderAdapter.java:103)
java.base/sun.util.locale.provider.LocaleProviderAdapter.findAdapter(LocaleProviderAdapter.java:281)
java.base/sun.util.locale.provider.LocaleProviderAdapter.getAdapter(LocaleProviderAdapter.java:250)
java.base/java.text.NumberFormat.getInstance(NumberFormat.java:905)
java.base/java.text.NumberFormat.getNumberInstance(NumberFormat.java:515)
java.base/java.util.Scanner.useLocale(Scanner.java:1270)
java.base/java.util.Scanner.&lt;init&gt;(Scanner.java:543)
java.base/java.util.Scanner.&lt;init&gt;(Scanner.java:566)
main.java.view.Menu.simpleCarRent(Menu.java:220)
main.java.view.Menu_ESTest.test21(Menu_ESTest.java:302)
java.base/jdk.internal.reflect.NativeMethodAccessorImpl.invoke0(Native Method)
java.base/jdk.internal.reflect.NativeMethodAccessorImpl.invoke(NativeMethodAccessorImpl.java:62)
java.base/jdk.internal.reflect.DelegatingMethodAccessorImpl.invoke(DelegatingMethodAccessorImpl.java:43)
java.base/java.lang.reflect.Method.invoke(Method.java:566)
org.junit.runners.model.FrameworkMethod$1.runReflectiveCall(FrameworkMethod.java:47)
org.junit.internal.runners.model.ReflectiveCallable.run(ReflectiveCallable.java:12)
org.junit.runners.model.FrameworkMethod.invokeExplosively(FrameworkMethod.java:44)
org.junit.internal.runners.statements.InvokeMethod.evaluate(InvokeMethod.java:17)
org.junit.internal.runners.statements.FailOnTimeout$StatementThread.run(FailOnTimeout.java:74)

	at org.evosuite.runtime.sandbox.MSecurityManager.checkPermission(MSecurityManager.java:452)
	at java.base/java.util.spi.LocaleServiceProvider.checkPermission(LocaleServiceProvider.java:157)
	at java.base/java.util.spi.LocaleServiceProvider.&lt;init&gt;(LocaleServiceProvider.java:171)
	at java.base/java.text.spi.NumberFormatProvider.&lt;init&gt;(NumberFormatProvider.java:45)
	at java.base/sun.util.locale.provider.NumberFormatProviderImpl.&lt;init&gt;(NumberFormatProviderImpl.java:70)
	at java.base/sun.util.locale.provider.JRELocaleProviderAdapter.lambda$getNumberFormatProvider$5(JRELocaleProviderAdapter.java:239)
	at java.base/java.security.AccessController.doPrivileged(Native Method)
	at java.base/sun.util.locale.provider.JRELocaleProviderAdapter.getNumberFormatProvider(JRELocaleProviderAdapter.java:235)
	at java.base/sun.util.locale.provider.JRELocaleProviderAdapter.getLocaleServiceProvider(JRELocaleProviderAdapter.java:103)
	at java.base/sun.util.locale.provider.LocaleProviderAdapter.findAdapter(LocaleProviderAdapter.java:281)
	at java.base/sun.util.locale.provider.LocaleProviderAdapter.getAdapter(LocaleProviderAdapter.java:250)
	at java.base/java.text.NumberFormat.getInstance(NumberFormat.java:905)
	at java.base/java.text.NumberFormat.getNumberInstance(NumberFormat.java:515)
	at java.base/java.util.Scanner.useLocale(Scanner.java:1270)
	at java.base/java.util.Scanner.&lt;init&gt;(Scanner.java:543)
	at java.base/java.util.Scanner.&lt;init&gt;(Scanner.java:566)
	at main.java.view.Menu.simpleCarRent(Menu.java:220)
	at main.java.view.Menu_ESTest.test21(Menu_ESTest.java:302)
	at java.base/jdk.internal.reflect.NativeMethodAccessorImpl.invoke0(Native Method)
	at java.base/jdk.internal.reflect.NativeMethodAccessorImpl.invoke(NativeMethodAccessorImpl.java:62)
	at java.base/jdk.internal.reflect.DelegatingMethodAccessorImpl.invoke(DelegatingMethodAccessorImpl.java:43)
	at java.base/java.lang.reflect.Method.invoke(Method.java:566)
	at org.junit.runners.model.FrameworkMethod$1.runReflectiveCall(FrameworkMethod.java:47)
	at org.junit.internal.runners.model.ReflectiveCallable.run(ReflectiveCallable.java:12)
	at org.junit.runners.model.FrameworkMethod.invokeExplosively(FrameworkMethod.java:44)
	at org.junit.internal.runners.statements.InvokeMethod.evaluate(InvokeMethod.java:17)
	at org.junit.internal.runners.statements.FailOnTimeout$StatementThread.run(FailOnTimeout.java:74)
</error>
  </testcase>
  <testcase classname="main.java.view.Menu_ESTest" name="test65" time="0.009">
    <error message="Security manager blocks (&quot;java.lang.RuntimePermission&quot; &quot;localeServiceProvider&quot;)
java.base/java.lang.Thread.getStackTrace(Thread.java:1606)
org.evosuite.runtime.sandbox.MSecurityManager.checkPermission(MSecurityManager.java:434)
java.base/java.util.spi.LocaleServiceProvider.checkPermission(LocaleServiceProvider.java:157)
java.base/java.util.spi.LocaleServiceProvider.&lt;init&gt;(LocaleServiceProvider.java:171)
java.base/java.text.spi.NumberFormatProvider.&lt;init&gt;(NumberFormatProvider.java:45)
java.base/sun.util.locale.provider.NumberFormatProviderImpl.&lt;init&gt;(NumberFormatProviderImpl.java:70)
java.base/sun.util.locale.provider.JRELocaleProviderAdapter.lambda$getNumberFormatProvider$5(JRELocaleProviderAdapter.java:239)
java.base/java.security.AccessController.doPrivileged(Native Method)
java.base/sun.util.locale.provider.JRELocaleProviderAdapter.getNumberFormatProvider(JRELocaleProviderAdapter.java:235)
java.base/sun.util.locale.provider.JRELocaleProviderAdapter.getLocaleServiceProvider(JRELocaleProviderAdapter.java:103)
java.base/sun.util.locale.provider.LocaleProviderAdapter.findAdapter(LocaleProviderAdapter.java:281)
java.base/sun.util.locale.provider.LocaleProviderAdapter.getAdapter(LocaleProviderAdapter.java:250)
java.base/java.text.NumberFormat.getInstance(NumberFormat.java:905)
java.base/java.text.NumberFormat.getNumberInstance(NumberFormat.java:515)
java.base/java.util.Scanner.useLocale(Scanner.java:1270)
java.base/java.util.Scanner.&lt;init&gt;(Scanner.java:543)
java.base/java.util.Scanner.&lt;init&gt;(Scanner.java:566)
main.java.view.Menu.autonomyCarRent(Menu.java:139)
main.java.view.Menu_ESTest.test65(Menu_ESTest.java:1011)
java.base/jdk.internal.reflect.NativeMethodAccessorImpl.invoke0(Native Method)
java.base/jdk.internal.reflect.NativeMethodAccessorImpl.invoke(NativeMethodAccessorImpl.java:62)
java.base/jdk.internal.reflect.DelegatingMethodAccessorImpl.invoke(DelegatingMethodAccessorImpl.java:43)
java.base/java.lang.reflect.Method.invoke(Method.java:566)
org.junit.runners.model.FrameworkMethod$1.runReflectiveCall(FrameworkMethod.java:47)
org.junit.internal.runners.model.ReflectiveCallable.run(ReflectiveCallable.java:12)
org.junit.runners.model.FrameworkMethod.invokeExplosively(FrameworkMethod.java:44)
org.junit.internal.runners.statements.InvokeMethod.evaluate(InvokeMethod.java:17)
org.junit.internal.runners.statements.FailOnTimeout$StatementThread.run(FailOnTimeout.java:74)
" type="java.lang.SecurityException">java.lang.SecurityException: Security manager blocks (&quot;java.lang.RuntimePermission&quot; &quot;localeServiceProvider&quot;)
java.base/java.lang.Thread.getStackTrace(Thread.java:1606)
org.evosuite.runtime.sandbox.MSecurityManager.checkPermission(MSecurityManager.java:434)
java.base/java.util.spi.LocaleServiceProvider.checkPermission(LocaleServiceProvider.java:157)
java.base/java.util.spi.LocaleServiceProvider.&lt;init&gt;(LocaleServiceProvider.java:171)
java.base/java.text.spi.NumberFormatProvider.&lt;init&gt;(NumberFormatProvider.java:45)
java.base/sun.util.locale.provider.NumberFormatProviderImpl.&lt;init&gt;(NumberFormatProviderImpl.java:70)
java.base/sun.util.locale.provider.JRELocaleProviderAdapter.lambda$getNumberFormatProvider$5(JRELocaleProviderAdapter.java:239)
java.base/java.security.AccessController.doPrivileged(Native Method)
java.base/sun.util.locale.provider.JRELocaleProviderAdapter.getNumberFormatProvider(JRELocaleProviderAdapter.java:235)
java.base/sun.util.locale.provider.JRELocaleProviderAdapter.getLocaleServiceProvider(JRELocaleProviderAdapter.java:103)
java.base/sun.util.locale.provider.LocaleProviderAdapter.findAdapter(LocaleProviderAdapter.java:281)
java.base/sun.util.locale.provider.LocaleProviderAdapter.getAdapter(LocaleProviderAdapter.java:250)
java.base/java.text.NumberFormat.getInstance(NumberFormat.java:905)
java.base/java.text.NumberFormat.getNumberInstance(NumberFormat.java:515)
java.base/java.util.Scanner.useLocale(Scanner.java:1270)
java.base/java.util.Scanner.&lt;init&gt;(Scanner.java:543)
java.base/java.util.Scanner.&lt;init&gt;(Scanner.java:566)
main.java.view.Menu.autonomyCarRent(Menu.java:139)
main.java.view.Menu_ESTest.test65(Menu_ESTest.java:1011)
java.base/jdk.internal.reflect.NativeMethodAccessorImpl.invoke0(Native Method)
java.base/jdk.internal.reflect.NativeMethodAccessorImpl.invoke(NativeMethodAccessorImpl.java:62)
java.base/jdk.internal.reflect.DelegatingMethodAccessorImpl.invoke(DelegatingMethodAccessorImpl.java:43)
java.base/java.lang.reflect.Method.invoke(Method.java:566)
org.junit.runners.model.FrameworkMethod$1.runReflectiveCall(FrameworkMethod.java:47)
org.junit.internal.runners.model.ReflectiveCallable.run(ReflectiveCallable.java:12)
org.junit.runners.model.FrameworkMethod.invokeExplosively(FrameworkMethod.java:44)
org.junit.internal.runners.statements.InvokeMethod.evaluate(InvokeMethod.java:17)
org.junit.internal.runners.statements.FailOnTimeout$StatementThread.run(FailOnTimeout.java:74)

	at org.evosuite.runtime.sandbox.MSecurityManager.checkPermission(MSecurityManager.java:452)
	at java.base/java.util.spi.LocaleServiceProvider.checkPermission(LocaleServiceProvider.java:157)
	at java.base/java.util.spi.LocaleServiceProvider.&lt;init&gt;(LocaleServiceProvider.java:171)
	at java.base/java.text.spi.NumberFormatProvider.&lt;init&gt;(NumberFormatProvider.java:45)
	at java.base/sun.util.locale.provider.NumberFormatProviderImpl.&lt;init&gt;(NumberFormatProviderImpl.java:70)
	at java.base/sun.util.locale.provider.JRELocaleProviderAdapter.lambda$getNumberFormatProvider$5(JRELocaleProviderAdapter.java:239)
	at java.base/java.security.AccessController.doPrivileged(Native Method)
	at java.base/sun.util.locale.provider.JRELocaleProviderAdapter.getNumberFormatProvider(JRELocaleProviderAdapter.java:235)
	at java.base/sun.util.locale.provider.JRELocaleProviderAdapter.getLocaleServiceProvider(JRELocaleProviderAdapter.java:103)
	at java.base/sun.util.locale.provider.LocaleProviderAdapter.findAdapter(LocaleProviderAdapter.java:281)
	at java.base/sun.util.locale.provider.LocaleProviderAdapter.getAdapter(LocaleProviderAdapter.java:250)
	at java.base/java.text.NumberFormat.getInstance(NumberFormat.java:905)
	at java.base/java.text.NumberFormat.getNumberInstance(NumberFormat.java:515)
	at java.base/java.util.Scanner.useLocale(Scanner.java:1270)
	at java.base/java.util.Scanner.&lt;init&gt;(Scanner.java:543)
	at java.base/java.util.Scanner.&lt;init&gt;(Scanner.java:566)
	at main.java.view.Menu.autonomyCarRent(Menu.java:139)
	at main.java.view.Menu_ESTest.test65(Menu_ESTest.java:1011)
	at java.base/jdk.internal.reflect.NativeMethodAccessorImpl.invoke0(Native Method)
	at java.base/jdk.internal.reflect.NativeMethodAccessorImpl.invoke(NativeMethodAccessorImpl.java:62)
	at java.base/jdk.internal.reflect.DelegatingMethodAccessorImpl.invoke(DelegatingMethodAccessorImpl.java:43)
	at java.base/java.lang.reflect.Method.invoke(Method.java:566)
	at org.junit.runners.model.FrameworkMethod$1.runReflectiveCall(FrameworkMethod.java:47)
	at org.junit.internal.runners.model.ReflectiveCallable.run(ReflectiveCallable.java:12)
	at org.junit.runners.model.FrameworkMethod.invokeExplosively(FrameworkMethod.java:44)
	at org.junit.internal.runners.statements.InvokeMethod.evaluate(InvokeMethod.java:17)
	at org.junit.internal.runners.statements.FailOnTimeout$StatementThread.run(FailOnTimeout.java:74)
</error>
  </testcase>
  <testcase classname="main.java.view.Menu_ESTest" name="test22" time="0.016">
    <error message="Security manager blocks (&quot;java.lang.RuntimePermission&quot; &quot;localeServiceProvider&quot;)
java.base/java.lang.Thread.getStackTrace(Thread.java:1606)
org.evosuite.runtime.sandbox.MSecurityManager.checkPermission(MSecurityManager.java:434)
java.base/java.util.spi.LocaleServiceProvider.checkPermission(LocaleServiceProvider.java:157)
java.base/java.util.spi.LocaleServiceProvider.&lt;init&gt;(LocaleServiceProvider.java:171)
java.base/java.text.spi.NumberFormatProvider.&lt;init&gt;(NumberFormatProvider.java:45)
java.base/sun.util.locale.provider.NumberFormatProviderImpl.&lt;init&gt;(NumberFormatProviderImpl.java:70)
java.base/sun.util.locale.provider.JRELocaleProviderAdapter.lambda$getNumberFormatProvider$5(JRELocaleProviderAdapter.java:239)
java.base/java.security.AccessController.doPrivileged(Native Method)
java.base/sun.util.locale.provider.JRELocaleProviderAdapter.getNumberFormatProvider(JRELocaleProviderAdapter.java:235)
java.base/sun.util.locale.provider.JRELocaleProviderAdapter.getLocaleServiceProvider(JRELocaleProviderAdapter.java:103)
java.base/sun.util.locale.provider.LocaleProviderAdapter.findAdapter(LocaleProviderAdapter.java:281)
java.base/sun.util.locale.provider.LocaleProviderAdapter.getAdapter(LocaleProviderAdapter.java:250)
java.base/java.text.NumberFormat.getInstance(NumberFormat.java:905)
java.base/java.text.NumberFormat.getNumberInstance(NumberFormat.java:515)
java.base/java.util.Scanner.useLocale(Scanner.java:1270)
java.base/java.util.Scanner.&lt;init&gt;(Scanner.java:543)
java.base/java.util.Scanner.&lt;init&gt;(Scanner.java:566)
main.java.view.Menu.showRentalRate(Menu.java:83)
main.java.view.Menu_ESTest.test22(Menu_ESTest.java:319)
java.base/jdk.internal.reflect.NativeMethodAccessorImpl.invoke0(Native Method)
java.base/jdk.internal.reflect.NativeMethodAccessorImpl.invoke(NativeMethodAccessorImpl.java:62)
java.base/jdk.internal.reflect.DelegatingMethodAccessorImpl.invoke(DelegatingMethodAccessorImpl.java:43)
java.base/java.lang.reflect.Method.invoke(Method.java:566)
org.junit.runners.model.FrameworkMethod$1.runReflectiveCall(FrameworkMethod.java:47)
org.junit.internal.runners.model.ReflectiveCallable.run(ReflectiveCallable.java:12)
org.junit.runners.model.FrameworkMethod.invokeExplosively(FrameworkMethod.java:44)
org.junit.internal.runners.statements.InvokeMethod.evaluate(InvokeMethod.java:17)
org.junit.internal.runners.statements.FailOnTimeout$StatementThread.run(FailOnTimeout.java:74)
" type="java.lang.SecurityException">java.lang.SecurityException: Security manager blocks (&quot;java.lang.RuntimePermission&quot; &quot;localeServiceProvider&quot;)
java.base/java.lang.Thread.getStackTrace(Thread.java:1606)
org.evosuite.runtime.sandbox.MSecurityManager.checkPermission(MSecurityManager.java:434)
java.base/java.util.spi.LocaleServiceProvider.checkPermission(LocaleServiceProvider.java:157)
java.base/java.util.spi.LocaleServiceProvider.&lt;init&gt;(LocaleServiceProvider.java:171)
java.base/java.text.spi.NumberFormatProvider.&lt;init&gt;(NumberFormatProvider.java:45)
java.base/sun.util.locale.provider.NumberFormatProviderImpl.&lt;init&gt;(NumberFormatProviderImpl.java:70)
java.base/sun.util.locale.provider.JRELocaleProviderAdapter.lambda$getNumberFormatProvider$5(JRELocaleProviderAdapter.java:239)
java.base/java.security.AccessController.doPrivileged(Native Method)
java.base/sun.util.locale.provider.JRELocaleProviderAdapter.getNumberFormatProvider(JRELocaleProviderAdapter.java:235)
java.base/sun.util.locale.provider.JRELocaleProviderAdapter.getLocaleServiceProvider(JRELocaleProviderAdapter.java:103)
java.base/sun.util.locale.provider.LocaleProviderAdapter.findAdapter(LocaleProviderAdapter.java:281)
java.base/sun.util.locale.provider.LocaleProviderAdapter.getAdapter(LocaleProviderAdapter.java:250)
java.base/java.text.NumberFormat.getInstance(NumberFormat.java:905)
java.base/java.text.NumberFormat.getNumberInstance(NumberFormat.java:515)
java.base/java.util.Scanner.useLocale(Scanner.java:1270)
java.base/java.util.Scanner.&lt;init&gt;(Scanner.java:543)
java.base/java.util.Scanner.&lt;init&gt;(Scanner.java:566)
main.java.view.Menu.showRentalRate(Menu.java:83)
main.java.view.Menu_ESTest.test22(Menu_ESTest.java:319)
java.base/jdk.internal.reflect.NativeMethodAccessorImpl.invoke0(Native Method)
java.base/jdk.internal.reflect.NativeMethodAccessorImpl.invoke(NativeMethodAccessorImpl.java:62)
java.base/jdk.internal.reflect.DelegatingMethodAccessorImpl.invoke(DelegatingMethodAccessorImpl.java:43)
java.base/java.lang.reflect.Method.invoke(Method.java:566)
org.junit.runners.model.FrameworkMethod$1.runReflectiveCall(FrameworkMethod.java:47)
org.junit.internal.runners.model.ReflectiveCallable.run(ReflectiveCallable.java:12)
org.junit.runners.model.FrameworkMethod.invokeExplosively(FrameworkMethod.java:44)
org.junit.internal.runners.statements.InvokeMethod.evaluate(InvokeMethod.java:17)
org.junit.internal.runners.statements.FailOnTimeout$StatementThread.run(FailOnTimeout.java:74)

	at org.evosuite.runtime.sandbox.MSecurityManager.checkPermission(MSecurityManager.java:452)
	at java.base/java.util.spi.LocaleServiceProvider.checkPermission(LocaleServiceProvider.java:157)
	at java.base/java.util.spi.LocaleServiceProvider.&lt;init&gt;(LocaleServiceProvider.java:171)
	at java.base/java.text.spi.NumberFormatProvider.&lt;init&gt;(NumberFormatProvider.java:45)
	at java.base/sun.util.locale.provider.NumberFormatProviderImpl.&lt;init&gt;(NumberFormatProviderImpl.java:70)
	at java.base/sun.util.locale.provider.JRELocaleProviderAdapter.lambda$getNumberFormatProvider$5(JRELocaleProviderAdapter.java:239)
	at java.base/java.security.AccessController.doPrivileged(Native Method)
	at java.base/sun.util.locale.provider.JRELocaleProviderAdapter.getNumberFormatProvider(JRELocaleProviderAdapter.java:235)
	at java.base/sun.util.locale.provider.JRELocaleProviderAdapter.getLocaleServiceProvider(JRELocaleProviderAdapter.java:103)
	at java.base/sun.util.locale.provider.LocaleProviderAdapter.findAdapter(LocaleProviderAdapter.java:281)
	at java.base/sun.util.locale.provider.LocaleProviderAdapter.getAdapter(LocaleProviderAdapter.java:250)
	at java.base/java.text.NumberFormat.getInstance(NumberFormat.java:905)
	at java.base/java.text.NumberFormat.getNumberInstance(NumberFormat.java:515)
	at java.base/java.util.Scanner.useLocale(Scanner.java:1270)
	at java.base/java.util.Scanner.&lt;init&gt;(Scanner.java:543)
	at java.base/java.util.Scanner.&lt;init&gt;(Scanner.java:566)
	at main.java.view.Menu.showRentalRate(Menu.java:83)
	at main.java.view.Menu_ESTest.test22(Menu_ESTest.java:319)
	at java.base/jdk.internal.reflect.NativeMethodAccessorImpl.invoke0(Native Method)
	at java.base/jdk.internal.reflect.NativeMethodAccessorImpl.invoke(NativeMethodAccessorImpl.java:62)
	at java.base/jdk.internal.reflect.DelegatingMethodAccessorImpl.invoke(DelegatingMethodAccessorImpl.java:43)
	at java.base/java.lang.reflect.Method.invoke(Method.java:566)
	at org.junit.runners.model.FrameworkMethod$1.runReflectiveCall(FrameworkMethod.java:47)
	at org.junit.internal.runners.model.ReflectiveCallable.run(ReflectiveCallable.java:12)
	at org.junit.runners.model.FrameworkMethod.invokeExplosively(FrameworkMethod.java:44)
	at org.junit.internal.runners.statements.InvokeMethod.evaluate(InvokeMethod.java:17)
	at org.junit.internal.runners.statements.FailOnTimeout$StatementThread.run(FailOnTimeout.java:74)
</error>
  </testcase>
  <testcase classname="main.java.view.Menu_ESTest" name="test66" time="0.009">
    <error message="Security manager blocks (&quot;java.lang.RuntimePermission&quot; &quot;localeServiceProvider&quot;)
java.base/java.lang.Thread.getStackTrace(Thread.java:1606)
org.evosuite.runtime.sandbox.MSecurityManager.checkPermission(MSecurityManager.java:434)
java.base/java.util.spi.LocaleServiceProvider.checkPermission(LocaleServiceProvider.java:157)
java.base/java.util.spi.LocaleServiceProvider.&lt;init&gt;(LocaleServiceProvider.java:171)
java.base/java.text.spi.NumberFormatProvider.&lt;init&gt;(NumberFormatProvider.java:45)
java.base/sun.util.locale.provider.NumberFormatProviderImpl.&lt;init&gt;(NumberFormatProviderImpl.java:70)
java.base/sun.util.locale.provider.JRELocaleProviderAdapter.lambda$getNumberFormatProvider$5(JRELocaleProviderAdapter.java:239)
java.base/java.security.AccessController.doPrivileged(Native Method)
java.base/sun.util.locale.provider.JRELocaleProviderAdapter.getNumberFormatProvider(JRELocaleProviderAdapter.java:235)
java.base/sun.util.locale.provider.JRELocaleProviderAdapter.getLocaleServiceProvider(JRELocaleProviderAdapter.java:103)
java.base/sun.util.locale.provider.LocaleProviderAdapter.findAdapter(LocaleProviderAdapter.java:281)
java.base/sun.util.locale.provider.LocaleProviderAdapter.getAdapter(LocaleProviderAdapter.java:250)
java.base/java.text.NumberFormat.getInstance(NumberFormat.java:905)
java.base/java.text.NumberFormat.getNumberInstance(NumberFormat.java:515)
java.base/java.util.Scanner.useLocale(Scanner.java:1270)
java.base/java.util.Scanner.&lt;init&gt;(Scanner.java:543)
java.base/java.util.Scanner.&lt;init&gt;(Scanner.java:566)
main.java.view.Menu.showString(Menu.java:73)
main.java.view.Menu_ESTest.test66(Menu_ESTest.java:1027)
java.base/jdk.internal.reflect.NativeMethodAccessorImpl.invoke0(Native Method)
java.base/jdk.internal.reflect.NativeMethodAccessorImpl.invoke(NativeMethodAccessorImpl.java:62)
java.base/jdk.internal.reflect.DelegatingMethodAccessorImpl.invoke(DelegatingMethodAccessorImpl.java:43)
java.base/java.lang.reflect.Method.invoke(Method.java:566)
org.junit.runners.model.FrameworkMethod$1.runReflectiveCall(FrameworkMethod.java:47)
org.junit.internal.runners.model.ReflectiveCallable.run(ReflectiveCallable.java:12)
org.junit.runners.model.FrameworkMethod.invokeExplosively(FrameworkMethod.java:44)
org.junit.internal.runners.statements.InvokeMethod.evaluate(InvokeMethod.java:17)
org.junit.internal.runners.statements.FailOnTimeout$StatementThread.run(FailOnTimeout.java:74)
" type="java.lang.SecurityException">java.lang.SecurityException: Security manager blocks (&quot;java.lang.RuntimePermission&quot; &quot;localeServiceProvider&quot;)
java.base/java.lang.Thread.getStackTrace(Thread.java:1606)
org.evosuite.runtime.sandbox.MSecurityManager.checkPermission(MSecurityManager.java:434)
java.base/java.util.spi.LocaleServiceProvider.checkPermission(LocaleServiceProvider.java:157)
java.base/java.util.spi.LocaleServiceProvider.&lt;init&gt;(LocaleServiceProvider.java:171)
java.base/java.text.spi.NumberFormatProvider.&lt;init&gt;(NumberFormatProvider.java:45)
java.base/sun.util.locale.provider.NumberFormatProviderImpl.&lt;init&gt;(NumberFormatProviderImpl.java:70)
java.base/sun.util.locale.provider.JRELocaleProviderAdapter.lambda$getNumberFormatProvider$5(JRELocaleProviderAdapter.java:239)
java.base/java.security.AccessController.doPrivileged(Native Method)
java.base/sun.util.locale.provider.JRELocaleProviderAdapter.getNumberFormatProvider(JRELocaleProviderAdapter.java:235)
java.base/sun.util.locale.provider.JRELocaleProviderAdapter.getLocaleServiceProvider(JRELocaleProviderAdapter.java:103)
java.base/sun.util.locale.provider.LocaleProviderAdapter.findAdapter(LocaleProviderAdapter.java:281)
java.base/sun.util.locale.provider.LocaleProviderAdapter.getAdapter(LocaleProviderAdapter.java:250)
java.base/java.text.NumberFormat.getInstance(NumberFormat.java:905)
java.base/java.text.NumberFormat.getNumberInstance(NumberFormat.java:515)
java.base/java.util.Scanner.useLocale(Scanner.java:1270)
java.base/java.util.Scanner.&lt;init&gt;(Scanner.java:543)
java.base/java.util.Scanner.&lt;init&gt;(Scanner.java:566)
main.java.view.Menu.showString(Menu.java:73)
main.java.view.Menu_ESTest.test66(Menu_ESTest.java:1027)
java.base/jdk.internal.reflect.NativeMethodAccessorImpl.invoke0(Native Method)
java.base/jdk.internal.reflect.NativeMethodAccessorImpl.invoke(NativeMethodAccessorImpl.java:62)
java.base/jdk.internal.reflect.DelegatingMethodAccessorImpl.invoke(DelegatingMethodAccessorImpl.java:43)
java.base/java.lang.reflect.Method.invoke(Method.java:566)
org.junit.runners.model.FrameworkMethod$1.runReflectiveCall(FrameworkMethod.java:47)
org.junit.internal.runners.model.ReflectiveCallable.run(ReflectiveCallable.java:12)
org.junit.runners.model.FrameworkMethod.invokeExplosively(FrameworkMethod.java:44)
org.junit.internal.runners.statements.InvokeMethod.evaluate(InvokeMethod.java:17)
org.junit.internal.runners.statements.FailOnTimeout$StatementThread.run(FailOnTimeout.java:74)

	at org.evosuite.runtime.sandbox.MSecurityManager.checkPermission(MSecurityManager.java:452)
	at java.base/java.util.spi.LocaleServiceProvider.checkPermission(LocaleServiceProvider.java:157)
	at java.base/java.util.spi.LocaleServiceProvider.&lt;init&gt;(LocaleServiceProvider.java:171)
	at java.base/java.text.spi.NumberFormatProvider.&lt;init&gt;(NumberFormatProvider.java:45)
	at java.base/sun.util.locale.provider.NumberFormatProviderImpl.&lt;init&gt;(NumberFormatProviderImpl.java:70)
	at java.base/sun.util.locale.provider.JRELocaleProviderAdapter.lambda$getNumberFormatProvider$5(JRELocaleProviderAdapter.java:239)
	at java.base/java.security.AccessController.doPrivileged(Native Method)
	at java.base/sun.util.locale.provider.JRELocaleProviderAdapter.getNumberFormatProvider(JRELocaleProviderAdapter.java:235)
	at java.base/sun.util.locale.provider.JRELocaleProviderAdapter.getLocaleServiceProvider(JRELocaleProviderAdapter.java:103)
	at java.base/sun.util.locale.provider.LocaleProviderAdapter.findAdapter(LocaleProviderAdapter.java:281)
	at java.base/sun.util.locale.provider.LocaleProviderAdapter.getAdapter(LocaleProviderAdapter.java:250)
	at java.base/java.text.NumberFormat.getInstance(NumberFormat.java:905)
	at java.base/java.text.NumberFormat.getNumberInstance(NumberFormat.java:515)
	at java.base/java.util.Scanner.useLocale(Scanner.java:1270)
	at java.base/java.util.Scanner.&lt;init&gt;(Scanner.java:543)
	at java.base/java.util.Scanner.&lt;init&gt;(Scanner.java:566)
	at main.java.view.Menu.showString(Menu.java:73)
	at main.java.view.Menu_ESTest.test66(Menu_ESTest.java:1027)
	at java.base/jdk.internal.reflect.NativeMethodAccessorImpl.invoke0(Native Method)
	at java.base/jdk.internal.reflect.NativeMethodAccessorImpl.invoke(NativeMethodAccessorImpl.java:62)
	at java.base/jdk.internal.reflect.DelegatingMethodAccessorImpl.invoke(DelegatingMethodAccessorImpl.java:43)
	at java.base/java.lang.reflect.Method.invoke(Method.java:566)
	at org.junit.runners.model.FrameworkMethod$1.runReflectiveCall(FrameworkMethod.java:47)
	at org.junit.internal.runners.model.ReflectiveCallable.run(ReflectiveCallable.java:12)
	at org.junit.runners.model.FrameworkMethod.invokeExplosively(FrameworkMethod.java:44)
	at org.junit.internal.runners.statements.InvokeMethod.evaluate(InvokeMethod.java:17)
	at org.junit.internal.runners.statements.FailOnTimeout$StatementThread.run(FailOnTimeout.java:74)
</error>
  </testcase>
  <testcase classname="main.java.view.Menu_ESTest" name="test23" time="0.005"/>
  <testcase classname="main.java.view.Menu_ESTest" name="test67" time="0.007">
    <error message="Could not initialize class java.util.logging.LogRecord$CallerFinder" type="java.lang.NoClassDefFoundError">java.lang.NoClassDefFoundError: Could not initialize class java.util.logging.LogRecord$CallerFinder
	at java.logging/java.util.logging.LogRecord.inferCaller(LogRecord.java:683)
	at java.logging/java.util.logging.LogRecord.getSourceClassName(LogRecord.java:352)
	at java.logging/java.util.logging.SimpleFormatter.format(SimpleFormatter.java:160)
	at java.logging/java.util.logging.StreamHandler.publish(StreamHandler.java:199)
	at java.logging/java.util.logging.ConsoleHandler.publish(ConsoleHandler.java:95)
	at java.logging/java.util.logging.Logger.log(Logger.java:979)
	at java.logging/java.util.logging.Logger.doLog(Logger.java:1006)
	at java.logging/java.util.logging.Logger.log(Logger.java:1029)
	at java.logging/java.util.logging.Logger.info(Logger.java:1802)
	at main.java.view.Menu.displayMenuHeader(Menu.java:413)
	at main.java.view.Menu.top10ClientsShow(Menu.java:197)
	at main.java.view.Menu_ESTest.test67(Menu_ESTest.java:1044)
	at java.base/jdk.internal.reflect.NativeMethodAccessorImpl.invoke0(Native Method)
	at java.base/jdk.internal.reflect.NativeMethodAccessorImpl.invoke(NativeMethodAccessorImpl.java:62)
	at java.base/jdk.internal.reflect.DelegatingMethodAccessorImpl.invoke(DelegatingMethodAccessorImpl.java:43)
	at java.base/java.lang.reflect.Method.invoke(Method.java:566)
	at org.junit.runners.model.FrameworkMethod$1.runReflectiveCall(FrameworkMethod.java:47)
	at org.junit.internal.runners.model.ReflectiveCallable.run(ReflectiveCallable.java:12)
	at org.junit.runners.model.FrameworkMethod.invokeExplosively(FrameworkMethod.java:44)
	at org.junit.internal.runners.statements.InvokeMethod.evaluate(InvokeMethod.java:17)
	at org.junit.internal.runners.statements.FailOnTimeout$StatementThread.run(FailOnTimeout.java:74)
</error>
  </testcase>
  <testcase classname="main.java.view.Menu_ESTest" name="test24" time="0.009">
    <error message="Security manager blocks (&quot;java.lang.RuntimePermission&quot; &quot;localeServiceProvider&quot;)
java.base/java.lang.Thread.getStackTrace(Thread.java:1606)
org.evosuite.runtime.sandbox.MSecurityManager.checkPermission(MSecurityManager.java:434)
java.base/java.util.spi.LocaleServiceProvider.checkPermission(LocaleServiceProvider.java:157)
java.base/java.util.spi.LocaleServiceProvider.&lt;init&gt;(LocaleServiceProvider.java:171)
java.base/java.text.spi.NumberFormatProvider.&lt;init&gt;(NumberFormatProvider.java:45)
java.base/sun.util.locale.provider.NumberFormatProviderImpl.&lt;init&gt;(NumberFormatProviderImpl.java:70)
java.base/sun.util.locale.provider.JRELocaleProviderAdapter.lambda$getNumberFormatProvider$5(JRELocaleProviderAdapter.java:239)
java.base/java.security.AccessController.doPrivileged(Native Method)
java.base/sun.util.locale.provider.JRELocaleProviderAdapter.getNumberFormatProvider(JRELocaleProviderAdapter.java:235)
java.base/sun.util.locale.provider.JRELocaleProviderAdapter.getLocaleServiceProvider(JRELocaleProviderAdapter.java:103)
java.base/sun.util.locale.provider.LocaleProviderAdapter.findAdapter(LocaleProviderAdapter.java:281)
java.base/sun.util.locale.provider.LocaleProviderAdapter.getAdapter(LocaleProviderAdapter.java:250)
java.base/java.text.NumberFormat.getInstance(NumberFormat.java:905)
java.base/java.text.NumberFormat.getNumberInstance(NumberFormat.java:515)
java.base/java.util.Scanner.useLocale(Scanner.java:1270)
java.base/java.util.Scanner.&lt;init&gt;(Scanner.java:543)
java.base/java.util.Scanner.&lt;init&gt;(Scanner.java:566)
main.java.view.Menu.reviewRentShow(Menu.java:171)
main.java.view.Menu_ESTest.test24(Menu_ESTest.java:352)
java.base/jdk.internal.reflect.NativeMethodAccessorImpl.invoke0(Native Method)
java.base/jdk.internal.reflect.NativeMethodAccessorImpl.invoke(NativeMethodAccessorImpl.java:62)
java.base/jdk.internal.reflect.DelegatingMethodAccessorImpl.invoke(DelegatingMethodAccessorImpl.java:43)
java.base/java.lang.reflect.Method.invoke(Method.java:566)
org.junit.runners.model.FrameworkMethod$1.runReflectiveCall(FrameworkMethod.java:47)
org.junit.internal.runners.model.ReflectiveCallable.run(ReflectiveCallable.java:12)
org.junit.runners.model.FrameworkMethod.invokeExplosively(FrameworkMethod.java:44)
org.junit.internal.runners.statements.InvokeMethod.evaluate(InvokeMethod.java:17)
org.junit.internal.runners.statements.FailOnTimeout$StatementThread.run(FailOnTimeout.java:74)
" type="java.lang.SecurityException">java.lang.SecurityException: Security manager blocks (&quot;java.lang.RuntimePermission&quot; &quot;localeServiceProvider&quot;)
java.base/java.lang.Thread.getStackTrace(Thread.java:1606)
org.evosuite.runtime.sandbox.MSecurityManager.checkPermission(MSecurityManager.java:434)
java.base/java.util.spi.LocaleServiceProvider.checkPermission(LocaleServiceProvider.java:157)
java.base/java.util.spi.LocaleServiceProvider.&lt;init&gt;(LocaleServiceProvider.java:171)
java.base/java.text.spi.NumberFormatProvider.&lt;init&gt;(NumberFormatProvider.java:45)
java.base/sun.util.locale.provider.NumberFormatProviderImpl.&lt;init&gt;(NumberFormatProviderImpl.java:70)
java.base/sun.util.locale.provider.JRELocaleProviderAdapter.lambda$getNumberFormatProvider$5(JRELocaleProviderAdapter.java:239)
java.base/java.security.AccessController.doPrivileged(Native Method)
java.base/sun.util.locale.provider.JRELocaleProviderAdapter.getNumberFormatProvider(JRELocaleProviderAdapter.java:235)
java.base/sun.util.locale.provider.JRELocaleProviderAdapter.getLocaleServiceProvider(JRELocaleProviderAdapter.java:103)
java.base/sun.util.locale.provider.LocaleProviderAdapter.findAdapter(LocaleProviderAdapter.java:281)
java.base/sun.util.locale.provider.LocaleProviderAdapter.getAdapter(LocaleProviderAdapter.java:250)
java.base/java.text.NumberFormat.getInstance(NumberFormat.java:905)
java.base/java.text.NumberFormat.getNumberInstance(NumberFormat.java:515)
java.base/java.util.Scanner.useLocale(Scanner.java:1270)
java.base/java.util.Scanner.&lt;init&gt;(Scanner.java:543)
java.base/java.util.Scanner.&lt;init&gt;(Scanner.java:566)
main.java.view.Menu.reviewRentShow(Menu.java:171)
main.java.view.Menu_ESTest.test24(Menu_ESTest.java:352)
java.base/jdk.internal.reflect.NativeMethodAccessorImpl.invoke0(Native Method)
java.base/jdk.internal.reflect.NativeMethodAccessorImpl.invoke(NativeMethodAccessorImpl.java:62)
java.base/jdk.internal.reflect.DelegatingMethodAccessorImpl.invoke(DelegatingMethodAccessorImpl.java:43)
java.base/java.lang.reflect.Method.invoke(Method.java:566)
org.junit.runners.model.FrameworkMethod$1.runReflectiveCall(FrameworkMethod.java:47)
org.junit.internal.runners.model.ReflectiveCallable.run(ReflectiveCallable.java:12)
org.junit.runners.model.FrameworkMethod.invokeExplosively(FrameworkMethod.java:44)
org.junit.internal.runners.statements.InvokeMethod.evaluate(InvokeMethod.java:17)
org.junit.internal.runners.statements.FailOnTimeout$StatementThread.run(FailOnTimeout.java:74)

	at org.evosuite.runtime.sandbox.MSecurityManager.checkPermission(MSecurityManager.java:452)
	at java.base/java.util.spi.LocaleServiceProvider.checkPermission(LocaleServiceProvider.java:157)
	at java.base/java.util.spi.LocaleServiceProvider.&lt;init&gt;(LocaleServiceProvider.java:171)
	at java.base/java.text.spi.NumberFormatProvider.&lt;init&gt;(NumberFormatProvider.java:45)
	at java.base/sun.util.locale.provider.NumberFormatProviderImpl.&lt;init&gt;(NumberFormatProviderImpl.java:70)
	at java.base/sun.util.locale.provider.JRELocaleProviderAdapter.lambda$getNumberFormatProvider$5(JRELocaleProviderAdapter.java:239)
	at java.base/java.security.AccessController.doPrivileged(Native Method)
	at java.base/sun.util.locale.provider.JRELocaleProviderAdapter.getNumberFormatProvider(JRELocaleProviderAdapter.java:235)
	at java.base/sun.util.locale.provider.JRELocaleProviderAdapter.getLocaleServiceProvider(JRELocaleProviderAdapter.java:103)
	at java.base/sun.util.locale.provider.LocaleProviderAdapter.findAdapter(LocaleProviderAdapter.java:281)
	at java.base/sun.util.locale.provider.LocaleProviderAdapter.getAdapter(LocaleProviderAdapter.java:250)
	at java.base/java.text.NumberFormat.getInstance(NumberFormat.java:905)
	at java.base/java.text.NumberFormat.getNumberInstance(NumberFormat.java:515)
	at java.base/java.util.Scanner.useLocale(Scanner.java:1270)
	at java.base/java.util.Scanner.&lt;init&gt;(Scanner.java:543)
	at java.base/java.util.Scanner.&lt;init&gt;(Scanner.java:566)
	at main.java.view.Menu.reviewRentShow(Menu.java:171)
	at main.java.view.Menu_ESTest.test24(Menu_ESTest.java:352)
	at java.base/jdk.internal.reflect.NativeMethodAccessorImpl.invoke0(Native Method)
	at java.base/jdk.internal.reflect.NativeMethodAccessorImpl.invoke(NativeMethodAccessorImpl.java:62)
	at java.base/jdk.internal.reflect.DelegatingMethodAccessorImpl.invoke(DelegatingMethodAccessorImpl.java:43)
	at java.base/java.lang.reflect.Method.invoke(Method.java:566)
	at org.junit.runners.model.FrameworkMethod$1.runReflectiveCall(FrameworkMethod.java:47)
	at org.junit.internal.runners.model.ReflectiveCallable.run(ReflectiveCallable.java:12)
	at org.junit.runners.model.FrameworkMethod.invokeExplosively(FrameworkMethod.java:44)
	at org.junit.internal.runners.statements.InvokeMethod.evaluate(InvokeMethod.java:17)
	at org.junit.internal.runners.statements.FailOnTimeout$StatementThread.run(FailOnTimeout.java:74)
</error>
  </testcase>
  <testcase classname="main.java.view.Menu_ESTest" name="test68" time="0.008">
    <error message="Security manager blocks (&quot;java.lang.RuntimePermission&quot; &quot;localeServiceProvider&quot;)
java.base/java.lang.Thread.getStackTrace(Thread.java:1606)
org.evosuite.runtime.sandbox.MSecurityManager.checkPermission(MSecurityManager.java:434)
java.base/java.util.spi.LocaleServiceProvider.checkPermission(LocaleServiceProvider.java:157)
java.base/java.util.spi.LocaleServiceProvider.&lt;init&gt;(LocaleServiceProvider.java:171)
java.base/java.text.spi.NumberFormatProvider.&lt;init&gt;(NumberFormatProvider.java:45)
java.base/sun.util.locale.provider.NumberFormatProviderImpl.&lt;init&gt;(NumberFormatProviderImpl.java:70)
java.base/sun.util.locale.provider.JRELocaleProviderAdapter.lambda$getNumberFormatProvider$5(JRELocaleProviderAdapter.java:239)
java.base/java.security.AccessController.doPrivileged(Native Method)
java.base/sun.util.locale.provider.JRELocaleProviderAdapter.getNumberFormatProvider(JRELocaleProviderAdapter.java:235)
java.base/sun.util.locale.provider.JRELocaleProviderAdapter.getLocaleServiceProvider(JRELocaleProviderAdapter.java:103)
java.base/sun.util.locale.provider.LocaleProviderAdapter.findAdapter(LocaleProviderAdapter.java:281)
java.base/sun.util.locale.provider.LocaleProviderAdapter.getAdapter(LocaleProviderAdapter.java:250)
java.base/java.text.NumberFormat.getInstance(NumberFormat.java:905)
java.base/java.text.NumberFormat.getNumberInstance(NumberFormat.java:515)
java.base/java.util.Scanner.useLocale(Scanner.java:1270)
java.base/java.util.Scanner.&lt;init&gt;(Scanner.java:543)
java.base/java.util.Scanner.&lt;init&gt;(Scanner.java:566)
main.java.view.Menu.getLoc(Menu.java:432)
main.java.view.Menu.newRegisterUserAux(Menu.java:312)
main.java.view.Menu_ESTest.test68(Menu_ESTest.java:1060)
java.base/jdk.internal.reflect.NativeMethodAccessorImpl.invoke0(Native Method)
java.base/jdk.internal.reflect.NativeMethodAccessorImpl.invoke(NativeMethodAccessorImpl.java:62)
java.base/jdk.internal.reflect.DelegatingMethodAccessorImpl.invoke(DelegatingMethodAccessorImpl.java:43)
java.base/java.lang.reflect.Method.invoke(Method.java:566)
org.junit.runners.model.FrameworkMethod$1.runReflectiveCall(FrameworkMethod.java:47)
org.junit.internal.runners.model.ReflectiveCallable.run(ReflectiveCallable.java:12)
org.junit.runners.model.FrameworkMethod.invokeExplosively(FrameworkMethod.java:44)
org.junit.internal.runners.statements.InvokeMethod.evaluate(InvokeMethod.java:17)
org.junit.internal.runners.statements.FailOnTimeout$StatementThread.run(FailOnTimeout.java:74)
" type="java.lang.SecurityException">java.lang.SecurityException: Security manager blocks (&quot;java.lang.RuntimePermission&quot; &quot;localeServiceProvider&quot;)
java.base/java.lang.Thread.getStackTrace(Thread.java:1606)
org.evosuite.runtime.sandbox.MSecurityManager.checkPermission(MSecurityManager.java:434)
java.base/java.util.spi.LocaleServiceProvider.checkPermission(LocaleServiceProvider.java:157)
java.base/java.util.spi.LocaleServiceProvider.&lt;init&gt;(LocaleServiceProvider.java:171)
java.base/java.text.spi.NumberFormatProvider.&lt;init&gt;(NumberFormatProvider.java:45)
java.base/sun.util.locale.provider.NumberFormatProviderImpl.&lt;init&gt;(NumberFormatProviderImpl.java:70)
java.base/sun.util.locale.provider.JRELocaleProviderAdapter.lambda$getNumberFormatProvider$5(JRELocaleProviderAdapter.java:239)
java.base/java.security.AccessController.doPrivileged(Native Method)
java.base/sun.util.locale.provider.JRELocaleProviderAdapter.getNumberFormatProvider(JRELocaleProviderAdapter.java:235)
java.base/sun.util.locale.provider.JRELocaleProviderAdapter.getLocaleServiceProvider(JRELocaleProviderAdapter.java:103)
java.base/sun.util.locale.provider.LocaleProviderAdapter.findAdapter(LocaleProviderAdapter.java:281)
java.base/sun.util.locale.provider.LocaleProviderAdapter.getAdapter(LocaleProviderAdapter.java:250)
java.base/java.text.NumberFormat.getInstance(NumberFormat.java:905)
java.base/java.text.NumberFormat.getNumberInstance(NumberFormat.java:515)
java.base/java.util.Scanner.useLocale(Scanner.java:1270)
java.base/java.util.Scanner.&lt;init&gt;(Scanner.java:543)
java.base/java.util.Scanner.&lt;init&gt;(Scanner.java:566)
main.java.view.Menu.getLoc(Menu.java:432)
main.java.view.Menu.newRegisterUserAux(Menu.java:312)
main.java.view.Menu_ESTest.test68(Menu_ESTest.java:1060)
java.base/jdk.internal.reflect.NativeMethodAccessorImpl.invoke0(Native Method)
java.base/jdk.internal.reflect.NativeMethodAccessorImpl.invoke(NativeMethodAccessorImpl.java:62)
java.base/jdk.internal.reflect.DelegatingMethodAccessorImpl.invoke(DelegatingMethodAccessorImpl.java:43)
java.base/java.lang.reflect.Method.invoke(Method.java:566)
org.junit.runners.model.FrameworkMethod$1.runReflectiveCall(FrameworkMethod.java:47)
org.junit.internal.runners.model.ReflectiveCallable.run(ReflectiveCallable.java:12)
org.junit.runners.model.FrameworkMethod.invokeExplosively(FrameworkMethod.java:44)
org.junit.internal.runners.statements.InvokeMethod.evaluate(InvokeMethod.java:17)
org.junit.internal.runners.statements.FailOnTimeout$StatementThread.run(FailOnTimeout.java:74)

	at org.evosuite.runtime.sandbox.MSecurityManager.checkPermission(MSecurityManager.java:452)
	at java.base/java.util.spi.LocaleServiceProvider.checkPermission(LocaleServiceProvider.java:157)
	at java.base/java.util.spi.LocaleServiceProvider.&lt;init&gt;(LocaleServiceProvider.java:171)
	at java.base/java.text.spi.NumberFormatProvider.&lt;init&gt;(NumberFormatProvider.java:45)
	at java.base/sun.util.locale.provider.NumberFormatProviderImpl.&lt;init&gt;(NumberFormatProviderImpl.java:70)
	at java.base/sun.util.locale.provider.JRELocaleProviderAdapter.lambda$getNumberFormatProvider$5(JRELocaleProviderAdapter.java:239)
	at java.base/java.security.AccessController.doPrivileged(Native Method)
	at java.base/sun.util.locale.provider.JRELocaleProviderAdapter.getNumberFormatProvider(JRELocaleProviderAdapter.java:235)
	at java.base/sun.util.locale.provider.JRELocaleProviderAdapter.getLocaleServiceProvider(JRELocaleProviderAdapter.java:103)
	at java.base/sun.util.locale.provider.LocaleProviderAdapter.findAdapter(LocaleProviderAdapter.java:281)
	at java.base/sun.util.locale.provider.LocaleProviderAdapter.getAdapter(LocaleProviderAdapter.java:250)
	at java.base/java.text.NumberFormat.getInstance(NumberFormat.java:905)
	at java.base/java.text.NumberFormat.getNumberInstance(NumberFormat.java:515)
	at java.base/java.util.Scanner.useLocale(Scanner.java:1270)
	at java.base/java.util.Scanner.&lt;init&gt;(Scanner.java:543)
	at java.base/java.util.Scanner.&lt;init&gt;(Scanner.java:566)
	at main.java.view.Menu.getLoc(Menu.java:432)
	at main.java.view.Menu.newRegisterUserAux(Menu.java:312)
	at main.java.view.Menu_ESTest.test68(Menu_ESTest.java:1060)
	at java.base/jdk.internal.reflect.NativeMethodAccessorImpl.invoke0(Native Method)
	at java.base/jdk.internal.reflect.NativeMethodAccessorImpl.invoke(NativeMethodAccessorImpl.java:62)
	at java.base/jdk.internal.reflect.DelegatingMethodAccessorImpl.invoke(DelegatingMethodAccessorImpl.java:43)
	at java.base/java.lang.reflect.Method.invoke(Method.java:566)
	at org.junit.runners.model.FrameworkMethod$1.runReflectiveCall(FrameworkMethod.java:47)
	at org.junit.internal.runners.model.ReflectiveCallable.run(ReflectiveCallable.java:12)
	at org.junit.runners.model.FrameworkMethod.invokeExplosively(FrameworkMethod.java:44)
	at org.junit.internal.runners.statements.InvokeMethod.evaluate(InvokeMethod.java:17)
	at org.junit.internal.runners.statements.FailOnTimeout$StatementThread.run(FailOnTimeout.java:74)
</error>
  </testcase>
  <testcase classname="main.java.view.Menu_ESTest" name="test25" time="0.015">
    <error message="Security manager blocks (&quot;java.lang.RuntimePermission&quot; &quot;localeServiceProvider&quot;)
java.base/java.lang.Thread.getStackTrace(Thread.java:1606)
org.evosuite.runtime.sandbox.MSecurityManager.checkPermission(MSecurityManager.java:434)
java.base/java.util.spi.LocaleServiceProvider.checkPermission(LocaleServiceProvider.java:157)
java.base/java.util.spi.LocaleServiceProvider.&lt;init&gt;(LocaleServiceProvider.java:171)
java.base/java.text.spi.NumberFormatProvider.&lt;init&gt;(NumberFormatProvider.java:45)
java.base/sun.util.locale.provider.NumberFormatProviderImpl.&lt;init&gt;(NumberFormatProviderImpl.java:70)
java.base/sun.util.locale.provider.JRELocaleProviderAdapter.lambda$getNumberFormatProvider$5(JRELocaleProviderAdapter.java:239)
java.base/java.security.AccessController.doPrivileged(Native Method)
java.base/sun.util.locale.provider.JRELocaleProviderAdapter.getNumberFormatProvider(JRELocaleProviderAdapter.java:235)
java.base/sun.util.locale.provider.JRELocaleProviderAdapter.getLocaleServiceProvider(JRELocaleProviderAdapter.java:103)
java.base/sun.util.locale.provider.LocaleProviderAdapter.findAdapter(LocaleProviderAdapter.java:281)
java.base/sun.util.locale.provider.LocaleProviderAdapter.getAdapter(LocaleProviderAdapter.java:250)
java.base/java.text.NumberFormat.getInstance(NumberFormat.java:905)
java.base/java.text.NumberFormat.getNumberInstance(NumberFormat.java:515)
java.base/java.util.Scanner.useLocale(Scanner.java:1270)
java.base/java.util.Scanner.&lt;init&gt;(Scanner.java:543)
java.base/java.util.Scanner.&lt;init&gt;(Scanner.java:566)
main.java.view.Menu.reviewRentShow(Menu.java:171)
main.java.view.Menu_ESTest.test25(Menu_ESTest.java:373)
java.base/jdk.internal.reflect.NativeMethodAccessorImpl.invoke0(Native Method)
java.base/jdk.internal.reflect.NativeMethodAccessorImpl.invoke(NativeMethodAccessorImpl.java:62)
java.base/jdk.internal.reflect.DelegatingMethodAccessorImpl.invoke(DelegatingMethodAccessorImpl.java:43)
java.base/java.lang.reflect.Method.invoke(Method.java:566)
org.junit.runners.model.FrameworkMethod$1.runReflectiveCall(FrameworkMethod.java:47)
org.junit.internal.runners.model.ReflectiveCallable.run(ReflectiveCallable.java:12)
org.junit.runners.model.FrameworkMethod.invokeExplosively(FrameworkMethod.java:44)
org.junit.internal.runners.statements.InvokeMethod.evaluate(InvokeMethod.java:17)
org.junit.internal.runners.statements.FailOnTimeout$StatementThread.run(FailOnTimeout.java:74)
" type="java.lang.SecurityException">java.lang.SecurityException: Security manager blocks (&quot;java.lang.RuntimePermission&quot; &quot;localeServiceProvider&quot;)
java.base/java.lang.Thread.getStackTrace(Thread.java:1606)
org.evosuite.runtime.sandbox.MSecurityManager.checkPermission(MSecurityManager.java:434)
java.base/java.util.spi.LocaleServiceProvider.checkPermission(LocaleServiceProvider.java:157)
java.base/java.util.spi.LocaleServiceProvider.&lt;init&gt;(LocaleServiceProvider.java:171)
java.base/java.text.spi.NumberFormatProvider.&lt;init&gt;(NumberFormatProvider.java:45)
java.base/sun.util.locale.provider.NumberFormatProviderImpl.&lt;init&gt;(NumberFormatProviderImpl.java:70)
java.base/sun.util.locale.provider.JRELocaleProviderAdapter.lambda$getNumberFormatProvider$5(JRELocaleProviderAdapter.java:239)
java.base/java.security.AccessController.doPrivileged(Native Method)
java.base/sun.util.locale.provider.JRELocaleProviderAdapter.getNumberFormatProvider(JRELocaleProviderAdapter.java:235)
java.base/sun.util.locale.provider.JRELocaleProviderAdapter.getLocaleServiceProvider(JRELocaleProviderAdapter.java:103)
java.base/sun.util.locale.provider.LocaleProviderAdapter.findAdapter(LocaleProviderAdapter.java:281)
java.base/sun.util.locale.provider.LocaleProviderAdapter.getAdapter(LocaleProviderAdapter.java:250)
java.base/java.text.NumberFormat.getInstance(NumberFormat.java:905)
java.base/java.text.NumberFormat.getNumberInstance(NumberFormat.java:515)
java.base/java.util.Scanner.useLocale(Scanner.java:1270)
java.base/java.util.Scanner.&lt;init&gt;(Scanner.java:543)
java.base/java.util.Scanner.&lt;init&gt;(Scanner.java:566)
main.java.view.Menu.reviewRentShow(Menu.java:171)
main.java.view.Menu_ESTest.test25(Menu_ESTest.java:373)
java.base/jdk.internal.reflect.NativeMethodAccessorImpl.invoke0(Native Method)
java.base/jdk.internal.reflect.NativeMethodAccessorImpl.invoke(NativeMethodAccessorImpl.java:62)
java.base/jdk.internal.reflect.DelegatingMethodAccessorImpl.invoke(DelegatingMethodAccessorImpl.java:43)
java.base/java.lang.reflect.Method.invoke(Method.java:566)
org.junit.runners.model.FrameworkMethod$1.runReflectiveCall(FrameworkMethod.java:47)
org.junit.internal.runners.model.ReflectiveCallable.run(ReflectiveCallable.java:12)
org.junit.runners.model.FrameworkMethod.invokeExplosively(FrameworkMethod.java:44)
org.junit.internal.runners.statements.InvokeMethod.evaluate(InvokeMethod.java:17)
org.junit.internal.runners.statements.FailOnTimeout$StatementThread.run(FailOnTimeout.java:74)

	at org.evosuite.runtime.sandbox.MSecurityManager.checkPermission(MSecurityManager.java:452)
	at java.base/java.util.spi.LocaleServiceProvider.checkPermission(LocaleServiceProvider.java:157)
	at java.base/java.util.spi.LocaleServiceProvider.&lt;init&gt;(LocaleServiceProvider.java:171)
	at java.base/java.text.spi.NumberFormatProvider.&lt;init&gt;(NumberFormatProvider.java:45)
	at java.base/sun.util.locale.provider.NumberFormatProviderImpl.&lt;init&gt;(NumberFormatProviderImpl.java:70)
	at java.base/sun.util.locale.provider.JRELocaleProviderAdapter.lambda$getNumberFormatProvider$5(JRELocaleProviderAdapter.java:239)
	at java.base/java.security.AccessController.doPrivileged(Native Method)
	at java.base/sun.util.locale.provider.JRELocaleProviderAdapter.getNumberFormatProvider(JRELocaleProviderAdapter.java:235)
	at java.base/sun.util.locale.provider.JRELocaleProviderAdapter.getLocaleServiceProvider(JRELocaleProviderAdapter.java:103)
	at java.base/sun.util.locale.provider.LocaleProviderAdapter.findAdapter(LocaleProviderAdapter.java:281)
	at java.base/sun.util.locale.provider.LocaleProviderAdapter.getAdapter(LocaleProviderAdapter.java:250)
	at java.base/java.text.NumberFormat.getInstance(NumberFormat.java:905)
	at java.base/java.text.NumberFormat.getNumberInstance(NumberFormat.java:515)
	at java.base/java.util.Scanner.useLocale(Scanner.java:1270)
	at java.base/java.util.Scanner.&lt;init&gt;(Scanner.java:543)
	at java.base/java.util.Scanner.&lt;init&gt;(Scanner.java:566)
	at main.java.view.Menu.reviewRentShow(Menu.java:171)
	at main.java.view.Menu_ESTest.test25(Menu_ESTest.java:373)
	at java.base/jdk.internal.reflect.NativeMethodAccessorImpl.invoke0(Native Method)
	at java.base/jdk.internal.reflect.NativeMethodAccessorImpl.invoke(NativeMethodAccessorImpl.java:62)
	at java.base/jdk.internal.reflect.DelegatingMethodAccessorImpl.invoke(DelegatingMethodAccessorImpl.java:43)
	at java.base/java.lang.reflect.Method.invoke(Method.java:566)
	at org.junit.runners.model.FrameworkMethod$1.runReflectiveCall(FrameworkMethod.java:47)
	at org.junit.internal.runners.model.ReflectiveCallable.run(ReflectiveCallable.java:12)
	at org.junit.runners.model.FrameworkMethod.invokeExplosively(FrameworkMethod.java:44)
	at org.junit.internal.runners.statements.InvokeMethod.evaluate(InvokeMethod.java:17)
	at org.junit.internal.runners.statements.FailOnTimeout$StatementThread.run(FailOnTimeout.java:74)
</error>
  </testcase>
  <testcase classname="main.java.view.Menu_ESTest" name="test26" time="0.018">
    <error message="Could not initialize class java.util.logging.LogRecord$CallerFinder" type="java.lang.NoClassDefFoundError">java.lang.NoClassDefFoundError: Could not initialize class java.util.logging.LogRecord$CallerFinder
	at java.logging/java.util.logging.LogRecord.inferCaller(LogRecord.java:683)
	at java.logging/java.util.logging.LogRecord.getSourceClassName(LogRecord.java:352)
	at java.logging/java.util.logging.SimpleFormatter.format(SimpleFormatter.java:160)
	at java.logging/java.util.logging.StreamHandler.publish(StreamHandler.java:199)
	at java.logging/java.util.logging.ConsoleHandler.publish(ConsoleHandler.java:95)
	at java.logging/java.util.logging.Logger.log(Logger.java:979)
	at java.logging/java.util.logging.Logger.doLog(Logger.java:1006)
	at java.logging/java.util.logging.Logger.log(Logger.java:1029)
	at java.logging/java.util.logging.Logger.info(Logger.java:1802)
	at main.java.view.Menu.displayMenuHeader(Menu.java:413)
	at main.java.view.Menu.rentalHistoryShow(Menu.java:119)
	at main.java.view.Menu_ESTest.test26(Menu_ESTest.java:394)
	at java.base/jdk.internal.reflect.NativeMethodAccessorImpl.invoke0(Native Method)
	at java.base/jdk.internal.reflect.NativeMethodAccessorImpl.invoke(NativeMethodAccessorImpl.java:62)
	at java.base/jdk.internal.reflect.DelegatingMethodAccessorImpl.invoke(DelegatingMethodAccessorImpl.java:43)
	at java.base/java.lang.reflect.Method.invoke(Method.java:566)
	at org.junit.runners.model.FrameworkMethod$1.runReflectiveCall(FrameworkMethod.java:47)
	at org.junit.internal.runners.model.ReflectiveCallable.run(ReflectiveCallable.java:12)
	at org.junit.runners.model.FrameworkMethod.invokeExplosively(FrameworkMethod.java:44)
	at org.junit.internal.runners.statements.InvokeMethod.evaluate(InvokeMethod.java:17)
	at org.junit.internal.runners.statements.FailOnTimeout$StatementThread.run(FailOnTimeout.java:74)
</error>
  </testcase>
  <testcase classname="main.java.view.Menu_ESTest" name="test27" time="0.005">
    <error message="Could not initialize class java.util.logging.LogRecord$CallerFinder" type="java.lang.NoClassDefFoundError">java.lang.NoClassDefFoundError: Could not initialize class java.util.logging.LogRecord$CallerFinder
	at java.logging/java.util.logging.LogRecord.inferCaller(LogRecord.java:683)
	at java.logging/java.util.logging.LogRecord.getSourceClassName(LogRecord.java:352)
	at java.logging/java.util.logging.SimpleFormatter.format(SimpleFormatter.java:160)
	at java.logging/java.util.logging.StreamHandler.publish(StreamHandler.java:199)
	at java.logging/java.util.logging.ConsoleHandler.publish(ConsoleHandler.java:95)
	at java.logging/java.util.logging.Logger.log(Logger.java:979)
	at java.logging/java.util.logging.Logger.doLog(Logger.java:1006)
	at java.logging/java.util.logging.Logger.log(Logger.java:1029)
	at java.logging/java.util.logging.Logger.info(Logger.java:1802)
	at main.java.view.Menu.displayMenuHeader(Menu.java:413)
	at main.java.view.Menu.rentalHistoryShow(Menu.java:119)
	at main.java.view.Menu_ESTest.test27(Menu_ESTest.java:416)
	at java.base/jdk.internal.reflect.NativeMethodAccessorImpl.invoke0(Native Method)
	at java.base/jdk.internal.reflect.NativeMethodAccessorImpl.invoke(NativeMethodAccessorImpl.java:62)
	at java.base/jdk.internal.reflect.DelegatingMethodAccessorImpl.invoke(DelegatingMethodAccessorImpl.java:43)
	at java.base/java.lang.reflect.Method.invoke(Method.java:566)
	at org.junit.runners.model.FrameworkMethod$1.runReflectiveCall(FrameworkMethod.java:47)
	at org.junit.internal.runners.model.ReflectiveCallable.run(ReflectiveCallable.java:12)
	at org.junit.runners.model.FrameworkMethod.invokeExplosively(FrameworkMethod.java:44)
	at org.junit.internal.runners.statements.InvokeMethod.evaluate(InvokeMethod.java:17)
	at org.junit.internal.runners.statements.FailOnTimeout$StatementThread.run(FailOnTimeout.java:74)
</error>
  </testcase>
  <testcase classname="main.java.view.Menu_ESTest" name="test28" time="0.008">
    <failure message="Exception was not thrown in main.java.view.Menu but in org.evosuite.runtime.sandbox.MSecurityManager.checkPermission(MSecurityManager.java:452): java.lang.SecurityException: Security manager blocks (&quot;java.lang.RuntimePermission&quot; &quot;localeServiceProvider&quot;)
java.base/java.lang.Thread.getStackTrace(Thread.java:1606)
org.evosuite.runtime.sandbox.MSecurityManager.checkPermission(MSecurityManager.java:434)
java.base/java.util.spi.LocaleServiceProvider.checkPermission(LocaleServiceProvider.java:157)
java.base/java.util.spi.LocaleServiceProvider.&lt;init&gt;(LocaleServiceProvider.java:171)
java.base/java.text.spi.NumberFormatProvider.&lt;init&gt;(NumberFormatProvider.java:45)
java.base/sun.util.locale.provider.NumberFormatProviderImpl.&lt;init&gt;(NumberFormatProviderImpl.java:70)
java.base/sun.util.locale.provider.JRELocaleProviderAdapter.lambda$getNumberFormatProvider$5(JRELocaleProviderAdapter.java:239)
java.base/java.security.AccessController.doPrivileged(Native Method)
java.base/sun.util.locale.provider.JRELocaleProviderAdapter.getNumberFormatProvider(JRELocaleProviderAdapter.java:235)
java.base/sun.util.locale.provider.JRELocaleProviderAdapter.getLocaleServiceProvider(JRELocaleProviderAdapter.java:103)
java.base/sun.util.locale.provider.LocaleProviderAdapter.findAdapter(LocaleProviderAdapter.java:281)
java.base/sun.util.locale.provider.LocaleProviderAdapter.getAdapter(LocaleProviderAdapter.java:250)
java.base/java.text.NumberFormat.getInstance(NumberFormat.java:905)
java.base/java.text.NumberFormat.getNumberInstance(NumberFormat.java:515)
java.base/java.util.Scanner.useLocale(Scanner.java:1270)
java.base/java.util.Scanner.&lt;init&gt;(Scanner.java:543)
java.base/java.util.Scanner.&lt;init&gt;(Scanner.java:566)
main.java.view.Menu.pendingRateShow(Menu.java:374)
main.java.view.Menu_ESTest.test28(Menu_ESTest.java:432)
java.base/jdk.internal.reflect.NativeMethodAccessorImpl.invoke0(Native Method)
java.base/jdk.internal.reflect.NativeMethodAccessorImpl.invoke(NativeMethodAccessorImpl.java:62)
java.base/jdk.internal.reflect.DelegatingMethodAccessorImpl.invoke(DelegatingMethodAccessorImpl.java:43)
java.base/java.lang.reflect.Method.invoke(Method.java:566)
org.junit.runners.model.FrameworkMethod$1.runReflectiveCall(FrameworkMethod.java:47)
org.junit.internal.runners.model.ReflectiveCallable.run(ReflectiveCallable.java:12)
org.junit.runners.model.FrameworkMethod.invokeExplosively(FrameworkMethod.java:44)
org.junit.internal.runners.statements.InvokeMethod.evaluate(InvokeMethod.java:17)
org.junit.internal.runners.statements.FailOnTimeout$StatementThread.run(FailOnTimeout.java:74)
" type="java.lang.AssertionError">java.lang.AssertionError: Exception was not thrown in main.java.view.Menu but in org.evosuite.runtime.sandbox.MSecurityManager.checkPermission(MSecurityManager.java:452): java.lang.SecurityException: Security manager blocks (&quot;java.lang.RuntimePermission&quot; &quot;localeServiceProvider&quot;)
java.base/java.lang.Thread.getStackTrace(Thread.java:1606)
org.evosuite.runtime.sandbox.MSecurityManager.checkPermission(MSecurityManager.java:434)
java.base/java.util.spi.LocaleServiceProvider.checkPermission(LocaleServiceProvider.java:157)
java.base/java.util.spi.LocaleServiceProvider.&lt;init&gt;(LocaleServiceProvider.java:171)
java.base/java.text.spi.NumberFormatProvider.&lt;init&gt;(NumberFormatProvider.java:45)
java.base/sun.util.locale.provider.NumberFormatProviderImpl.&lt;init&gt;(NumberFormatProviderImpl.java:70)
java.base/sun.util.locale.provider.JRELocaleProviderAdapter.lambda$getNumberFormatProvider$5(JRELocaleProviderAdapter.java:239)
java.base/java.security.AccessController.doPrivileged(Native Method)
java.base/sun.util.locale.provider.JRELocaleProviderAdapter.getNumberFormatProvider(JRELocaleProviderAdapter.java:235)
java.base/sun.util.locale.provider.JRELocaleProviderAdapter.getLocaleServiceProvider(JRELocaleProviderAdapter.java:103)
java.base/sun.util.locale.provider.LocaleProviderAdapter.findAdapter(LocaleProviderAdapter.java:281)
java.base/sun.util.locale.provider.LocaleProviderAdapter.getAdapter(LocaleProviderAdapter.java:250)
java.base/java.text.NumberFormat.getInstance(NumberFormat.java:905)
java.base/java.text.NumberFormat.getNumberInstance(NumberFormat.java:515)
java.base/java.util.Scanner.useLocale(Scanner.java:1270)
java.base/java.util.Scanner.&lt;init&gt;(Scanner.java:543)
java.base/java.util.Scanner.&lt;init&gt;(Scanner.java:566)
main.java.view.Menu.pendingRateShow(Menu.java:374)
main.java.view.Menu_ESTest.test28(Menu_ESTest.java:432)
java.base/jdk.internal.reflect.NativeMethodAccessorImpl.invoke0(Native Method)
java.base/jdk.internal.reflect.NativeMethodAccessorImpl.invoke(NativeMethodAccessorImpl.java:62)
java.base/jdk.internal.reflect.DelegatingMethodAccessorImpl.invoke(DelegatingMethodAccessorImpl.java:43)
java.base/java.lang.reflect.Method.invoke(Method.java:566)
org.junit.runners.model.FrameworkMethod$1.runReflectiveCall(FrameworkMethod.java:47)
org.junit.internal.runners.model.ReflectiveCallable.run(ReflectiveCallable.java:12)
org.junit.runners.model.FrameworkMethod.invokeExplosively(FrameworkMethod.java:44)
org.junit.internal.runners.statements.InvokeMethod.evaluate(InvokeMethod.java:17)
org.junit.internal.runners.statements.FailOnTimeout$StatementThread.run(FailOnTimeout.java:74)

	at org.evosuite.runtime.EvoAssertions.assertThrownBy(EvoAssertions.java:112)
	at org.evosuite.runtime.EvoAssertions.verifyException(EvoAssertions.java:49)
	at main.java.view.Menu_ESTest.test28(Menu_ESTest.java:439)
	at java.base/jdk.internal.reflect.NativeMethodAccessorImpl.invoke0(Native Method)
	at java.base/jdk.internal.reflect.NativeMethodAccessorImpl.invoke(NativeMethodAccessorImpl.java:62)
	at java.base/jdk.internal.reflect.DelegatingMethodAccessorImpl.invoke(DelegatingMethodAccessorImpl.java:43)
	at java.base/java.lang.reflect.Method.invoke(Method.java:566)
	at org.junit.runners.model.FrameworkMethod$1.runReflectiveCall(FrameworkMethod.java:47)
	at org.junit.internal.runners.model.ReflectiveCallable.run(ReflectiveCallable.java:12)
	at org.junit.runners.model.FrameworkMethod.invokeExplosively(FrameworkMethod.java:44)
	at org.junit.internal.runners.statements.InvokeMethod.evaluate(InvokeMethod.java:17)
	at org.junit.internal.runners.statements.FailOnTimeout$StatementThread.run(FailOnTimeout.java:74)
</failure>
  </testcase>
  <testcase classname="main.java.view.Menu_ESTest" name="test29" time="0.007">
    <failure message="Exception was not thrown in main.java.view.Menu but in org.evosuite.runtime.sandbox.MSecurityManager.checkPermission(MSecurityManager.java:452): java.lang.SecurityException: Security manager blocks (&quot;java.lang.RuntimePermission&quot; &quot;localeServiceProvider&quot;)
java.base/java.lang.Thread.getStackTrace(Thread.java:1606)
org.evosuite.runtime.sandbox.MSecurityManager.checkPermission(MSecurityManager.java:434)
java.base/java.util.spi.LocaleServiceProvider.checkPermission(LocaleServiceProvider.java:157)
java.base/java.util.spi.LocaleServiceProvider.&lt;init&gt;(LocaleServiceProvider.java:171)
java.base/java.text.spi.NumberFormatProvider.&lt;init&gt;(NumberFormatProvider.java:45)
java.base/sun.util.locale.provider.NumberFormatProviderImpl.&lt;init&gt;(NumberFormatProviderImpl.java:70)
java.base/sun.util.locale.provider.JRELocaleProviderAdapter.lambda$getNumberFormatProvider$5(JRELocaleProviderAdapter.java:239)
java.base/java.security.AccessController.doPrivileged(Native Method)
java.base/sun.util.locale.provider.JRELocaleProviderAdapter.getNumberFormatProvider(JRELocaleProviderAdapter.java:235)
java.base/sun.util.locale.provider.JRELocaleProviderAdapter.getLocaleServiceProvider(JRELocaleProviderAdapter.java:103)
java.base/sun.util.locale.provider.LocaleProviderAdapter.findAdapter(LocaleProviderAdapter.java:281)
java.base/sun.util.locale.provider.LocaleProviderAdapter.getAdapter(LocaleProviderAdapter.java:250)
java.base/java.text.NumberFormat.getInstance(NumberFormat.java:905)
java.base/java.text.NumberFormat.getNumberInstance(NumberFormat.java:515)
java.base/java.util.Scanner.useLocale(Scanner.java:1270)
java.base/java.util.Scanner.&lt;init&gt;(Scanner.java:543)
java.base/java.util.Scanner.&lt;init&gt;(Scanner.java:566)
main.java.view.Menu.getLoc(Menu.java:432)
main.java.view.Menu.newRegisterUserAux(Menu.java:312)
main.java.view.Menu_ESTest.test29(Menu_ESTest.java:448)
java.base/jdk.internal.reflect.NativeMethodAccessorImpl.invoke0(Native Method)
java.base/jdk.internal.reflect.NativeMethodAccessorImpl.invoke(NativeMethodAccessorImpl.java:62)
java.base/jdk.internal.reflect.DelegatingMethodAccessorImpl.invoke(DelegatingMethodAccessorImpl.java:43)
java.base/java.lang.reflect.Method.invoke(Method.java:566)
org.junit.runners.model.FrameworkMethod$1.runReflectiveCall(FrameworkMethod.java:47)
org.junit.internal.runners.model.ReflectiveCallable.run(ReflectiveCallable.java:12)
org.junit.runners.model.FrameworkMethod.invokeExplosively(FrameworkMethod.java:44)
org.junit.internal.runners.statements.InvokeMethod.evaluate(InvokeMethod.java:17)
org.junit.internal.runners.statements.FailOnTimeout$StatementThread.run(FailOnTimeout.java:74)
" type="java.lang.AssertionError">java.lang.AssertionError: Exception was not thrown in main.java.view.Menu but in org.evosuite.runtime.sandbox.MSecurityManager.checkPermission(MSecurityManager.java:452): java.lang.SecurityException: Security manager blocks (&quot;java.lang.RuntimePermission&quot; &quot;localeServiceProvider&quot;)
java.base/java.lang.Thread.getStackTrace(Thread.java:1606)
org.evosuite.runtime.sandbox.MSecurityManager.checkPermission(MSecurityManager.java:434)
java.base/java.util.spi.LocaleServiceProvider.checkPermission(LocaleServiceProvider.java:157)
java.base/java.util.spi.LocaleServiceProvider.&lt;init&gt;(LocaleServiceProvider.java:171)
java.base/java.text.spi.NumberFormatProvider.&lt;init&gt;(NumberFormatProvider.java:45)
java.base/sun.util.locale.provider.NumberFormatProviderImpl.&lt;init&gt;(NumberFormatProviderImpl.java:70)
java.base/sun.util.locale.provider.JRELocaleProviderAdapter.lambda$getNumberFormatProvider$5(JRELocaleProviderAdapter.java:239)
java.base/java.security.AccessController.doPrivileged(Native Method)
java.base/sun.util.locale.provider.JRELocaleProviderAdapter.getNumberFormatProvider(JRELocaleProviderAdapter.java:235)
java.base/sun.util.locale.provider.JRELocaleProviderAdapter.getLocaleServiceProvider(JRELocaleProviderAdapter.java:103)
java.base/sun.util.locale.provider.LocaleProviderAdapter.findAdapter(LocaleProviderAdapter.java:281)
java.base/sun.util.locale.provider.LocaleProviderAdapter.getAdapter(LocaleProviderAdapter.java:250)
java.base/java.text.NumberFormat.getInstance(NumberFormat.java:905)
java.base/java.text.NumberFormat.getNumberInstance(NumberFormat.java:515)
java.base/java.util.Scanner.useLocale(Scanner.java:1270)
java.base/java.util.Scanner.&lt;init&gt;(Scanner.java:543)
java.base/java.util.Scanner.&lt;init&gt;(Scanner.java:566)
main.java.view.Menu.getLoc(Menu.java:432)
main.java.view.Menu.newRegisterUserAux(Menu.java:312)
main.java.view.Menu_ESTest.test29(Menu_ESTest.java:448)
java.base/jdk.internal.reflect.NativeMethodAccessorImpl.invoke0(Native Method)
java.base/jdk.internal.reflect.NativeMethodAccessorImpl.invoke(NativeMethodAccessorImpl.java:62)
java.base/jdk.internal.reflect.DelegatingMethodAccessorImpl.invoke(DelegatingMethodAccessorImpl.java:43)
java.base/java.lang.reflect.Method.invoke(Method.java:566)
org.junit.runners.model.FrameworkMethod$1.runReflectiveCall(FrameworkMethod.java:47)
org.junit.internal.runners.model.ReflectiveCallable.run(ReflectiveCallable.java:12)
org.junit.runners.model.FrameworkMethod.invokeExplosively(FrameworkMethod.java:44)
org.junit.internal.runners.statements.InvokeMethod.evaluate(InvokeMethod.java:17)
org.junit.internal.runners.statements.FailOnTimeout$StatementThread.run(FailOnTimeout.java:74)

	at org.evosuite.runtime.EvoAssertions.assertThrownBy(EvoAssertions.java:112)
	at org.evosuite.runtime.EvoAssertions.verifyException(EvoAssertions.java:49)
	at main.java.view.Menu_ESTest.test29(Menu_ESTest.java:455)
	at java.base/jdk.internal.reflect.NativeMethodAccessorImpl.invoke0(Native Method)
	at java.base/jdk.internal.reflect.NativeMethodAccessorImpl.invoke(NativeMethodAccessorImpl.java:62)
	at java.base/jdk.internal.reflect.DelegatingMethodAccessorImpl.invoke(DelegatingMethodAccessorImpl.java:43)
	at java.base/java.lang.reflect.Method.invoke(Method.java:566)
	at org.junit.runners.model.FrameworkMethod$1.runReflectiveCall(FrameworkMethod.java:47)
	at org.junit.internal.runners.model.ReflectiveCallable.run(ReflectiveCallable.java:12)
	at org.junit.runners.model.FrameworkMethod.invokeExplosively(FrameworkMethod.java:44)
	at org.junit.internal.runners.statements.InvokeMethod.evaluate(InvokeMethod.java:17)
	at org.junit.internal.runners.statements.FailOnTimeout$StatementThread.run(FailOnTimeout.java:74)
</failure>
  </testcase>
  <testcase classname="main.java.view.Menu_ESTest" name="test30" time="0.005">
    <error message="Could not initialize class java.util.logging.LogRecord$CallerFinder" type="java.lang.NoClassDefFoundError">java.lang.NoClassDefFoundError: Could not initialize class java.util.logging.LogRecord$CallerFinder
	at java.logging/java.util.logging.LogRecord.inferCaller(LogRecord.java:683)
	at java.logging/java.util.logging.LogRecord.getSourceClassName(LogRecord.java:352)
	at java.logging/java.util.logging.SimpleFormatter.format(SimpleFormatter.java:160)
	at java.logging/java.util.logging.StreamHandler.publish(StreamHandler.java:199)
	at java.logging/java.util.logging.ConsoleHandler.publish(ConsoleHandler.java:95)
	at java.logging/java.util.logging.Logger.log(Logger.java:979)
	at java.logging/java.util.logging.Logger.doLog(Logger.java:1006)
	at java.logging/java.util.logging.Logger.log(Logger.java:1029)
	at java.logging/java.util.logging.Logger.info(Logger.java:1802)
	at main.java.view.Menu.displayMenuHeader(Menu.java:413)
	at main.java.view.Menu.newRegisterUser(Menu.java:280)
	at main.java.view.Menu_ESTest.test30(Menu_ESTest.java:468)
	at java.base/jdk.internal.reflect.NativeMethodAccessorImpl.invoke0(Native Method)
	at java.base/jdk.internal.reflect.NativeMethodAccessorImpl.invoke(NativeMethodAccessorImpl.java:62)
	at java.base/jdk.internal.reflect.DelegatingMethodAccessorImpl.invoke(DelegatingMethodAccessorImpl.java:43)
	at java.base/java.lang.reflect.Method.invoke(Method.java:566)
	at org.junit.runners.model.FrameworkMethod$1.runReflectiveCall(FrameworkMethod.java:47)
	at org.junit.internal.runners.model.ReflectiveCallable.run(ReflectiveCallable.java:12)
	at org.junit.runners.model.FrameworkMethod.invokeExplosively(FrameworkMethod.java:44)
	at org.junit.internal.runners.statements.InvokeMethod.evaluate(InvokeMethod.java:17)
	at org.junit.internal.runners.statements.FailOnTimeout$StatementThread.run(FailOnTimeout.java:74)
</error>
  </testcase>
  <testcase classname="main.java.view.Menu_ESTest" name="test31" time="0.007">
    <error message="Could not initialize class java.util.logging.LogRecord$CallerFinder" type="java.lang.NoClassDefFoundError">java.lang.NoClassDefFoundError: Could not initialize class java.util.logging.LogRecord$CallerFinder
	at java.logging/java.util.logging.LogRecord.inferCaller(LogRecord.java:683)
	at java.logging/java.util.logging.LogRecord.getSourceClassName(LogRecord.java:352)
	at java.logging/java.util.logging.SimpleFormatter.format(SimpleFormatter.java:160)
	at java.logging/java.util.logging.StreamHandler.publish(StreamHandler.java:199)
	at java.logging/java.util.logging.ConsoleHandler.publish(ConsoleHandler.java:95)
	at java.logging/java.util.logging.Logger.log(Logger.java:979)
	at java.logging/java.util.logging.Logger.doLog(Logger.java:1006)
	at java.logging/java.util.logging.Logger.log(Logger.java:1029)
	at java.logging/java.util.logging.Logger.info(Logger.java:1802)
	at main.java.view.Menu.displayMenuHeader(Menu.java:413)
	at main.java.view.Menu.newRegisterUser(Menu.java:280)
	at main.java.view.Menu_ESTest.test31(Menu_ESTest.java:484)
	at java.base/jdk.internal.reflect.NativeMethodAccessorImpl.invoke0(Native Method)
	at java.base/jdk.internal.reflect.NativeMethodAccessorImpl.invoke(NativeMethodAccessorImpl.java:62)
	at java.base/jdk.internal.reflect.DelegatingMethodAccessorImpl.invoke(DelegatingMethodAccessorImpl.java:43)
	at java.base/java.lang.reflect.Method.invoke(Method.java:566)
	at org.junit.runners.model.FrameworkMethod$1.runReflectiveCall(FrameworkMethod.java:47)
	at org.junit.internal.runners.model.ReflectiveCallable.run(ReflectiveCallable.java:12)
	at org.junit.runners.model.FrameworkMethod.invokeExplosively(FrameworkMethod.java:44)
	at org.junit.internal.runners.statements.InvokeMethod.evaluate(InvokeMethod.java:17)
	at org.junit.internal.runners.statements.FailOnTimeout$StatementThread.run(FailOnTimeout.java:74)
</error>
  </testcase>
  <testcase classname="main.java.view.Menu_ESTest" name="test32" time="0.004">
    <error message="Could not initialize class java.util.logging.LogRecord$CallerFinder" type="java.lang.NoClassDefFoundError">java.lang.NoClassDefFoundError: Could not initialize class java.util.logging.LogRecord$CallerFinder
	at java.logging/java.util.logging.LogRecord.inferCaller(LogRecord.java:683)
	at java.logging/java.util.logging.LogRecord.getSourceClassName(LogRecord.java:352)
	at java.logging/java.util.logging.SimpleFormatter.format(SimpleFormatter.java:160)
	at java.logging/java.util.logging.StreamHandler.publish(StreamHandler.java:199)
	at java.logging/java.util.logging.ConsoleHandler.publish(ConsoleHandler.java:95)
	at java.logging/java.util.logging.Logger.log(Logger.java:979)
	at java.logging/java.util.logging.Logger.doLog(Logger.java:1006)
	at java.logging/java.util.logging.Logger.log(Logger.java:1029)
	at java.logging/java.util.logging.Logger.info(Logger.java:1802)
	at main.java.view.Menu.displayMenuHeader(Menu.java:413)
	at main.java.view.Menu.newRegisterCar(Menu.java:245)
	at main.java.view.Menu_ESTest.test32(Menu_ESTest.java:500)
	at java.base/jdk.internal.reflect.NativeMethodAccessorImpl.invoke0(Native Method)
	at java.base/jdk.internal.reflect.NativeMethodAccessorImpl.invoke(NativeMethodAccessorImpl.java:62)
	at java.base/jdk.internal.reflect.DelegatingMethodAccessorImpl.invoke(DelegatingMethodAccessorImpl.java:43)
	at java.base/java.lang.reflect.Method.invoke(Method.java:566)
	at org.junit.runners.model.FrameworkMethod$1.runReflectiveCall(FrameworkMethod.java:47)
	at org.junit.internal.runners.model.ReflectiveCallable.run(ReflectiveCallable.java:12)
	at org.junit.runners.model.FrameworkMethod.invokeExplosively(FrameworkMethod.java:44)
	at org.junit.internal.runners.statements.InvokeMethod.evaluate(InvokeMethod.java:17)
	at org.junit.internal.runners.statements.FailOnTimeout$StatementThread.run(FailOnTimeout.java:74)
</error>
  </testcase>
  <testcase classname="main.java.view.Menu_ESTest" name="test33" time="0.006">
    <failure message="Exception was not thrown in main.java.view.Menu but in org.evosuite.runtime.sandbox.MSecurityManager.checkPermission(MSecurityManager.java:452): java.lang.SecurityException: Security manager blocks (&quot;java.lang.RuntimePermission&quot; &quot;localeServiceProvider&quot;)
java.base/java.lang.Thread.getStackTrace(Thread.java:1606)
org.evosuite.runtime.sandbox.MSecurityManager.checkPermission(MSecurityManager.java:434)
java.base/java.util.spi.LocaleServiceProvider.checkPermission(LocaleServiceProvider.java:157)
java.base/java.util.spi.LocaleServiceProvider.&lt;init&gt;(LocaleServiceProvider.java:171)
java.base/java.text.spi.NumberFormatProvider.&lt;init&gt;(NumberFormatProvider.java:45)
java.base/sun.util.locale.provider.NumberFormatProviderImpl.&lt;init&gt;(NumberFormatProviderImpl.java:70)
java.base/sun.util.locale.provider.JRELocaleProviderAdapter.lambda$getNumberFormatProvider$5(JRELocaleProviderAdapter.java:239)
java.base/java.security.AccessController.doPrivileged(Native Method)
java.base/sun.util.locale.provider.JRELocaleProviderAdapter.getNumberFormatProvider(JRELocaleProviderAdapter.java:235)
java.base/sun.util.locale.provider.JRELocaleProviderAdapter.getLocaleServiceProvider(JRELocaleProviderAdapter.java:103)
java.base/sun.util.locale.provider.LocaleProviderAdapter.findAdapter(LocaleProviderAdapter.java:281)
java.base/sun.util.locale.provider.LocaleProviderAdapter.getAdapter(LocaleProviderAdapter.java:250)
java.base/java.text.NumberFormat.getInstance(NumberFormat.java:905)
java.base/java.text.NumberFormat.getNumberInstance(NumberFormat.java:515)
java.base/java.util.Scanner.useLocale(Scanner.java:1270)
java.base/java.util.Scanner.&lt;init&gt;(Scanner.java:543)
java.base/java.util.Scanner.&lt;init&gt;(Scanner.java:566)
main.java.view.Menu.getTimeInterval(Menu.java:353)
main.java.view.Menu_ESTest.test33(Menu_ESTest.java:516)
java.base/jdk.internal.reflect.NativeMethodAccessorImpl.invoke0(Native Method)
java.base/jdk.internal.reflect.NativeMethodAccessorImpl.invoke(NativeMethodAccessorImpl.java:62)
java.base/jdk.internal.reflect.DelegatingMethodAccessorImpl.invoke(DelegatingMethodAccessorImpl.java:43)
java.base/java.lang.reflect.Method.invoke(Method.java:566)
org.junit.runners.model.FrameworkMethod$1.runReflectiveCall(FrameworkMethod.java:47)
org.junit.internal.runners.model.ReflectiveCallable.run(ReflectiveCallable.java:12)
org.junit.runners.model.FrameworkMethod.invokeExplosively(FrameworkMethod.java:44)
org.junit.internal.runners.statements.InvokeMethod.evaluate(InvokeMethod.java:17)
org.junit.internal.runners.statements.FailOnTimeout$StatementThread.run(FailOnTimeout.java:74)
" type="java.lang.AssertionError">java.lang.AssertionError: Exception was not thrown in main.java.view.Menu but in org.evosuite.runtime.sandbox.MSecurityManager.checkPermission(MSecurityManager.java:452): java.lang.SecurityException: Security manager blocks (&quot;java.lang.RuntimePermission&quot; &quot;localeServiceProvider&quot;)
java.base/java.lang.Thread.getStackTrace(Thread.java:1606)
org.evosuite.runtime.sandbox.MSecurityManager.checkPermission(MSecurityManager.java:434)
java.base/java.util.spi.LocaleServiceProvider.checkPermission(LocaleServiceProvider.java:157)
java.base/java.util.spi.LocaleServiceProvider.&lt;init&gt;(LocaleServiceProvider.java:171)
java.base/java.text.spi.NumberFormatProvider.&lt;init&gt;(NumberFormatProvider.java:45)
java.base/sun.util.locale.provider.NumberFormatProviderImpl.&lt;init&gt;(NumberFormatProviderImpl.java:70)
java.base/sun.util.locale.provider.JRELocaleProviderAdapter.lambda$getNumberFormatProvider$5(JRELocaleProviderAdapter.java:239)
java.base/java.security.AccessController.doPrivileged(Native Method)
java.base/sun.util.locale.provider.JRELocaleProviderAdapter.getNumberFormatProvider(JRELocaleProviderAdapter.java:235)
java.base/sun.util.locale.provider.JRELocaleProviderAdapter.getLocaleServiceProvider(JRELocaleProviderAdapter.java:103)
java.base/sun.util.locale.provider.LocaleProviderAdapter.findAdapter(LocaleProviderAdapter.java:281)
java.base/sun.util.locale.provider.LocaleProviderAdapter.getAdapter(LocaleProviderAdapter.java:250)
java.base/java.text.NumberFormat.getInstance(NumberFormat.java:905)
java.base/java.text.NumberFormat.getNumberInstance(NumberFormat.java:515)
java.base/java.util.Scanner.useLocale(Scanner.java:1270)
java.base/java.util.Scanner.&lt;init&gt;(Scanner.java:543)
java.base/java.util.Scanner.&lt;init&gt;(Scanner.java:566)
main.java.view.Menu.getTimeInterval(Menu.java:353)
main.java.view.Menu_ESTest.test33(Menu_ESTest.java:516)
java.base/jdk.internal.reflect.NativeMethodAccessorImpl.invoke0(Native Method)
java.base/jdk.internal.reflect.NativeMethodAccessorImpl.invoke(NativeMethodAccessorImpl.java:62)
java.base/jdk.internal.reflect.DelegatingMethodAccessorImpl.invoke(DelegatingMethodAccessorImpl.java:43)
java.base/java.lang.reflect.Method.invoke(Method.java:566)
org.junit.runners.model.FrameworkMethod$1.runReflectiveCall(FrameworkMethod.java:47)
org.junit.internal.runners.model.ReflectiveCallable.run(ReflectiveCallable.java:12)
org.junit.runners.model.FrameworkMethod.invokeExplosively(FrameworkMethod.java:44)
org.junit.internal.runners.statements.InvokeMethod.evaluate(InvokeMethod.java:17)
org.junit.internal.runners.statements.FailOnTimeout$StatementThread.run(FailOnTimeout.java:74)

	at org.evosuite.runtime.EvoAssertions.assertThrownBy(EvoAssertions.java:112)
	at org.evosuite.runtime.EvoAssertions.verifyException(EvoAssertions.java:49)
	at main.java.view.Menu_ESTest.test33(Menu_ESTest.java:523)
	at java.base/jdk.internal.reflect.NativeMethodAccessorImpl.invoke0(Native Method)
	at java.base/jdk.internal.reflect.NativeMethodAccessorImpl.invoke(NativeMethodAccessorImpl.java:62)
	at java.base/jdk.internal.reflect.DelegatingMethodAccessorImpl.invoke(DelegatingMethodAccessorImpl.java:43)
	at java.base/java.lang.reflect.Method.invoke(Method.java:566)
	at org.junit.runners.model.FrameworkMethod$1.runReflectiveCall(FrameworkMethod.java:47)
	at org.junit.internal.runners.model.ReflectiveCallable.run(ReflectiveCallable.java:12)
	at org.junit.runners.model.FrameworkMethod.invokeExplosively(FrameworkMethod.java:44)
	at org.junit.internal.runners.statements.InvokeMethod.evaluate(InvokeMethod.java:17)
	at org.junit.internal.runners.statements.FailOnTimeout$StatementThread.run(FailOnTimeout.java:74)
</failure>
  </testcase>
  <testcase classname="main.java.view.Menu_ESTest" name="test34" time="0.004">
    <error message="Could not initialize class java.util.logging.LogRecord$CallerFinder" type="java.lang.NoClassDefFoundError">java.lang.NoClassDefFoundError: Could not initialize class java.util.logging.LogRecord$CallerFinder
	at java.logging/java.util.logging.LogRecord.inferCaller(LogRecord.java:683)
	at java.logging/java.util.logging.LogRecord.getSourceClassName(LogRecord.java:352)
	at java.logging/java.util.logging.SimpleFormatter.format(SimpleFormatter.java:160)
	at java.logging/java.util.logging.StreamHandler.publish(StreamHandler.java:199)
	at java.logging/java.util.logging.ConsoleHandler.publish(ConsoleHandler.java:95)
	at java.logging/java.util.logging.Logger.log(Logger.java:979)
	at java.logging/java.util.logging.Logger.doLog(Logger.java:1006)
	at java.logging/java.util.logging.Logger.log(Logger.java:1029)
	at java.logging/java.util.logging.Logger.info(Logger.java:1802)
	at main.java.view.Menu.displayMenuHeader(Menu.java:413)
	at main.java.view.Menu.carOverviewShow(Menu.java:101)
	at main.java.view.Menu_ESTest.test34(Menu_ESTest.java:534)
	at java.base/jdk.internal.reflect.NativeMethodAccessorImpl.invoke0(Native Method)
	at java.base/jdk.internal.reflect.NativeMethodAccessorImpl.invoke(NativeMethodAccessorImpl.java:62)
	at java.base/jdk.internal.reflect.DelegatingMethodAccessorImpl.invoke(DelegatingMethodAccessorImpl.java:43)
	at java.base/java.lang.reflect.Method.invoke(Method.java:566)
	at org.junit.runners.model.FrameworkMethod$1.runReflectiveCall(FrameworkMethod.java:47)
	at org.junit.internal.runners.model.ReflectiveCallable.run(ReflectiveCallable.java:12)
	at org.junit.runners.model.FrameworkMethod.invokeExplosively(FrameworkMethod.java:44)
	at org.junit.internal.runners.statements.InvokeMethod.evaluate(InvokeMethod.java:17)
	at org.junit.internal.runners.statements.FailOnTimeout$StatementThread.run(FailOnTimeout.java:74)
</error>
  </testcase>
  <testcase classname="main.java.view.Menu_ESTest" name="test35" time="0.006">
    <error message="Could not initialize class java.util.logging.LogRecord$CallerFinder" type="java.lang.NoClassDefFoundError">java.lang.NoClassDefFoundError: Could not initialize class java.util.logging.LogRecord$CallerFinder
	at java.logging/java.util.logging.LogRecord.inferCaller(LogRecord.java:683)
	at java.logging/java.util.logging.LogRecord.getSourceClassName(LogRecord.java:352)
	at java.logging/java.util.logging.SimpleFormatter.format(SimpleFormatter.java:160)
	at java.logging/java.util.logging.StreamHandler.publish(StreamHandler.java:199)
	at java.logging/java.util.logging.ConsoleHandler.publish(ConsoleHandler.java:95)
	at java.logging/java.util.logging.Logger.log(Logger.java:979)
	at java.logging/java.util.logging.Logger.doLog(Logger.java:1006)
	at java.logging/java.util.logging.Logger.log(Logger.java:1029)
	at java.logging/java.util.logging.Logger.info(Logger.java:1802)
	at main.java.view.Menu.displayMenuHeader(Menu.java:413)
	at main.java.view.Menu.carOverviewShow(Menu.java:101)
	at main.java.view.Menu_ESTest.test35(Menu_ESTest.java:553)
	at java.base/jdk.internal.reflect.NativeMethodAccessorImpl.invoke0(Native Method)
	at java.base/jdk.internal.reflect.NativeMethodAccessorImpl.invoke(NativeMethodAccessorImpl.java:62)
	at java.base/jdk.internal.reflect.DelegatingMethodAccessorImpl.invoke(DelegatingMethodAccessorImpl.java:43)
	at java.base/java.lang.reflect.Method.invoke(Method.java:566)
	at org.junit.runners.model.FrameworkMethod$1.runReflectiveCall(FrameworkMethod.java:47)
	at org.junit.internal.runners.model.ReflectiveCallable.run(ReflectiveCallable.java:12)
	at org.junit.runners.model.FrameworkMethod.invokeExplosively(FrameworkMethod.java:44)
	at org.junit.internal.runners.statements.InvokeMethod.evaluate(InvokeMethod.java:17)
	at org.junit.internal.runners.statements.FailOnTimeout$StatementThread.run(FailOnTimeout.java:74)
</error>
  </testcase>
  <testcase classname="main.java.view.Menu_ESTest" name="test36" time="0.007">
    <failure message="Exception was not thrown in main.java.view.Menu but in org.evosuite.runtime.sandbox.MSecurityManager.checkPermission(MSecurityManager.java:452): java.lang.SecurityException: Security manager blocks (&quot;java.lang.RuntimePermission&quot; &quot;localeServiceProvider&quot;)
java.base/java.lang.Thread.getStackTrace(Thread.java:1606)
org.evosuite.runtime.sandbox.MSecurityManager.checkPermission(MSecurityManager.java:434)
java.base/java.util.spi.LocaleServiceProvider.checkPermission(LocaleServiceProvider.java:157)
java.base/java.util.spi.LocaleServiceProvider.&lt;init&gt;(LocaleServiceProvider.java:171)
java.base/java.text.spi.NumberFormatProvider.&lt;init&gt;(NumberFormatProvider.java:45)
java.base/sun.util.locale.provider.NumberFormatProviderImpl.&lt;init&gt;(NumberFormatProviderImpl.java:70)
java.base/sun.util.locale.provider.JRELocaleProviderAdapter.lambda$getNumberFormatProvider$5(JRELocaleProviderAdapter.java:239)
java.base/java.security.AccessController.doPrivileged(Native Method)
java.base/sun.util.locale.provider.JRELocaleProviderAdapter.getNumberFormatProvider(JRELocaleProviderAdapter.java:235)
java.base/sun.util.locale.provider.JRELocaleProviderAdapter.getLocaleServiceProvider(JRELocaleProviderAdapter.java:103)
java.base/sun.util.locale.provider.LocaleProviderAdapter.findAdapter(LocaleProviderAdapter.java:281)
java.base/sun.util.locale.provider.LocaleProviderAdapter.getAdapter(LocaleProviderAdapter.java:250)
java.base/java.text.NumberFormat.getInstance(NumberFormat.java:905)
java.base/java.text.NumberFormat.getNumberInstance(NumberFormat.java:515)
java.base/java.util.Scanner.useLocale(Scanner.java:1270)
java.base/java.util.Scanner.&lt;init&gt;(Scanner.java:543)
java.base/java.util.Scanner.&lt;init&gt;(Scanner.java:566)
main.java.view.Menu.autonomyCarRent(Menu.java:139)
main.java.view.Menu_ESTest.test36(Menu_ESTest.java:570)
java.base/jdk.internal.reflect.NativeMethodAccessorImpl.invoke0(Native Method)
java.base/jdk.internal.reflect.NativeMethodAccessorImpl.invoke(NativeMethodAccessorImpl.java:62)
java.base/jdk.internal.reflect.DelegatingMethodAccessorImpl.invoke(DelegatingMethodAccessorImpl.java:43)
java.base/java.lang.reflect.Method.invoke(Method.java:566)
org.junit.runners.model.FrameworkMethod$1.runReflectiveCall(FrameworkMethod.java:47)
org.junit.internal.runners.model.ReflectiveCallable.run(ReflectiveCallable.java:12)
org.junit.runners.model.FrameworkMethod.invokeExplosively(FrameworkMethod.java:44)
org.junit.internal.runners.statements.InvokeMethod.evaluate(InvokeMethod.java:17)
org.junit.internal.runners.statements.FailOnTimeout$StatementThread.run(FailOnTimeout.java:74)
" type="java.lang.AssertionError">java.lang.AssertionError: Exception was not thrown in main.java.view.Menu but in org.evosuite.runtime.sandbox.MSecurityManager.checkPermission(MSecurityManager.java:452): java.lang.SecurityException: Security manager blocks (&quot;java.lang.RuntimePermission&quot; &quot;localeServiceProvider&quot;)
java.base/java.lang.Thread.getStackTrace(Thread.java:1606)
org.evosuite.runtime.sandbox.MSecurityManager.checkPermission(MSecurityManager.java:434)
java.base/java.util.spi.LocaleServiceProvider.checkPermission(LocaleServiceProvider.java:157)
java.base/java.util.spi.LocaleServiceProvider.&lt;init&gt;(LocaleServiceProvider.java:171)
java.base/java.text.spi.NumberFormatProvider.&lt;init&gt;(NumberFormatProvider.java:45)
java.base/sun.util.locale.provider.NumberFormatProviderImpl.&lt;init&gt;(NumberFormatProviderImpl.java:70)
java.base/sun.util.locale.provider.JRELocaleProviderAdapter.lambda$getNumberFormatProvider$5(JRELocaleProviderAdapter.java:239)
java.base/java.security.AccessController.doPrivileged(Native Method)
java.base/sun.util.locale.provider.JRELocaleProviderAdapter.getNumberFormatProvider(JRELocaleProviderAdapter.java:235)
java.base/sun.util.locale.provider.JRELocaleProviderAdapter.getLocaleServiceProvider(JRELocaleProviderAdapter.java:103)
java.base/sun.util.locale.provider.LocaleProviderAdapter.findAdapter(LocaleProviderAdapter.java:281)
java.base/sun.util.locale.provider.LocaleProviderAdapter.getAdapter(LocaleProviderAdapter.java:250)
java.base/java.text.NumberFormat.getInstance(NumberFormat.java:905)
java.base/java.text.NumberFormat.getNumberInstance(NumberFormat.java:515)
java.base/java.util.Scanner.useLocale(Scanner.java:1270)
java.base/java.util.Scanner.&lt;init&gt;(Scanner.java:543)
java.base/java.util.Scanner.&lt;init&gt;(Scanner.java:566)
main.java.view.Menu.autonomyCarRent(Menu.java:139)
main.java.view.Menu_ESTest.test36(Menu_ESTest.java:570)
java.base/jdk.internal.reflect.NativeMethodAccessorImpl.invoke0(Native Method)
java.base/jdk.internal.reflect.NativeMethodAccessorImpl.invoke(NativeMethodAccessorImpl.java:62)
java.base/jdk.internal.reflect.DelegatingMethodAccessorImpl.invoke(DelegatingMethodAccessorImpl.java:43)
java.base/java.lang.reflect.Method.invoke(Method.java:566)
org.junit.runners.model.FrameworkMethod$1.runReflectiveCall(FrameworkMethod.java:47)
org.junit.internal.runners.model.ReflectiveCallable.run(ReflectiveCallable.java:12)
org.junit.runners.model.FrameworkMethod.invokeExplosively(FrameworkMethod.java:44)
org.junit.internal.runners.statements.InvokeMethod.evaluate(InvokeMethod.java:17)
org.junit.internal.runners.statements.FailOnTimeout$StatementThread.run(FailOnTimeout.java:74)

	at org.evosuite.runtime.EvoAssertions.assertThrownBy(EvoAssertions.java:112)
	at org.evosuite.runtime.EvoAssertions.verifyException(EvoAssertions.java:49)
	at main.java.view.Menu_ESTest.test36(Menu_ESTest.java:577)
	at java.base/jdk.internal.reflect.NativeMethodAccessorImpl.invoke0(Native Method)
	at java.base/jdk.internal.reflect.NativeMethodAccessorImpl.invoke(NativeMethodAccessorImpl.java:62)
	at java.base/jdk.internal.reflect.DelegatingMethodAccessorImpl.invoke(DelegatingMethodAccessorImpl.java:43)
	at java.base/java.lang.reflect.Method.invoke(Method.java:566)
	at org.junit.runners.model.FrameworkMethod$1.runReflectiveCall(FrameworkMethod.java:47)
	at org.junit.internal.runners.model.ReflectiveCallable.run(ReflectiveCallable.java:12)
	at org.junit.runners.model.FrameworkMethod.invokeExplosively(FrameworkMethod.java:44)
	at org.junit.internal.runners.statements.InvokeMethod.evaluate(InvokeMethod.java:17)
	at org.junit.internal.runners.statements.FailOnTimeout$StatementThread.run(FailOnTimeout.java:74)
</failure>
  </testcase>
  <testcase classname="main.java.view.Menu_ESTest" name="test37" time="0.003"/>
  <testcase classname="main.java.view.Menu_ESTest" name="test38" time="0.004"/>
  <testcase classname="main.java.view.Menu_ESTest" name="test39" time="0.004">
    <error message="Could not initialize class java.util.logging.LogRecord$CallerFinder" type="java.lang.NoClassDefFoundError">java.lang.NoClassDefFoundError: Could not initialize class java.util.logging.LogRecord$CallerFinder
	at java.logging/java.util.logging.LogRecord.inferCaller(LogRecord.java:683)
	at java.logging/java.util.logging.LogRecord.getSourceClassName(LogRecord.java:352)
	at java.logging/java.util.logging.SimpleFormatter.format(SimpleFormatter.java:160)
	at java.logging/java.util.logging.StreamHandler.publish(StreamHandler.java:199)
	at java.logging/java.util.logging.ConsoleHandler.publish(ConsoleHandler.java:95)
	at java.logging/java.util.logging.Logger.log(Logger.java:979)
	at java.logging/java.util.logging.Logger.doLog(Logger.java:1006)
	at java.logging/java.util.logging.Logger.log(Logger.java:1029)
	at java.logging/java.util.logging.Logger.info(Logger.java:1802)
	at main.java.view.Menu.parser(Menu.java:321)
	at main.java.view.Menu_ESTest.test39(Menu_ESTest.java:608)
	at java.base/jdk.internal.reflect.NativeMethodAccessorImpl.invoke0(Native Method)
	at java.base/jdk.internal.reflect.NativeMethodAccessorImpl.invoke(NativeMethodAccessorImpl.java:62)
	at java.base/jdk.internal.reflect.DelegatingMethodAccessorImpl.invoke(DelegatingMethodAccessorImpl.java:43)
	at java.base/java.lang.reflect.Method.invoke(Method.java:566)
	at org.junit.runners.model.FrameworkMethod$1.runReflectiveCall(FrameworkMethod.java:47)
	at org.junit.internal.runners.model.ReflectiveCallable.run(ReflectiveCallable.java:12)
	at org.junit.runners.model.FrameworkMethod.invokeExplosively(FrameworkMethod.java:44)
	at org.junit.internal.runners.statements.InvokeMethod.evaluate(InvokeMethod.java:17)
	at org.junit.internal.runners.statements.FailOnTimeout$StatementThread.run(FailOnTimeout.java:74)
</error>
  </testcase>
  <testcase classname="main.java.view.Menu_ESTest" name="test40" time="0.006">
    <error message="Could not initialize class java.util.logging.LogRecord$CallerFinder" type="java.lang.NoClassDefFoundError">java.lang.NoClassDefFoundError: Could not initialize class java.util.logging.LogRecord$CallerFinder
	at java.logging/java.util.logging.LogRecord.inferCaller(LogRecord.java:683)
	at java.logging/java.util.logging.LogRecord.getSourceClassName(LogRecord.java:352)
	at java.logging/java.util.logging.SimpleFormatter.format(SimpleFormatter.java:160)
	at java.logging/java.util.logging.StreamHandler.publish(StreamHandler.java:199)
	at java.logging/java.util.logging.ConsoleHandler.publish(ConsoleHandler.java:95)
	at java.logging/java.util.logging.Logger.log(Logger.java:979)
	at java.logging/java.util.logging.Logger.doLog(Logger.java:1006)
	at java.logging/java.util.logging.Logger.log(Logger.java:1029)
	at java.logging/java.util.logging.Logger.info(Logger.java:1802)
	at main.java.view.Menu.parser(Menu.java:321)
	at main.java.view.Menu_ESTest.test40(Menu_ESTest.java:626)
	at java.base/jdk.internal.reflect.NativeMethodAccessorImpl.invoke0(Native Method)
	at java.base/jdk.internal.reflect.NativeMethodAccessorImpl.invoke(NativeMethodAccessorImpl.java:62)
	at java.base/jdk.internal.reflect.DelegatingMethodAccessorImpl.invoke(DelegatingMethodAccessorImpl.java:43)
	at java.base/java.lang.reflect.Method.invoke(Method.java:566)
	at org.junit.runners.model.FrameworkMethod$1.runReflectiveCall(FrameworkMethod.java:47)
	at org.junit.internal.runners.model.ReflectiveCallable.run(ReflectiveCallable.java:12)
	at org.junit.runners.model.FrameworkMethod.invokeExplosively(FrameworkMethod.java:44)
	at org.junit.internal.runners.statements.InvokeMethod.evaluate(InvokeMethod.java:17)
	at org.junit.internal.runners.statements.FailOnTimeout$StatementThread.run(FailOnTimeout.java:74)
</error>
  </testcase>
  <testcase classname="main.java.view.Menu_ESTest" name="test41" time="0.006">
    <error message="Could not initialize class java.util.logging.LogRecord$CallerFinder" type="java.lang.NoClassDefFoundError">java.lang.NoClassDefFoundError: Could not initialize class java.util.logging.LogRecord$CallerFinder
	at java.logging/java.util.logging.LogRecord.inferCaller(LogRecord.java:683)
	at java.logging/java.util.logging.LogRecord.getSourceClassName(LogRecord.java:352)
	at java.logging/java.util.logging.SimpleFormatter.format(SimpleFormatter.java:160)
	at java.logging/java.util.logging.StreamHandler.publish(StreamHandler.java:199)
	at java.logging/java.util.logging.ConsoleHandler.publish(ConsoleHandler.java:95)
	at java.logging/java.util.logging.Logger.log(Logger.java:979)
	at java.logging/java.util.logging.Logger.doLog(Logger.java:1006)
	at java.logging/java.util.logging.Logger.log(Logger.java:1029)
	at java.logging/java.util.logging.Logger.info(Logger.java:1802)
	at main.java.view.Menu.parser(Menu.java:321)
	at main.java.view.Menu_ESTest.test41(Menu_ESTest.java:644)
	at java.base/jdk.internal.reflect.NativeMethodAccessorImpl.invoke0(Native Method)
	at java.base/jdk.internal.reflect.NativeMethodAccessorImpl.invoke(NativeMethodAccessorImpl.java:62)
	at java.base/jdk.internal.reflect.DelegatingMethodAccessorImpl.invoke(DelegatingMethodAccessorImpl.java:43)
	at java.base/java.lang.reflect.Method.invoke(Method.java:566)
	at org.junit.runners.model.FrameworkMethod$1.runReflectiveCall(FrameworkMethod.java:47)
	at org.junit.internal.runners.model.ReflectiveCallable.run(ReflectiveCallable.java:12)
	at org.junit.runners.model.FrameworkMethod.invokeExplosively(FrameworkMethod.java:44)
	at org.junit.internal.runners.statements.InvokeMethod.evaluate(InvokeMethod.java:17)
	at org.junit.internal.runners.statements.FailOnTimeout$StatementThread.run(FailOnTimeout.java:74)
</error>
  </testcase>
  <testcase classname="main.java.view.Menu_ESTest" name="test42" time="0.004">
    <error message="Could not initialize class java.util.logging.LogRecord$CallerFinder" type="java.lang.NoClassDefFoundError">java.lang.NoClassDefFoundError: Could not initialize class java.util.logging.LogRecord$CallerFinder
	at java.logging/java.util.logging.LogRecord.inferCaller(LogRecord.java:683)
	at java.logging/java.util.logging.LogRecord.getSourceClassName(LogRecord.java:352)
	at java.logging/java.util.logging.SimpleFormatter.format(SimpleFormatter.java:160)
	at java.logging/java.util.logging.StreamHandler.publish(StreamHandler.java:199)
	at java.logging/java.util.logging.ConsoleHandler.publish(ConsoleHandler.java:95)
	at java.logging/java.util.logging.Logger.log(Logger.java:979)
	at java.logging/java.util.logging.Logger.doLog(Logger.java:1006)
	at java.logging/java.util.logging.Logger.log(Logger.java:1029)
	at java.logging/java.util.logging.Logger.info(Logger.java:1802)
	at main.java.view.Menu.displayMenuHeader(Menu.java:413)
	at main.java.view.Menu.top10ClientsShow(Menu.java:197)
	at main.java.view.Menu_ESTest.test42(Menu_ESTest.java:663)
	at java.base/jdk.internal.reflect.NativeMethodAccessorImpl.invoke0(Native Method)
	at java.base/jdk.internal.reflect.NativeMethodAccessorImpl.invoke(NativeMethodAccessorImpl.java:62)
	at java.base/jdk.internal.reflect.DelegatingMethodAccessorImpl.invoke(DelegatingMethodAccessorImpl.java:43)
	at java.base/java.lang.reflect.Method.invoke(Method.java:566)
	at org.junit.runners.model.FrameworkMethod$1.runReflectiveCall(FrameworkMethod.java:47)
	at org.junit.internal.runners.model.ReflectiveCallable.run(ReflectiveCallable.java:12)
	at org.junit.runners.model.FrameworkMethod.invokeExplosively(FrameworkMethod.java:44)
	at org.junit.internal.runners.statements.InvokeMethod.evaluate(InvokeMethod.java:17)
	at org.junit.internal.runners.statements.FailOnTimeout$StatementThread.run(FailOnTimeout.java:74)
</error>
  </testcase>
  <testcase classname="main.java.view.Menu_ESTest" name="test43" time="0.005"/>
  <testcase classname="main.java.view.Menu_ESTest" name="test00" time="0.006">
    <error message="Security manager blocks (&quot;java.lang.RuntimePermission&quot; &quot;localeServiceProvider&quot;)
java.base/java.lang.Thread.getStackTrace(Thread.java:1606)
org.evosuite.runtime.sandbox.MSecurityManager.checkPermission(MSecurityManager.java:434)
java.base/java.util.spi.LocaleServiceProvider.checkPermission(LocaleServiceProvider.java:157)
java.base/java.util.spi.LocaleServiceProvider.&lt;init&gt;(LocaleServiceProvider.java:171)
java.base/java.text.spi.NumberFormatProvider.&lt;init&gt;(NumberFormatProvider.java:45)
java.base/sun.util.locale.provider.NumberFormatProviderImpl.&lt;init&gt;(NumberFormatProviderImpl.java:70)
java.base/sun.util.locale.provider.JRELocaleProviderAdapter.lambda$getNumberFormatProvider$5(JRELocaleProviderAdapter.java:239)
java.base/java.security.AccessController.doPrivileged(Native Method)
java.base/sun.util.locale.provider.JRELocaleProviderAdapter.getNumberFormatProvider(JRELocaleProviderAdapter.java:235)
java.base/sun.util.locale.provider.JRELocaleProviderAdapter.getLocaleServiceProvider(JRELocaleProviderAdapter.java:103)
java.base/sun.util.locale.provider.LocaleProviderAdapter.findAdapter(LocaleProviderAdapter.java:281)
java.base/sun.util.locale.provider.LocaleProviderAdapter.getAdapter(LocaleProviderAdapter.java:250)
java.base/java.text.NumberFormat.getInstance(NumberFormat.java:905)
java.base/java.text.NumberFormat.getNumberInstance(NumberFormat.java:515)
java.base/java.util.Scanner.useLocale(Scanner.java:1270)
java.base/java.util.Scanner.&lt;init&gt;(Scanner.java:543)
java.base/java.util.Scanner.&lt;init&gt;(Scanner.java:566)
main.java.view.Menu.getLoc(Menu.java:432)
main.java.view.Menu.newRegisterUserAux(Menu.java:312)
main.java.view.Menu_ESTest.test00(Menu_ESTest.java:41)
java.base/jdk.internal.reflect.NativeMethodAccessorImpl.invoke0(Native Method)
java.base/jdk.internal.reflect.NativeMethodAccessorImpl.invoke(NativeMethodAccessorImpl.java:62)
java.base/jdk.internal.reflect.DelegatingMethodAccessorImpl.invoke(DelegatingMethodAccessorImpl.java:43)
java.base/java.lang.reflect.Method.invoke(Method.java:566)
org.junit.runners.model.FrameworkMethod$1.runReflectiveCall(FrameworkMethod.java:47)
org.junit.internal.runners.model.ReflectiveCallable.run(ReflectiveCallable.java:12)
org.junit.runners.model.FrameworkMethod.invokeExplosively(FrameworkMethod.java:44)
org.junit.internal.runners.statements.InvokeMethod.evaluate(InvokeMethod.java:17)
org.junit.internal.runners.statements.FailOnTimeout$StatementThread.run(FailOnTimeout.java:74)
" type="java.lang.SecurityException">java.lang.SecurityException: Security manager blocks (&quot;java.lang.RuntimePermission&quot; &quot;localeServiceProvider&quot;)
java.base/java.lang.Thread.getStackTrace(Thread.java:1606)
org.evosuite.runtime.sandbox.MSecurityManager.checkPermission(MSecurityManager.java:434)
java.base/java.util.spi.LocaleServiceProvider.checkPermission(LocaleServiceProvider.java:157)
java.base/java.util.spi.LocaleServiceProvider.&lt;init&gt;(LocaleServiceProvider.java:171)
java.base/java.text.spi.NumberFormatProvider.&lt;init&gt;(NumberFormatProvider.java:45)
java.base/sun.util.locale.provider.NumberFormatProviderImpl.&lt;init&gt;(NumberFormatProviderImpl.java:70)
java.base/sun.util.locale.provider.JRELocaleProviderAdapter.lambda$getNumberFormatProvider$5(JRELocaleProviderAdapter.java:239)
java.base/java.security.AccessController.doPrivileged(Native Method)
java.base/sun.util.locale.provider.JRELocaleProviderAdapter.getNumberFormatProvider(JRELocaleProviderAdapter.java:235)
java.base/sun.util.locale.provider.JRELocaleProviderAdapter.getLocaleServiceProvider(JRELocaleProviderAdapter.java:103)
java.base/sun.util.locale.provider.LocaleProviderAdapter.findAdapter(LocaleProviderAdapter.java:281)
java.base/sun.util.locale.provider.LocaleProviderAdapter.getAdapter(LocaleProviderAdapter.java:250)
java.base/java.text.NumberFormat.getInstance(NumberFormat.java:905)
java.base/java.text.NumberFormat.getNumberInstance(NumberFormat.java:515)
java.base/java.util.Scanner.useLocale(Scanner.java:1270)
java.base/java.util.Scanner.&lt;init&gt;(Scanner.java:543)
java.base/java.util.Scanner.&lt;init&gt;(Scanner.java:566)
main.java.view.Menu.getLoc(Menu.java:432)
main.java.view.Menu.newRegisterUserAux(Menu.java:312)
main.java.view.Menu_ESTest.test00(Menu_ESTest.java:41)
java.base/jdk.internal.reflect.NativeMethodAccessorImpl.invoke0(Native Method)
java.base/jdk.internal.reflect.NativeMethodAccessorImpl.invoke(NativeMethodAccessorImpl.java:62)
java.base/jdk.internal.reflect.DelegatingMethodAccessorImpl.invoke(DelegatingMethodAccessorImpl.java:43)
java.base/java.lang.reflect.Method.invoke(Method.java:566)
org.junit.runners.model.FrameworkMethod$1.runReflectiveCall(FrameworkMethod.java:47)
org.junit.internal.runners.model.ReflectiveCallable.run(ReflectiveCallable.java:12)
org.junit.runners.model.FrameworkMethod.invokeExplosively(FrameworkMethod.java:44)
org.junit.internal.runners.statements.InvokeMethod.evaluate(InvokeMethod.java:17)
org.junit.internal.runners.statements.FailOnTimeout$StatementThread.run(FailOnTimeout.java:74)

	at org.evosuite.runtime.sandbox.MSecurityManager.checkPermission(MSecurityManager.java:452)
	at java.base/java.util.spi.LocaleServiceProvider.checkPermission(LocaleServiceProvider.java:157)
	at java.base/java.util.spi.LocaleServiceProvider.&lt;init&gt;(LocaleServiceProvider.java:171)
	at java.base/java.text.spi.NumberFormatProvider.&lt;init&gt;(NumberFormatProvider.java:45)
	at java.base/sun.util.locale.provider.NumberFormatProviderImpl.&lt;init&gt;(NumberFormatProviderImpl.java:70)
	at java.base/sun.util.locale.provider.JRELocaleProviderAdapter.lambda$getNumberFormatProvider$5(JRELocaleProviderAdapter.java:239)
	at java.base/java.security.AccessController.doPrivileged(Native Method)
	at java.base/sun.util.locale.provider.JRELocaleProviderAdapter.getNumberFormatProvider(JRELocaleProviderAdapter.java:235)
	at java.base/sun.util.locale.provider.JRELocaleProviderAdapter.getLocaleServiceProvider(JRELocaleProviderAdapter.java:103)
	at java.base/sun.util.locale.provider.LocaleProviderAdapter.findAdapter(LocaleProviderAdapter.java:281)
	at java.base/sun.util.locale.provider.LocaleProviderAdapter.getAdapter(LocaleProviderAdapter.java:250)
	at java.base/java.text.NumberFormat.getInstance(NumberFormat.java:905)
	at java.base/java.text.NumberFormat.getNumberInstance(NumberFormat.java:515)
	at java.base/java.util.Scanner.useLocale(Scanner.java:1270)
	at java.base/java.util.Scanner.&lt;init&gt;(Scanner.java:543)
	at java.base/java.util.Scanner.&lt;init&gt;(Scanner.java:566)
	at main.java.view.Menu.getLoc(Menu.java:432)
	at main.java.view.Menu.newRegisterUserAux(Menu.java:312)
	at main.java.view.Menu_ESTest.test00(Menu_ESTest.java:41)
	at java.base/jdk.internal.reflect.NativeMethodAccessorImpl.invoke0(Native Method)
	at java.base/jdk.internal.reflect.NativeMethodAccessorImpl.invoke(NativeMethodAccessorImpl.java:62)
	at java.base/jdk.internal.reflect.DelegatingMethodAccessorImpl.invoke(DelegatingMethodAccessorImpl.java:43)
	at java.base/java.lang.reflect.Method.invoke(Method.java:566)
	at org.junit.runners.model.FrameworkMethod$1.runReflectiveCall(FrameworkMethod.java:47)
	at org.junit.internal.runners.model.ReflectiveCallable.run(ReflectiveCallable.java:12)
	at org.junit.runners.model.FrameworkMethod.invokeExplosively(FrameworkMethod.java:44)
	at org.junit.internal.runners.statements.InvokeMethod.evaluate(InvokeMethod.java:17)
	at org.junit.internal.runners.statements.FailOnTimeout$StatementThread.run(FailOnTimeout.java:74)
</error>
  </testcase>
  <testcase classname="main.java.view.Menu_ESTest" name="test44" time="0.005"/>
  <testcase classname="main.java.view.Menu_ESTest" name="test01" time="0.008">
    <error message="Security manager blocks (&quot;java.lang.RuntimePermission&quot; &quot;localeServiceProvider&quot;)
java.base/java.lang.Thread.getStackTrace(Thread.java:1606)
org.evosuite.runtime.sandbox.MSecurityManager.checkPermission(MSecurityManager.java:434)
java.base/java.util.spi.LocaleServiceProvider.checkPermission(LocaleServiceProvider.java:157)
java.base/java.util.spi.LocaleServiceProvider.&lt;init&gt;(LocaleServiceProvider.java:171)
java.base/java.text.spi.NumberFormatProvider.&lt;init&gt;(NumberFormatProvider.java:45)
java.base/sun.util.locale.provider.NumberFormatProviderImpl.&lt;init&gt;(NumberFormatProviderImpl.java:70)
java.base/sun.util.locale.provider.JRELocaleProviderAdapter.lambda$getNumberFormatProvider$5(JRELocaleProviderAdapter.java:239)
java.base/java.security.AccessController.doPrivileged(Native Method)
java.base/sun.util.locale.provider.JRELocaleProviderAdapter.getNumberFormatProvider(JRELocaleProviderAdapter.java:235)
java.base/sun.util.locale.provider.JRELocaleProviderAdapter.getLocaleServiceProvider(JRELocaleProviderAdapter.java:103)
java.base/sun.util.locale.provider.LocaleProviderAdapter.findAdapter(LocaleProviderAdapter.java:281)
java.base/sun.util.locale.provider.LocaleProviderAdapter.getAdapter(LocaleProviderAdapter.java:250)
java.base/java.text.NumberFormat.getInstance(NumberFormat.java:905)
java.base/java.text.NumberFormat.getNumberInstance(NumberFormat.java:515)
java.base/java.util.Scanner.useLocale(Scanner.java:1270)
java.base/java.util.Scanner.&lt;init&gt;(Scanner.java:543)
java.base/java.util.Scanner.&lt;init&gt;(Scanner.java:566)
main.java.view.Menu.pendingRateShow(Menu.java:374)
main.java.view.Menu_ESTest.test01(Menu_ESTest.java:55)
java.base/jdk.internal.reflect.NativeMethodAccessorImpl.invoke0(Native Method)
java.base/jdk.internal.reflect.NativeMethodAccessorImpl.invoke(NativeMethodAccessorImpl.java:62)
java.base/jdk.internal.reflect.DelegatingMethodAccessorImpl.invoke(DelegatingMethodAccessorImpl.java:43)
java.base/java.lang.reflect.Method.invoke(Method.java:566)
org.junit.runners.model.FrameworkMethod$1.runReflectiveCall(FrameworkMethod.java:47)
org.junit.internal.runners.model.ReflectiveCallable.run(ReflectiveCallable.java:12)
org.junit.runners.model.FrameworkMethod.invokeExplosively(FrameworkMethod.java:44)
org.junit.internal.runners.statements.InvokeMethod.evaluate(InvokeMethod.java:17)
org.junit.internal.runners.statements.FailOnTimeout$StatementThread.run(FailOnTimeout.java:74)
" type="java.lang.SecurityException">java.lang.SecurityException: Security manager blocks (&quot;java.lang.RuntimePermission&quot; &quot;localeServiceProvider&quot;)
java.base/java.lang.Thread.getStackTrace(Thread.java:1606)
org.evosuite.runtime.sandbox.MSecurityManager.checkPermission(MSecurityManager.java:434)
java.base/java.util.spi.LocaleServiceProvider.checkPermission(LocaleServiceProvider.java:157)
java.base/java.util.spi.LocaleServiceProvider.&lt;init&gt;(LocaleServiceProvider.java:171)
java.base/java.text.spi.NumberFormatProvider.&lt;init&gt;(NumberFormatProvider.java:45)
java.base/sun.util.locale.provider.NumberFormatProviderImpl.&lt;init&gt;(NumberFormatProviderImpl.java:70)
java.base/sun.util.locale.provider.JRELocaleProviderAdapter.lambda$getNumberFormatProvider$5(JRELocaleProviderAdapter.java:239)
java.base/java.security.AccessController.doPrivileged(Native Method)
java.base/sun.util.locale.provider.JRELocaleProviderAdapter.getNumberFormatProvider(JRELocaleProviderAdapter.java:235)
java.base/sun.util.locale.provider.JRELocaleProviderAdapter.getLocaleServiceProvider(JRELocaleProviderAdapter.java:103)
java.base/sun.util.locale.provider.LocaleProviderAdapter.findAdapter(LocaleProviderAdapter.java:281)
java.base/sun.util.locale.provider.LocaleProviderAdapter.getAdapter(LocaleProviderAdapter.java:250)
java.base/java.text.NumberFormat.getInstance(NumberFormat.java:905)
java.base/java.text.NumberFormat.getNumberInstance(NumberFormat.java:515)
java.base/java.util.Scanner.useLocale(Scanner.java:1270)
java.base/java.util.Scanner.&lt;init&gt;(Scanner.java:543)
java.base/java.util.Scanner.&lt;init&gt;(Scanner.java:566)
main.java.view.Menu.pendingRateShow(Menu.java:374)
main.java.view.Menu_ESTest.test01(Menu_ESTest.java:55)
java.base/jdk.internal.reflect.NativeMethodAccessorImpl.invoke0(Native Method)
java.base/jdk.internal.reflect.NativeMethodAccessorImpl.invoke(NativeMethodAccessorImpl.java:62)
java.base/jdk.internal.reflect.DelegatingMethodAccessorImpl.invoke(DelegatingMethodAccessorImpl.java:43)
java.base/java.lang.reflect.Method.invoke(Method.java:566)
org.junit.runners.model.FrameworkMethod$1.runReflectiveCall(FrameworkMethod.java:47)
org.junit.internal.runners.model.ReflectiveCallable.run(ReflectiveCallable.java:12)
org.junit.runners.model.FrameworkMethod.invokeExplosively(FrameworkMethod.java:44)
org.junit.internal.runners.statements.InvokeMethod.evaluate(InvokeMethod.java:17)
org.junit.internal.runners.statements.FailOnTimeout$StatementThread.run(FailOnTimeout.java:74)

	at org.evosuite.runtime.sandbox.MSecurityManager.checkPermission(MSecurityManager.java:452)
	at java.base/java.util.spi.LocaleServiceProvider.checkPermission(LocaleServiceProvider.java:157)
	at java.base/java.util.spi.LocaleServiceProvider.&lt;init&gt;(LocaleServiceProvider.java:171)
	at java.base/java.text.spi.NumberFormatProvider.&lt;init&gt;(NumberFormatProvider.java:45)
	at java.base/sun.util.locale.provider.NumberFormatProviderImpl.&lt;init&gt;(NumberFormatProviderImpl.java:70)
	at java.base/sun.util.locale.provider.JRELocaleProviderAdapter.lambda$getNumberFormatProvider$5(JRELocaleProviderAdapter.java:239)
	at java.base/java.security.AccessController.doPrivileged(Native Method)
	at java.base/sun.util.locale.provider.JRELocaleProviderAdapter.getNumberFormatProvider(JRELocaleProviderAdapter.java:235)
	at java.base/sun.util.locale.provider.JRELocaleProviderAdapter.getLocaleServiceProvider(JRELocaleProviderAdapter.java:103)
	at java.base/sun.util.locale.provider.LocaleProviderAdapter.findAdapter(LocaleProviderAdapter.java:281)
	at java.base/sun.util.locale.provider.LocaleProviderAdapter.getAdapter(LocaleProviderAdapter.java:250)
	at java.base/java.text.NumberFormat.getInstance(NumberFormat.java:905)
	at java.base/java.text.NumberFormat.getNumberInstance(NumberFormat.java:515)
	at java.base/java.util.Scanner.useLocale(Scanner.java:1270)
	at java.base/java.util.Scanner.&lt;init&gt;(Scanner.java:543)
	at java.base/java.util.Scanner.&lt;init&gt;(Scanner.java:566)
	at main.java.view.Menu.pendingRateShow(Menu.java:374)
	at main.java.view.Menu_ESTest.test01(Menu_ESTest.java:55)
	at java.base/jdk.internal.reflect.NativeMethodAccessorImpl.invoke0(Native Method)
	at java.base/jdk.internal.reflect.NativeMethodAccessorImpl.invoke(NativeMethodAccessorImpl.java:62)
	at java.base/jdk.internal.reflect.DelegatingMethodAccessorImpl.invoke(DelegatingMethodAccessorImpl.java:43)
	at java.base/java.lang.reflect.Method.invoke(Method.java:566)
	at org.junit.runners.model.FrameworkMethod$1.runReflectiveCall(FrameworkMethod.java:47)
	at org.junit.internal.runners.model.ReflectiveCallable.run(ReflectiveCallable.java:12)
	at org.junit.runners.model.FrameworkMethod.invokeExplosively(FrameworkMethod.java:44)
	at org.junit.internal.runners.statements.InvokeMethod.evaluate(InvokeMethod.java:17)
	at org.junit.internal.runners.statements.FailOnTimeout$StatementThread.run(FailOnTimeout.java:74)
</error>
  </testcase>
  <testcase classname="main.java.view.Menu_ESTest" name="test45" time="0.006"/>
  <testcase classname="main.java.view.Menu_ESTest" name="test02" time="0.008">
    <error message="Security manager blocks (&quot;java.lang.RuntimePermission&quot; &quot;localeServiceProvider&quot;)
java.base/java.lang.Thread.getStackTrace(Thread.java:1606)
org.evosuite.runtime.sandbox.MSecurityManager.checkPermission(MSecurityManager.java:434)
java.base/java.util.spi.LocaleServiceProvider.checkPermission(LocaleServiceProvider.java:157)
java.base/java.util.spi.LocaleServiceProvider.&lt;init&gt;(LocaleServiceProvider.java:171)
java.base/java.text.spi.NumberFormatProvider.&lt;init&gt;(NumberFormatProvider.java:45)
java.base/sun.util.locale.provider.NumberFormatProviderImpl.&lt;init&gt;(NumberFormatProviderImpl.java:70)
java.base/sun.util.locale.provider.JRELocaleProviderAdapter.lambda$getNumberFormatProvider$5(JRELocaleProviderAdapter.java:239)
java.base/java.security.AccessController.doPrivileged(Native Method)
java.base/sun.util.locale.provider.JRELocaleProviderAdapter.getNumberFormatProvider(JRELocaleProviderAdapter.java:235)
java.base/sun.util.locale.provider.JRELocaleProviderAdapter.getLocaleServiceProvider(JRELocaleProviderAdapter.java:103)
java.base/sun.util.locale.provider.LocaleProviderAdapter.findAdapter(LocaleProviderAdapter.java:281)
java.base/sun.util.locale.provider.LocaleProviderAdapter.getAdapter(LocaleProviderAdapter.java:250)
java.base/java.text.NumberFormat.getInstance(NumberFormat.java:905)
java.base/java.text.NumberFormat.getNumberInstance(NumberFormat.java:515)
java.base/java.util.Scanner.useLocale(Scanner.java:1270)
java.base/java.util.Scanner.&lt;init&gt;(Scanner.java:543)
java.base/java.util.Scanner.&lt;init&gt;(Scanner.java:566)
main.java.view.Menu.walkingDistanceRent(Menu.java:155)
main.java.view.Menu_ESTest.test02(Menu_ESTest.java:68)
java.base/jdk.internal.reflect.NativeMethodAccessorImpl.invoke0(Native Method)
java.base/jdk.internal.reflect.NativeMethodAccessorImpl.invoke(NativeMethodAccessorImpl.java:62)
java.base/jdk.internal.reflect.DelegatingMethodAccessorImpl.invoke(DelegatingMethodAccessorImpl.java:43)
java.base/java.lang.reflect.Method.invoke(Method.java:566)
org.junit.runners.model.FrameworkMethod$1.runReflectiveCall(FrameworkMethod.java:47)
org.junit.internal.runners.model.ReflectiveCallable.run(ReflectiveCallable.java:12)
org.junit.runners.model.FrameworkMethod.invokeExplosively(FrameworkMethod.java:44)
org.junit.internal.runners.statements.InvokeMethod.evaluate(InvokeMethod.java:17)
org.junit.internal.runners.statements.FailOnTimeout$StatementThread.run(FailOnTimeout.java:74)
" type="java.lang.SecurityException">java.lang.SecurityException: Security manager blocks (&quot;java.lang.RuntimePermission&quot; &quot;localeServiceProvider&quot;)
java.base/java.lang.Thread.getStackTrace(Thread.java:1606)
org.evosuite.runtime.sandbox.MSecurityManager.checkPermission(MSecurityManager.java:434)
java.base/java.util.spi.LocaleServiceProvider.checkPermission(LocaleServiceProvider.java:157)
java.base/java.util.spi.LocaleServiceProvider.&lt;init&gt;(LocaleServiceProvider.java:171)
java.base/java.text.spi.NumberFormatProvider.&lt;init&gt;(NumberFormatProvider.java:45)
java.base/sun.util.locale.provider.NumberFormatProviderImpl.&lt;init&gt;(NumberFormatProviderImpl.java:70)
java.base/sun.util.locale.provider.JRELocaleProviderAdapter.lambda$getNumberFormatProvider$5(JRELocaleProviderAdapter.java:239)
java.base/java.security.AccessController.doPrivileged(Native Method)
java.base/sun.util.locale.provider.JRELocaleProviderAdapter.getNumberFormatProvider(JRELocaleProviderAdapter.java:235)
java.base/sun.util.locale.provider.JRELocaleProviderAdapter.getLocaleServiceProvider(JRELocaleProviderAdapter.java:103)
java.base/sun.util.locale.provider.LocaleProviderAdapter.findAdapter(LocaleProviderAdapter.java:281)
java.base/sun.util.locale.provider.LocaleProviderAdapter.getAdapter(LocaleProviderAdapter.java:250)
java.base/java.text.NumberFormat.getInstance(NumberFormat.java:905)
java.base/java.text.NumberFormat.getNumberInstance(NumberFormat.java:515)
java.base/java.util.Scanner.useLocale(Scanner.java:1270)
java.base/java.util.Scanner.&lt;init&gt;(Scanner.java:543)
java.base/java.util.Scanner.&lt;init&gt;(Scanner.java:566)
main.java.view.Menu.walkingDistanceRent(Menu.java:155)
main.java.view.Menu_ESTest.test02(Menu_ESTest.java:68)
java.base/jdk.internal.reflect.NativeMethodAccessorImpl.invoke0(Native Method)
java.base/jdk.internal.reflect.NativeMethodAccessorImpl.invoke(NativeMethodAccessorImpl.java:62)
java.base/jdk.internal.reflect.DelegatingMethodAccessorImpl.invoke(DelegatingMethodAccessorImpl.java:43)
java.base/java.lang.reflect.Method.invoke(Method.java:566)
org.junit.runners.model.FrameworkMethod$1.runReflectiveCall(FrameworkMethod.java:47)
org.junit.internal.runners.model.ReflectiveCallable.run(ReflectiveCallable.java:12)
org.junit.runners.model.FrameworkMethod.invokeExplosively(FrameworkMethod.java:44)
org.junit.internal.runners.statements.InvokeMethod.evaluate(InvokeMethod.java:17)
org.junit.internal.runners.statements.FailOnTimeout$StatementThread.run(FailOnTimeout.java:74)

	at org.evosuite.runtime.sandbox.MSecurityManager.checkPermission(MSecurityManager.java:452)
	at java.base/java.util.spi.LocaleServiceProvider.checkPermission(LocaleServiceProvider.java:157)
	at java.base/java.util.spi.LocaleServiceProvider.&lt;init&gt;(LocaleServiceProvider.java:171)
	at java.base/java.text.spi.NumberFormatProvider.&lt;init&gt;(NumberFormatProvider.java:45)
	at java.base/sun.util.locale.provider.NumberFormatProviderImpl.&lt;init&gt;(NumberFormatProviderImpl.java:70)
	at java.base/sun.util.locale.provider.JRELocaleProviderAdapter.lambda$getNumberFormatProvider$5(JRELocaleProviderAdapter.java:239)
	at java.base/java.security.AccessController.doPrivileged(Native Method)
	at java.base/sun.util.locale.provider.JRELocaleProviderAdapter.getNumberFormatProvider(JRELocaleProviderAdapter.java:235)
	at java.base/sun.util.locale.provider.JRELocaleProviderAdapter.getLocaleServiceProvider(JRELocaleProviderAdapter.java:103)
	at java.base/sun.util.locale.provider.LocaleProviderAdapter.findAdapter(LocaleProviderAdapter.java:281)
	at java.base/sun.util.locale.provider.LocaleProviderAdapter.getAdapter(LocaleProviderAdapter.java:250)
	at java.base/java.text.NumberFormat.getInstance(NumberFormat.java:905)
	at java.base/java.text.NumberFormat.getNumberInstance(NumberFormat.java:515)
	at java.base/java.util.Scanner.useLocale(Scanner.java:1270)
	at java.base/java.util.Scanner.&lt;init&gt;(Scanner.java:543)
	at java.base/java.util.Scanner.&lt;init&gt;(Scanner.java:566)
	at main.java.view.Menu.walkingDistanceRent(Menu.java:155)
	at main.java.view.Menu_ESTest.test02(Menu_ESTest.java:68)
	at java.base/jdk.internal.reflect.NativeMethodAccessorImpl.invoke0(Native Method)
	at java.base/jdk.internal.reflect.NativeMethodAccessorImpl.invoke(NativeMethodAccessorImpl.java:62)
	at java.base/jdk.internal.reflect.DelegatingMethodAccessorImpl.invoke(DelegatingMethodAccessorImpl.java:43)
	at java.base/java.lang.reflect.Method.invoke(Method.java:566)
	at org.junit.runners.model.FrameworkMethod$1.runReflectiveCall(FrameworkMethod.java:47)
	at org.junit.internal.runners.model.ReflectiveCallable.run(ReflectiveCallable.java:12)
	at org.junit.runners.model.FrameworkMethod.invokeExplosively(FrameworkMethod.java:44)
	at org.junit.internal.runners.statements.InvokeMethod.evaluate(InvokeMethod.java:17)
	at org.junit.internal.runners.statements.FailOnTimeout$StatementThread.run(FailOnTimeout.java:74)
</error>
  </testcase>
  <testcase classname="main.java.view.Menu_ESTest" name="test46" time="0.009">
    <error message="Security manager blocks (&quot;java.lang.RuntimePermission&quot; &quot;localeServiceProvider&quot;)
java.base/java.lang.Thread.getStackTrace(Thread.java:1606)
org.evosuite.runtime.sandbox.MSecurityManager.checkPermission(MSecurityManager.java:434)
java.base/java.util.spi.LocaleServiceProvider.checkPermission(LocaleServiceProvider.java:157)
java.base/java.util.spi.LocaleServiceProvider.&lt;init&gt;(LocaleServiceProvider.java:171)
java.base/java.text.spi.NumberFormatProvider.&lt;init&gt;(NumberFormatProvider.java:45)
java.base/sun.util.locale.provider.NumberFormatProviderImpl.&lt;init&gt;(NumberFormatProviderImpl.java:70)
java.base/sun.util.locale.provider.JRELocaleProviderAdapter.lambda$getNumberFormatProvider$5(JRELocaleProviderAdapter.java:239)
java.base/java.security.AccessController.doPrivileged(Native Method)
java.base/sun.util.locale.provider.JRELocaleProviderAdapter.getNumberFormatProvider(JRELocaleProviderAdapter.java:235)
java.base/sun.util.locale.provider.JRELocaleProviderAdapter.getLocaleServiceProvider(JRELocaleProviderAdapter.java:103)
java.base/sun.util.locale.provider.LocaleProviderAdapter.findAdapter(LocaleProviderAdapter.java:281)
java.base/sun.util.locale.provider.LocaleProviderAdapter.getAdapter(LocaleProviderAdapter.java:250)
java.base/java.text.NumberFormat.getInstance(NumberFormat.java:905)
java.base/java.text.NumberFormat.getNumberInstance(NumberFormat.java:515)
java.base/java.util.Scanner.useLocale(Scanner.java:1270)
java.base/java.util.Scanner.&lt;init&gt;(Scanner.java:543)
java.base/java.util.Scanner.&lt;init&gt;(Scanner.java:566)
main.java.view.Menu.pendingRateShow(Menu.java:374)
main.java.view.Menu_ESTest.test46(Menu_ESTest.java:709)
java.base/jdk.internal.reflect.NativeMethodAccessorImpl.invoke0(Native Method)
java.base/jdk.internal.reflect.NativeMethodAccessorImpl.invoke(NativeMethodAccessorImpl.java:62)
java.base/jdk.internal.reflect.DelegatingMethodAccessorImpl.invoke(DelegatingMethodAccessorImpl.java:43)
java.base/java.lang.reflect.Method.invoke(Method.java:566)
org.junit.runners.model.FrameworkMethod$1.runReflectiveCall(FrameworkMethod.java:47)
org.junit.internal.runners.model.ReflectiveCallable.run(ReflectiveCallable.java:12)
org.junit.runners.model.FrameworkMethod.invokeExplosively(FrameworkMethod.java:44)
org.junit.internal.runners.statements.InvokeMethod.evaluate(InvokeMethod.java:17)
org.junit.internal.runners.statements.FailOnTimeout$StatementThread.run(FailOnTimeout.java:74)
" type="java.lang.SecurityException">java.lang.SecurityException: Security manager blocks (&quot;java.lang.RuntimePermission&quot; &quot;localeServiceProvider&quot;)
java.base/java.lang.Thread.getStackTrace(Thread.java:1606)
org.evosuite.runtime.sandbox.MSecurityManager.checkPermission(MSecurityManager.java:434)
java.base/java.util.spi.LocaleServiceProvider.checkPermission(LocaleServiceProvider.java:157)
java.base/java.util.spi.LocaleServiceProvider.&lt;init&gt;(LocaleServiceProvider.java:171)
java.base/java.text.spi.NumberFormatProvider.&lt;init&gt;(NumberFormatProvider.java:45)
java.base/sun.util.locale.provider.NumberFormatProviderImpl.&lt;init&gt;(NumberFormatProviderImpl.java:70)
java.base/sun.util.locale.provider.JRELocaleProviderAdapter.lambda$getNumberFormatProvider$5(JRELocaleProviderAdapter.java:239)
java.base/java.security.AccessController.doPrivileged(Native Method)
java.base/sun.util.locale.provider.JRELocaleProviderAdapter.getNumberFormatProvider(JRELocaleProviderAdapter.java:235)
java.base/sun.util.locale.provider.JRELocaleProviderAdapter.getLocaleServiceProvider(JRELocaleProviderAdapter.java:103)
java.base/sun.util.locale.provider.LocaleProviderAdapter.findAdapter(LocaleProviderAdapter.java:281)
java.base/sun.util.locale.provider.LocaleProviderAdapter.getAdapter(LocaleProviderAdapter.java:250)
java.base/java.text.NumberFormat.getInstance(NumberFormat.java:905)
java.base/java.text.NumberFormat.getNumberInstance(NumberFormat.java:515)
java.base/java.util.Scanner.useLocale(Scanner.java:1270)
java.base/java.util.Scanner.&lt;init&gt;(Scanner.java:543)
java.base/java.util.Scanner.&lt;init&gt;(Scanner.java:566)
main.java.view.Menu.pendingRateShow(Menu.java:374)
main.java.view.Menu_ESTest.test46(Menu_ESTest.java:709)
java.base/jdk.internal.reflect.NativeMethodAccessorImpl.invoke0(Native Method)
java.base/jdk.internal.reflect.NativeMethodAccessorImpl.invoke(NativeMethodAccessorImpl.java:62)
java.base/jdk.internal.reflect.DelegatingMethodAccessorImpl.invoke(DelegatingMethodAccessorImpl.java:43)
java.base/java.lang.reflect.Method.invoke(Method.java:566)
org.junit.runners.model.FrameworkMethod$1.runReflectiveCall(FrameworkMethod.java:47)
org.junit.internal.runners.model.ReflectiveCallable.run(ReflectiveCallable.java:12)
org.junit.runners.model.FrameworkMethod.invokeExplosively(FrameworkMethod.java:44)
org.junit.internal.runners.statements.InvokeMethod.evaluate(InvokeMethod.java:17)
org.junit.internal.runners.statements.FailOnTimeout$StatementThread.run(FailOnTimeout.java:74)

	at org.evosuite.runtime.sandbox.MSecurityManager.checkPermission(MSecurityManager.java:452)
	at java.base/java.util.spi.LocaleServiceProvider.checkPermission(LocaleServiceProvider.java:157)
	at java.base/java.util.spi.LocaleServiceProvider.&lt;init&gt;(LocaleServiceProvider.java:171)
	at java.base/java.text.spi.NumberFormatProvider.&lt;init&gt;(NumberFormatProvider.java:45)
	at java.base/sun.util.locale.provider.NumberFormatProviderImpl.&lt;init&gt;(NumberFormatProviderImpl.java:70)
	at java.base/sun.util.locale.provider.JRELocaleProviderAdapter.lambda$getNumberFormatProvider$5(JRELocaleProviderAdapter.java:239)
	at java.base/java.security.AccessController.doPrivileged(Native Method)
	at java.base/sun.util.locale.provider.JRELocaleProviderAdapter.getNumberFormatProvider(JRELocaleProviderAdapter.java:235)
	at java.base/sun.util.locale.provider.JRELocaleProviderAdapter.getLocaleServiceProvider(JRELocaleProviderAdapter.java:103)
	at java.base/sun.util.locale.provider.LocaleProviderAdapter.findAdapter(LocaleProviderAdapter.java:281)
	at java.base/sun.util.locale.provider.LocaleProviderAdapter.getAdapter(LocaleProviderAdapter.java:250)
	at java.base/java.text.NumberFormat.getInstance(NumberFormat.java:905)
	at java.base/java.text.NumberFormat.getNumberInstance(NumberFormat.java:515)
	at java.base/java.util.Scanner.useLocale(Scanner.java:1270)
	at java.base/java.util.Scanner.&lt;init&gt;(Scanner.java:543)
	at java.base/java.util.Scanner.&lt;init&gt;(Scanner.java:566)
	at main.java.view.Menu.pendingRateShow(Menu.java:374)
	at main.java.view.Menu_ESTest.test46(Menu_ESTest.java:709)
	at java.base/jdk.internal.reflect.NativeMethodAccessorImpl.invoke0(Native Method)
	at java.base/jdk.internal.reflect.NativeMethodAccessorImpl.invoke(NativeMethodAccessorImpl.java:62)
	at java.base/jdk.internal.reflect.DelegatingMethodAccessorImpl.invoke(DelegatingMethodAccessorImpl.java:43)
	at java.base/java.lang.reflect.Method.invoke(Method.java:566)
	at org.junit.runners.model.FrameworkMethod$1.runReflectiveCall(FrameworkMethod.java:47)
	at org.junit.internal.runners.model.ReflectiveCallable.run(ReflectiveCallable.java:12)
	at org.junit.runners.model.FrameworkMethod.invokeExplosively(FrameworkMethod.java:44)
	at org.junit.internal.runners.statements.InvokeMethod.evaluate(InvokeMethod.java:17)
	at org.junit.internal.runners.statements.FailOnTimeout$StatementThread.run(FailOnTimeout.java:74)
</error>
  </testcase>
  <testcase classname="main.java.view.Menu_ESTest" name="test03" time="0.007">
    <error message="Could not initialize class java.util.logging.LogRecord$CallerFinder" type="java.lang.NoClassDefFoundError">java.lang.NoClassDefFoundError: Could not initialize class java.util.logging.LogRecord$CallerFinder
	at java.logging/java.util.logging.LogRecord.inferCaller(LogRecord.java:683)
	at java.logging/java.util.logging.LogRecord.getSourceClassName(LogRecord.java:352)
	at java.logging/java.util.logging.SimpleFormatter.format(SimpleFormatter.java:160)
	at java.logging/java.util.logging.StreamHandler.publish(StreamHandler.java:199)
	at java.logging/java.util.logging.ConsoleHandler.publish(ConsoleHandler.java:95)
	at java.logging/java.util.logging.Logger.log(Logger.java:979)
	at java.logging/java.util.logging.Logger.doLog(Logger.java:1006)
	at java.logging/java.util.logging.Logger.log(Logger.java:1029)
	at java.logging/java.util.logging.Logger.info(Logger.java:1802)
	at main.java.view.Menu.displayMenuHeader(Menu.java:413)
	at main.java.view.Menu.top10ClientsShow(Menu.java:197)
	at main.java.view.Menu_ESTest.test03(Menu_ESTest.java:84)
	at java.base/jdk.internal.reflect.NativeMethodAccessorImpl.invoke0(Native Method)
	at java.base/jdk.internal.reflect.NativeMethodAccessorImpl.invoke(NativeMethodAccessorImpl.java:62)
	at java.base/jdk.internal.reflect.DelegatingMethodAccessorImpl.invoke(DelegatingMethodAccessorImpl.java:43)
	at java.base/java.lang.reflect.Method.invoke(Method.java:566)
	at org.junit.runners.model.FrameworkMethod$1.runReflectiveCall(FrameworkMethod.java:47)
	at org.junit.internal.runners.model.ReflectiveCallable.run(ReflectiveCallable.java:12)
	at org.junit.runners.model.FrameworkMethod.invokeExplosively(FrameworkMethod.java:44)
	at org.junit.internal.runners.statements.InvokeMethod.evaluate(InvokeMethod.java:17)
	at org.junit.internal.runners.statements.FailOnTimeout$StatementThread.run(FailOnTimeout.java:74)
</error>
  </testcase>
  <testcase classname="main.java.view.Menu_ESTest" name="test47" time="0.008">
    <error message="Security manager blocks (&quot;java.lang.RuntimePermission&quot; &quot;localeServiceProvider&quot;)
java.base/java.lang.Thread.getStackTrace(Thread.java:1606)
org.evosuite.runtime.sandbox.MSecurityManager.checkPermission(MSecurityManager.java:434)
java.base/java.util.spi.LocaleServiceProvider.checkPermission(LocaleServiceProvider.java:157)
java.base/java.util.spi.LocaleServiceProvider.&lt;init&gt;(LocaleServiceProvider.java:171)
java.base/java.text.spi.NumberFormatProvider.&lt;init&gt;(NumberFormatProvider.java:45)
java.base/sun.util.locale.provider.NumberFormatProviderImpl.&lt;init&gt;(NumberFormatProviderImpl.java:70)
java.base/sun.util.locale.provider.JRELocaleProviderAdapter.lambda$getNumberFormatProvider$5(JRELocaleProviderAdapter.java:239)
java.base/java.security.AccessController.doPrivileged(Native Method)
java.base/sun.util.locale.provider.JRELocaleProviderAdapter.getNumberFormatProvider(JRELocaleProviderAdapter.java:235)
java.base/sun.util.locale.provider.JRELocaleProviderAdapter.getLocaleServiceProvider(JRELocaleProviderAdapter.java:103)
java.base/sun.util.locale.provider.LocaleProviderAdapter.findAdapter(LocaleProviderAdapter.java:281)
java.base/sun.util.locale.provider.LocaleProviderAdapter.getAdapter(LocaleProviderAdapter.java:250)
java.base/java.text.NumberFormat.getInstance(NumberFormat.java:905)
java.base/java.text.NumberFormat.getNumberInstance(NumberFormat.java:515)
java.base/java.util.Scanner.useLocale(Scanner.java:1270)
java.base/java.util.Scanner.&lt;init&gt;(Scanner.java:543)
java.base/java.util.Scanner.&lt;init&gt;(Scanner.java:566)
main.java.view.Menu.pendingRateShow(Menu.java:374)
main.java.view.Menu_ESTest.test47(Menu_ESTest.java:721)
java.base/jdk.internal.reflect.NativeMethodAccessorImpl.invoke0(Native Method)
java.base/jdk.internal.reflect.NativeMethodAccessorImpl.invoke(NativeMethodAccessorImpl.java:62)
java.base/jdk.internal.reflect.DelegatingMethodAccessorImpl.invoke(DelegatingMethodAccessorImpl.java:43)
java.base/java.lang.reflect.Method.invoke(Method.java:566)
org.junit.runners.model.FrameworkMethod$1.runReflectiveCall(FrameworkMethod.java:47)
org.junit.internal.runners.model.ReflectiveCallable.run(ReflectiveCallable.java:12)
org.junit.runners.model.FrameworkMethod.invokeExplosively(FrameworkMethod.java:44)
org.junit.internal.runners.statements.InvokeMethod.evaluate(InvokeMethod.java:17)
org.junit.internal.runners.statements.FailOnTimeout$StatementThread.run(FailOnTimeout.java:74)
" type="java.lang.SecurityException">java.lang.SecurityException: Security manager blocks (&quot;java.lang.RuntimePermission&quot; &quot;localeServiceProvider&quot;)
java.base/java.lang.Thread.getStackTrace(Thread.java:1606)
org.evosuite.runtime.sandbox.MSecurityManager.checkPermission(MSecurityManager.java:434)
java.base/java.util.spi.LocaleServiceProvider.checkPermission(LocaleServiceProvider.java:157)
java.base/java.util.spi.LocaleServiceProvider.&lt;init&gt;(LocaleServiceProvider.java:171)
java.base/java.text.spi.NumberFormatProvider.&lt;init&gt;(NumberFormatProvider.java:45)
java.base/sun.util.locale.provider.NumberFormatProviderImpl.&lt;init&gt;(NumberFormatProviderImpl.java:70)
java.base/sun.util.locale.provider.JRELocaleProviderAdapter.lambda$getNumberFormatProvider$5(JRELocaleProviderAdapter.java:239)
java.base/java.security.AccessController.doPrivileged(Native Method)
java.base/sun.util.locale.provider.JRELocaleProviderAdapter.getNumberFormatProvider(JRELocaleProviderAdapter.java:235)
java.base/sun.util.locale.provider.JRELocaleProviderAdapter.getLocaleServiceProvider(JRELocaleProviderAdapter.java:103)
java.base/sun.util.locale.provider.LocaleProviderAdapter.findAdapter(LocaleProviderAdapter.java:281)
java.base/sun.util.locale.provider.LocaleProviderAdapter.getAdapter(LocaleProviderAdapter.java:250)
java.base/java.text.NumberFormat.getInstance(NumberFormat.java:905)
java.base/java.text.NumberFormat.getNumberInstance(NumberFormat.java:515)
java.base/java.util.Scanner.useLocale(Scanner.java:1270)
java.base/java.util.Scanner.&lt;init&gt;(Scanner.java:543)
java.base/java.util.Scanner.&lt;init&gt;(Scanner.java:566)
main.java.view.Menu.pendingRateShow(Menu.java:374)
main.java.view.Menu_ESTest.test47(Menu_ESTest.java:721)
java.base/jdk.internal.reflect.NativeMethodAccessorImpl.invoke0(Native Method)
java.base/jdk.internal.reflect.NativeMethodAccessorImpl.invoke(NativeMethodAccessorImpl.java:62)
java.base/jdk.internal.reflect.DelegatingMethodAccessorImpl.invoke(DelegatingMethodAccessorImpl.java:43)
java.base/java.lang.reflect.Method.invoke(Method.java:566)
org.junit.runners.model.FrameworkMethod$1.runReflectiveCall(FrameworkMethod.java:47)
org.junit.internal.runners.model.ReflectiveCallable.run(ReflectiveCallable.java:12)
org.junit.runners.model.FrameworkMethod.invokeExplosively(FrameworkMethod.java:44)
org.junit.internal.runners.statements.InvokeMethod.evaluate(InvokeMethod.java:17)
org.junit.internal.runners.statements.FailOnTimeout$StatementThread.run(FailOnTimeout.java:74)

	at org.evosuite.runtime.sandbox.MSecurityManager.checkPermission(MSecurityManager.java:452)
	at java.base/java.util.spi.LocaleServiceProvider.checkPermission(LocaleServiceProvider.java:157)
	at java.base/java.util.spi.LocaleServiceProvider.&lt;init&gt;(LocaleServiceProvider.java:171)
	at java.base/java.text.spi.NumberFormatProvider.&lt;init&gt;(NumberFormatProvider.java:45)
	at java.base/sun.util.locale.provider.NumberFormatProviderImpl.&lt;init&gt;(NumberFormatProviderImpl.java:70)
	at java.base/sun.util.locale.provider.JRELocaleProviderAdapter.lambda$getNumberFormatProvider$5(JRELocaleProviderAdapter.java:239)
	at java.base/java.security.AccessController.doPrivileged(Native Method)
	at java.base/sun.util.locale.provider.JRELocaleProviderAdapter.getNumberFormatProvider(JRELocaleProviderAdapter.java:235)
	at java.base/sun.util.locale.provider.JRELocaleProviderAdapter.getLocaleServiceProvider(JRELocaleProviderAdapter.java:103)
	at java.base/sun.util.locale.provider.LocaleProviderAdapter.findAdapter(LocaleProviderAdapter.java:281)
	at java.base/sun.util.locale.provider.LocaleProviderAdapter.getAdapter(LocaleProviderAdapter.java:250)
	at java.base/java.text.NumberFormat.getInstance(NumberFormat.java:905)
	at java.base/java.text.NumberFormat.getNumberInstance(NumberFormat.java:515)
	at java.base/java.util.Scanner.useLocale(Scanner.java:1270)
	at java.base/java.util.Scanner.&lt;init&gt;(Scanner.java:543)
	at java.base/java.util.Scanner.&lt;init&gt;(Scanner.java:566)
	at main.java.view.Menu.pendingRateShow(Menu.java:374)
	at main.java.view.Menu_ESTest.test47(Menu_ESTest.java:721)
	at java.base/jdk.internal.reflect.NativeMethodAccessorImpl.invoke0(Native Method)
	at java.base/jdk.internal.reflect.NativeMethodAccessorImpl.invoke(NativeMethodAccessorImpl.java:62)
	at java.base/jdk.internal.reflect.DelegatingMethodAccessorImpl.invoke(DelegatingMethodAccessorImpl.java:43)
	at java.base/java.lang.reflect.Method.invoke(Method.java:566)
	at org.junit.runners.model.FrameworkMethod$1.runReflectiveCall(FrameworkMethod.java:47)
	at org.junit.internal.runners.model.ReflectiveCallable.run(ReflectiveCallable.java:12)
	at org.junit.runners.model.FrameworkMethod.invokeExplosively(FrameworkMethod.java:44)
	at org.junit.internal.runners.statements.InvokeMethod.evaluate(InvokeMethod.java:17)
	at org.junit.internal.runners.statements.FailOnTimeout$StatementThread.run(FailOnTimeout.java:74)
</error>
  </testcase>
  <testcase classname="main.java.view.Menu_ESTest" name="test04" time="0.008">
    <error message="Security manager blocks (&quot;java.lang.RuntimePermission&quot; &quot;localeServiceProvider&quot;)
java.base/java.lang.Thread.getStackTrace(Thread.java:1606)
org.evosuite.runtime.sandbox.MSecurityManager.checkPermission(MSecurityManager.java:434)
java.base/java.util.spi.LocaleServiceProvider.checkPermission(LocaleServiceProvider.java:157)
java.base/java.util.spi.LocaleServiceProvider.&lt;init&gt;(LocaleServiceProvider.java:171)
java.base/java.text.spi.NumberFormatProvider.&lt;init&gt;(NumberFormatProvider.java:45)
java.base/sun.util.locale.provider.NumberFormatProviderImpl.&lt;init&gt;(NumberFormatProviderImpl.java:70)
java.base/sun.util.locale.provider.JRELocaleProviderAdapter.lambda$getNumberFormatProvider$5(JRELocaleProviderAdapter.java:239)
java.base/java.security.AccessController.doPrivileged(Native Method)
java.base/sun.util.locale.provider.JRELocaleProviderAdapter.getNumberFormatProvider(JRELocaleProviderAdapter.java:235)
java.base/sun.util.locale.provider.JRELocaleProviderAdapter.getLocaleServiceProvider(JRELocaleProviderAdapter.java:103)
java.base/sun.util.locale.provider.LocaleProviderAdapter.findAdapter(LocaleProviderAdapter.java:281)
java.base/sun.util.locale.provider.LocaleProviderAdapter.getAdapter(LocaleProviderAdapter.java:250)
java.base/java.text.NumberFormat.getInstance(NumberFormat.java:905)
java.base/java.text.NumberFormat.getNumberInstance(NumberFormat.java:515)
java.base/java.util.Scanner.useLocale(Scanner.java:1270)
java.base/java.util.Scanner.&lt;init&gt;(Scanner.java:543)
java.base/java.util.Scanner.&lt;init&gt;(Scanner.java:566)
main.java.view.Menu.showString(Menu.java:73)
main.java.view.Menu_ESTest.test04(Menu_ESTest.java:92)
java.base/jdk.internal.reflect.NativeMethodAccessorImpl.invoke0(Native Method)
java.base/jdk.internal.reflect.NativeMethodAccessorImpl.invoke(NativeMethodAccessorImpl.java:62)
java.base/jdk.internal.reflect.DelegatingMethodAccessorImpl.invoke(DelegatingMethodAccessorImpl.java:43)
java.base/java.lang.reflect.Method.invoke(Method.java:566)
org.junit.runners.model.FrameworkMethod$1.runReflectiveCall(FrameworkMethod.java:47)
org.junit.internal.runners.model.ReflectiveCallable.run(ReflectiveCallable.java:12)
org.junit.runners.model.FrameworkMethod.invokeExplosively(FrameworkMethod.java:44)
org.junit.internal.runners.statements.InvokeMethod.evaluate(InvokeMethod.java:17)
org.junit.internal.runners.statements.FailOnTimeout$StatementThread.run(FailOnTimeout.java:74)
" type="java.lang.SecurityException">java.lang.SecurityException: Security manager blocks (&quot;java.lang.RuntimePermission&quot; &quot;localeServiceProvider&quot;)
java.base/java.lang.Thread.getStackTrace(Thread.java:1606)
org.evosuite.runtime.sandbox.MSecurityManager.checkPermission(MSecurityManager.java:434)
java.base/java.util.spi.LocaleServiceProvider.checkPermission(LocaleServiceProvider.java:157)
java.base/java.util.spi.LocaleServiceProvider.&lt;init&gt;(LocaleServiceProvider.java:171)
java.base/java.text.spi.NumberFormatProvider.&lt;init&gt;(NumberFormatProvider.java:45)
java.base/sun.util.locale.provider.NumberFormatProviderImpl.&lt;init&gt;(NumberFormatProviderImpl.java:70)
java.base/sun.util.locale.provider.JRELocaleProviderAdapter.lambda$getNumberFormatProvider$5(JRELocaleProviderAdapter.java:239)
java.base/java.security.AccessController.doPrivileged(Native Method)
java.base/sun.util.locale.provider.JRELocaleProviderAdapter.getNumberFormatProvider(JRELocaleProviderAdapter.java:235)
java.base/sun.util.locale.provider.JRELocaleProviderAdapter.getLocaleServiceProvider(JRELocaleProviderAdapter.java:103)
java.base/sun.util.locale.provider.LocaleProviderAdapter.findAdapter(LocaleProviderAdapter.java:281)
java.base/sun.util.locale.provider.LocaleProviderAdapter.getAdapter(LocaleProviderAdapter.java:250)
java.base/java.text.NumberFormat.getInstance(NumberFormat.java:905)
java.base/java.text.NumberFormat.getNumberInstance(NumberFormat.java:515)
java.base/java.util.Scanner.useLocale(Scanner.java:1270)
java.base/java.util.Scanner.&lt;init&gt;(Scanner.java:543)
java.base/java.util.Scanner.&lt;init&gt;(Scanner.java:566)
main.java.view.Menu.showString(Menu.java:73)
main.java.view.Menu_ESTest.test04(Menu_ESTest.java:92)
java.base/jdk.internal.reflect.NativeMethodAccessorImpl.invoke0(Native Method)
java.base/jdk.internal.reflect.NativeMethodAccessorImpl.invoke(NativeMethodAccessorImpl.java:62)
java.base/jdk.internal.reflect.DelegatingMethodAccessorImpl.invoke(DelegatingMethodAccessorImpl.java:43)
java.base/java.lang.reflect.Method.invoke(Method.java:566)
org.junit.runners.model.FrameworkMethod$1.runReflectiveCall(FrameworkMethod.java:47)
org.junit.internal.runners.model.ReflectiveCallable.run(ReflectiveCallable.java:12)
org.junit.runners.model.FrameworkMethod.invokeExplosively(FrameworkMethod.java:44)
org.junit.internal.runners.statements.InvokeMethod.evaluate(InvokeMethod.java:17)
org.junit.internal.runners.statements.FailOnTimeout$StatementThread.run(FailOnTimeout.java:74)

	at org.evosuite.runtime.sandbox.MSecurityManager.checkPermission(MSecurityManager.java:452)
	at java.base/java.util.spi.LocaleServiceProvider.checkPermission(LocaleServiceProvider.java:157)
	at java.base/java.util.spi.LocaleServiceProvider.&lt;init&gt;(LocaleServiceProvider.java:171)
	at java.base/java.text.spi.NumberFormatProvider.&lt;init&gt;(NumberFormatProvider.java:45)
	at java.base/sun.util.locale.provider.NumberFormatProviderImpl.&lt;init&gt;(NumberFormatProviderImpl.java:70)
	at java.base/sun.util.locale.provider.JRELocaleProviderAdapter.lambda$getNumberFormatProvider$5(JRELocaleProviderAdapter.java:239)
	at java.base/java.security.AccessController.doPrivileged(Native Method)
	at java.base/sun.util.locale.provider.JRELocaleProviderAdapter.getNumberFormatProvider(JRELocaleProviderAdapter.java:235)
	at java.base/sun.util.locale.provider.JRELocaleProviderAdapter.getLocaleServiceProvider(JRELocaleProviderAdapter.java:103)
	at java.base/sun.util.locale.provider.LocaleProviderAdapter.findAdapter(LocaleProviderAdapter.java:281)
	at java.base/sun.util.locale.provider.LocaleProviderAdapter.getAdapter(LocaleProviderAdapter.java:250)
	at java.base/java.text.NumberFormat.getInstance(NumberFormat.java:905)
	at java.base/java.text.NumberFormat.getNumberInstance(NumberFormat.java:515)
	at java.base/java.util.Scanner.useLocale(Scanner.java:1270)
	at java.base/java.util.Scanner.&lt;init&gt;(Scanner.java:543)
	at java.base/java.util.Scanner.&lt;init&gt;(Scanner.java:566)
	at main.java.view.Menu.showString(Menu.java:73)
	at main.java.view.Menu_ESTest.test04(Menu_ESTest.java:92)
	at java.base/jdk.internal.reflect.NativeMethodAccessorImpl.invoke0(Native Method)
	at java.base/jdk.internal.reflect.NativeMethodAccessorImpl.invoke(NativeMethodAccessorImpl.java:62)
	at java.base/jdk.internal.reflect.DelegatingMethodAccessorImpl.invoke(DelegatingMethodAccessorImpl.java:43)
	at java.base/java.lang.reflect.Method.invoke(Method.java:566)
	at org.junit.runners.model.FrameworkMethod$1.runReflectiveCall(FrameworkMethod.java:47)
	at org.junit.internal.runners.model.ReflectiveCallable.run(ReflectiveCallable.java:12)
	at org.junit.runners.model.FrameworkMethod.invokeExplosively(FrameworkMethod.java:44)
	at org.junit.internal.runners.statements.InvokeMethod.evaluate(InvokeMethod.java:17)
	at org.junit.internal.runners.statements.FailOnTimeout$StatementThread.run(FailOnTimeout.java:74)
</error>
  </testcase>
  <testcase classname="main.java.view.Menu_ESTest" name="test48" time="0.006">
    <error message="Could not initialize class java.util.logging.LogRecord$CallerFinder" type="java.lang.NoClassDefFoundError">java.lang.NoClassDefFoundError: Could not initialize class java.util.logging.LogRecord$CallerFinder
	at java.logging/java.util.logging.LogRecord.inferCaller(LogRecord.java:683)
	at java.logging/java.util.logging.LogRecord.getSourceClassName(LogRecord.java:352)
	at java.logging/java.util.logging.SimpleFormatter.format(SimpleFormatter.java:160)
	at java.logging/java.util.logging.StreamHandler.publish(StreamHandler.java:199)
	at java.logging/java.util.logging.ConsoleHandler.publish(ConsoleHandler.java:95)
	at java.logging/java.util.logging.Logger.log(Logger.java:979)
	at java.logging/java.util.logging.Logger.doLog(Logger.java:1006)
	at java.logging/java.util.logging.Logger.log(Logger.java:1029)
	at java.logging/java.util.logging.Logger.info(Logger.java:1802)
	at main.java.view.Menu.parser(Menu.java:321)
	at main.java.view.Menu_ESTest.test48(Menu_ESTest.java:738)
	at java.base/jdk.internal.reflect.NativeMethodAccessorImpl.invoke0(Native Method)
	at java.base/jdk.internal.reflect.NativeMethodAccessorImpl.invoke(NativeMethodAccessorImpl.java:62)
	at java.base/jdk.internal.reflect.DelegatingMethodAccessorImpl.invoke(DelegatingMethodAccessorImpl.java:43)
	at java.base/java.lang.reflect.Method.invoke(Method.java:566)
	at org.junit.runners.model.FrameworkMethod$1.runReflectiveCall(FrameworkMethod.java:47)
	at org.junit.internal.runners.model.ReflectiveCallable.run(ReflectiveCallable.java:12)
	at org.junit.runners.model.FrameworkMethod.invokeExplosively(FrameworkMethod.java:44)
	at org.junit.internal.runners.statements.InvokeMethod.evaluate(InvokeMethod.java:17)
	at org.junit.internal.runners.statements.FailOnTimeout$StatementThread.run(FailOnTimeout.java:74)
</error>
  </testcase>
  <testcase classname="main.java.view.Menu_ESTest" name="test05" time="0.007">
    <error message="Could not initialize class java.util.logging.LogRecord$CallerFinder" type="java.lang.NoClassDefFoundError">java.lang.NoClassDefFoundError: Could not initialize class java.util.logging.LogRecord$CallerFinder
	at java.logging/java.util.logging.LogRecord.inferCaller(LogRecord.java:683)
	at java.logging/java.util.logging.LogRecord.getSourceClassName(LogRecord.java:352)
	at java.logging/java.util.logging.SimpleFormatter.format(SimpleFormatter.java:160)
	at java.logging/java.util.logging.StreamHandler.publish(StreamHandler.java:199)
	at java.logging/java.util.logging.ConsoleHandler.publish(ConsoleHandler.java:95)
	at java.logging/java.util.logging.Logger.log(Logger.java:979)
	at java.logging/java.util.logging.Logger.doLog(Logger.java:1006)
	at java.logging/java.util.logging.Logger.log(Logger.java:1029)
	at java.logging/java.util.logging.Logger.info(Logger.java:1802)
	at main.java.view.Menu.displayMenuHeader(Menu.java:413)
	at main.java.view.Menu.rentalHistoryShow(Menu.java:119)
	at main.java.view.Menu_ESTest.test05(Menu_ESTest.java:104)
	at java.base/jdk.internal.reflect.NativeMethodAccessorImpl.invoke0(Native Method)
	at java.base/jdk.internal.reflect.NativeMethodAccessorImpl.invoke(NativeMethodAccessorImpl.java:62)
	at java.base/jdk.internal.reflect.DelegatingMethodAccessorImpl.invoke(DelegatingMethodAccessorImpl.java:43)
	at java.base/java.lang.reflect.Method.invoke(Method.java:566)
	at org.junit.runners.model.FrameworkMethod$1.runReflectiveCall(FrameworkMethod.java:47)
	at org.junit.internal.runners.model.ReflectiveCallable.run(ReflectiveCallable.java:12)
	at org.junit.runners.model.FrameworkMethod.invokeExplosively(FrameworkMethod.java:44)
	at org.junit.internal.runners.statements.InvokeMethod.evaluate(InvokeMethod.java:17)
	at org.junit.internal.runners.statements.FailOnTimeout$StatementThread.run(FailOnTimeout.java:74)
</error>
  </testcase>
  <testcase classname="main.java.view.Menu_ESTest" name="test49" time="0.007">
    <error message="Could not initialize class java.util.logging.LogRecord$CallerFinder" type="java.lang.NoClassDefFoundError">java.lang.NoClassDefFoundError: Could not initialize class java.util.logging.LogRecord$CallerFinder
	at java.logging/java.util.logging.LogRecord.inferCaller(LogRecord.java:683)
	at java.logging/java.util.logging.LogRecord.getSourceClassName(LogRecord.java:352)
	at java.logging/java.util.logging.SimpleFormatter.format(SimpleFormatter.java:160)
	at java.logging/java.util.logging.StreamHandler.publish(StreamHandler.java:199)
	at java.logging/java.util.logging.ConsoleHandler.publish(ConsoleHandler.java:95)
	at java.logging/java.util.logging.Logger.log(Logger.java:979)
	at java.logging/java.util.logging.Logger.doLog(Logger.java:1006)
	at java.logging/java.util.logging.Logger.log(Logger.java:1029)
	at java.logging/java.util.logging.Logger.info(Logger.java:1802)
	at main.java.view.Menu.parser(Menu.java:321)
	at main.java.view.Menu_ESTest.test49(Menu_ESTest.java:760)
	at java.base/jdk.internal.reflect.NativeMethodAccessorImpl.invoke0(Native Method)
	at java.base/jdk.internal.reflect.NativeMethodAccessorImpl.invoke(NativeMethodAccessorImpl.java:62)
	at java.base/jdk.internal.reflect.DelegatingMethodAccessorImpl.invoke(DelegatingMethodAccessorImpl.java:43)
	at java.base/java.lang.reflect.Method.invoke(Method.java:566)
	at org.junit.runners.model.FrameworkMethod$1.runReflectiveCall(FrameworkMethod.java:47)
	at org.junit.internal.runners.model.ReflectiveCallable.run(ReflectiveCallable.java:12)
	at org.junit.runners.model.FrameworkMethod.invokeExplosively(FrameworkMethod.java:44)
	at org.junit.internal.runners.statements.InvokeMethod.evaluate(InvokeMethod.java:17)
	at org.junit.internal.runners.statements.FailOnTimeout$StatementThread.run(FailOnTimeout.java:74)
</error>
  </testcase>
  <testcase classname="main.java.view.Menu_ESTest" name="test06" time="0.004">
    <error message="Security manager blocks (&quot;java.lang.RuntimePermission&quot; &quot;localeServiceProvider&quot;)
java.base/java.lang.Thread.getStackTrace(Thread.java:1606)
org.evosuite.runtime.sandbox.MSecurityManager.checkPermission(MSecurityManager.java:434)
java.base/java.util.spi.LocaleServiceProvider.checkPermission(LocaleServiceProvider.java:157)
java.base/java.util.spi.LocaleServiceProvider.&lt;init&gt;(LocaleServiceProvider.java:171)
java.base/java.text.spi.NumberFormatProvider.&lt;init&gt;(NumberFormatProvider.java:45)
java.base/sun.util.locale.provider.NumberFormatProviderImpl.&lt;init&gt;(NumberFormatProviderImpl.java:70)
java.base/sun.util.locale.provider.JRELocaleProviderAdapter.lambda$getNumberFormatProvider$5(JRELocaleProviderAdapter.java:239)
java.base/java.security.AccessController.doPrivileged(Native Method)
java.base/sun.util.locale.provider.JRELocaleProviderAdapter.getNumberFormatProvider(JRELocaleProviderAdapter.java:235)
java.base/sun.util.locale.provider.JRELocaleProviderAdapter.getLocaleServiceProvider(JRELocaleProviderAdapter.java:103)
java.base/sun.util.locale.provider.LocaleProviderAdapter.findAdapter(LocaleProviderAdapter.java:281)
java.base/sun.util.locale.provider.LocaleProviderAdapter.getAdapter(LocaleProviderAdapter.java:250)
java.base/java.text.NumberFormat.getInstance(NumberFormat.java:905)
java.base/java.text.NumberFormat.getNumberInstance(NumberFormat.java:515)
java.base/java.util.Scanner.useLocale(Scanner.java:1270)
java.base/java.util.Scanner.&lt;init&gt;(Scanner.java:543)
java.base/java.util.Scanner.&lt;init&gt;(Scanner.java:566)
main.java.view.Menu.autonomyCarRent(Menu.java:139)
main.java.view.Menu_ESTest.test06(Menu_ESTest.java:115)
java.base/jdk.internal.reflect.NativeMethodAccessorImpl.invoke0(Native Method)
java.base/jdk.internal.reflect.NativeMethodAccessorImpl.invoke(NativeMethodAccessorImpl.java:62)
java.base/jdk.internal.reflect.DelegatingMethodAccessorImpl.invoke(DelegatingMethodAccessorImpl.java:43)
java.base/java.lang.reflect.Method.invoke(Method.java:566)
org.junit.runners.model.FrameworkMethod$1.runReflectiveCall(FrameworkMethod.java:47)
org.junit.internal.runners.model.ReflectiveCallable.run(ReflectiveCallable.java:12)
org.junit.runners.model.FrameworkMethod.invokeExplosively(FrameworkMethod.java:44)
org.junit.internal.runners.statements.InvokeMethod.evaluate(InvokeMethod.java:17)
org.junit.internal.runners.statements.FailOnTimeout$StatementThread.run(FailOnTimeout.java:74)
" type="java.lang.SecurityException">java.lang.SecurityException: Security manager blocks (&quot;java.lang.RuntimePermission&quot; &quot;localeServiceProvider&quot;)
java.base/java.lang.Thread.getStackTrace(Thread.java:1606)
org.evosuite.runtime.sandbox.MSecurityManager.checkPermission(MSecurityManager.java:434)
java.base/java.util.spi.LocaleServiceProvider.checkPermission(LocaleServiceProvider.java:157)
java.base/java.util.spi.LocaleServiceProvider.&lt;init&gt;(LocaleServiceProvider.java:171)
java.base/java.text.spi.NumberFormatProvider.&lt;init&gt;(NumberFormatProvider.java:45)
java.base/sun.util.locale.provider.NumberFormatProviderImpl.&lt;init&gt;(NumberFormatProviderImpl.java:70)
java.base/sun.util.locale.provider.JRELocaleProviderAdapter.lambda$getNumberFormatProvider$5(JRELocaleProviderAdapter.java:239)
java.base/java.security.AccessController.doPrivileged(Native Method)
java.base/sun.util.locale.provider.JRELocaleProviderAdapter.getNumberFormatProvider(JRELocaleProviderAdapter.java:235)
java.base/sun.util.locale.provider.JRELocaleProviderAdapter.getLocaleServiceProvider(JRELocaleProviderAdapter.java:103)
java.base/sun.util.locale.provider.LocaleProviderAdapter.findAdapter(LocaleProviderAdapter.java:281)
java.base/sun.util.locale.provider.LocaleProviderAdapter.getAdapter(LocaleProviderAdapter.java:250)
java.base/java.text.NumberFormat.getInstance(NumberFormat.java:905)
java.base/java.text.NumberFormat.getNumberInstance(NumberFormat.java:515)
java.base/java.util.Scanner.useLocale(Scanner.java:1270)
java.base/java.util.Scanner.&lt;init&gt;(Scanner.java:543)
java.base/java.util.Scanner.&lt;init&gt;(Scanner.java:566)
main.java.view.Menu.autonomyCarRent(Menu.java:139)
main.java.view.Menu_ESTest.test06(Menu_ESTest.java:115)
java.base/jdk.internal.reflect.NativeMethodAccessorImpl.invoke0(Native Method)
java.base/jdk.internal.reflect.NativeMethodAccessorImpl.invoke(NativeMethodAccessorImpl.java:62)
java.base/jdk.internal.reflect.DelegatingMethodAccessorImpl.invoke(DelegatingMethodAccessorImpl.java:43)
java.base/java.lang.reflect.Method.invoke(Method.java:566)
org.junit.runners.model.FrameworkMethod$1.runReflectiveCall(FrameworkMethod.java:47)
org.junit.internal.runners.model.ReflectiveCallable.run(ReflectiveCallable.java:12)
org.junit.runners.model.FrameworkMethod.invokeExplosively(FrameworkMethod.java:44)
org.junit.internal.runners.statements.InvokeMethod.evaluate(InvokeMethod.java:17)
org.junit.internal.runners.statements.FailOnTimeout$StatementThread.run(FailOnTimeout.java:74)

	at org.evosuite.runtime.sandbox.MSecurityManager.checkPermission(MSecurityManager.java:452)
	at java.base/java.util.spi.LocaleServiceProvider.checkPermission(LocaleServiceProvider.java:157)
	at java.base/java.util.spi.LocaleServiceProvider.&lt;init&gt;(LocaleServiceProvider.java:171)
	at java.base/java.text.spi.NumberFormatProvider.&lt;init&gt;(NumberFormatProvider.java:45)
	at java.base/sun.util.locale.provider.NumberFormatProviderImpl.&lt;init&gt;(NumberFormatProviderImpl.java:70)
	at java.base/sun.util.locale.provider.JRELocaleProviderAdapter.lambda$getNumberFormatProvider$5(JRELocaleProviderAdapter.java:239)
	at java.base/java.security.AccessController.doPrivileged(Native Method)
	at java.base/sun.util.locale.provider.JRELocaleProviderAdapter.getNumberFormatProvider(JRELocaleProviderAdapter.java:235)
	at java.base/sun.util.locale.provider.JRELocaleProviderAdapter.getLocaleServiceProvider(JRELocaleProviderAdapter.java:103)
	at java.base/sun.util.locale.provider.LocaleProviderAdapter.findAdapter(LocaleProviderAdapter.java:281)
	at java.base/sun.util.locale.provider.LocaleProviderAdapter.getAdapter(LocaleProviderAdapter.java:250)
	at java.base/java.text.NumberFormat.getInstance(NumberFormat.java:905)
	at java.base/java.text.NumberFormat.getNumberInstance(NumberFormat.java:515)
	at java.base/java.util.Scanner.useLocale(Scanner.java:1270)
	at java.base/java.util.Scanner.&lt;init&gt;(Scanner.java:543)
	at java.base/java.util.Scanner.&lt;init&gt;(Scanner.java:566)
	at main.java.view.Menu.autonomyCarRent(Menu.java:139)
	at main.java.view.Menu_ESTest.test06(Menu_ESTest.java:115)
	at java.base/jdk.internal.reflect.NativeMethodAccessorImpl.invoke0(Native Method)
	at java.base/jdk.internal.reflect.NativeMethodAccessorImpl.invoke(NativeMethodAccessorImpl.java:62)
	at java.base/jdk.internal.reflect.DelegatingMethodAccessorImpl.invoke(DelegatingMethodAccessorImpl.java:43)
	at java.base/java.lang.reflect.Method.invoke(Method.java:566)
	at org.junit.runners.model.FrameworkMethod$1.runReflectiveCall(FrameworkMethod.java:47)
	at org.junit.internal.runners.model.ReflectiveCallable.run(ReflectiveCallable.java:12)
	at org.junit.runners.model.FrameworkMethod.invokeExplosively(FrameworkMethod.java:44)
	at org.junit.internal.runners.statements.InvokeMethod.evaluate(InvokeMethod.java:17)
	at org.junit.internal.runners.statements.FailOnTimeout$StatementThread.run(FailOnTimeout.java:74)
</error>
  </testcase>
  <testcase classname="main.java.view.Menu_ESTest" name="test07" time="0.006">
    <error message="Security manager blocks (&quot;java.lang.RuntimePermission&quot; &quot;localeServiceProvider&quot;)
java.base/java.lang.Thread.getStackTrace(Thread.java:1606)
org.evosuite.runtime.sandbox.MSecurityManager.checkPermission(MSecurityManager.java:434)
java.base/java.util.spi.LocaleServiceProvider.checkPermission(LocaleServiceProvider.java:157)
java.base/java.util.spi.LocaleServiceProvider.&lt;init&gt;(LocaleServiceProvider.java:171)
java.base/java.text.spi.NumberFormatProvider.&lt;init&gt;(NumberFormatProvider.java:45)
java.base/sun.util.locale.provider.NumberFormatProviderImpl.&lt;init&gt;(NumberFormatProviderImpl.java:70)
java.base/sun.util.locale.provider.JRELocaleProviderAdapter.lambda$getNumberFormatProvider$5(JRELocaleProviderAdapter.java:239)
java.base/java.security.AccessController.doPrivileged(Native Method)
java.base/sun.util.locale.provider.JRELocaleProviderAdapter.getNumberFormatProvider(JRELocaleProviderAdapter.java:235)
java.base/sun.util.locale.provider.JRELocaleProviderAdapter.getLocaleServiceProvider(JRELocaleProviderAdapter.java:103)
java.base/sun.util.locale.provider.LocaleProviderAdapter.findAdapter(LocaleProviderAdapter.java:281)
java.base/sun.util.locale.provider.LocaleProviderAdapter.getAdapter(LocaleProviderAdapter.java:250)
java.base/java.text.NumberFormat.getInstance(NumberFormat.java:905)
java.base/java.text.NumberFormat.getNumberInstance(NumberFormat.java:515)
java.base/java.util.Scanner.useLocale(Scanner.java:1270)
java.base/java.util.Scanner.&lt;init&gt;(Scanner.java:543)
java.base/java.util.Scanner.&lt;init&gt;(Scanner.java:566)
main.java.view.Menu.showRentalRate(Menu.java:83)
main.java.view.Menu_ESTest.test07(Menu_ESTest.java:130)
java.base/jdk.internal.reflect.NativeMethodAccessorImpl.invoke0(Native Method)
java.base/jdk.internal.reflect.NativeMethodAccessorImpl.invoke(NativeMethodAccessorImpl.java:62)
java.base/jdk.internal.reflect.DelegatingMethodAccessorImpl.invoke(DelegatingMethodAccessorImpl.java:43)
java.base/java.lang.reflect.Method.invoke(Method.java:566)
org.junit.runners.model.FrameworkMethod$1.runReflectiveCall(FrameworkMethod.java:47)
org.junit.internal.runners.model.ReflectiveCallable.run(ReflectiveCallable.java:12)
org.junit.runners.model.FrameworkMethod.invokeExplosively(FrameworkMethod.java:44)
org.junit.internal.runners.statements.InvokeMethod.evaluate(InvokeMethod.java:17)
org.junit.internal.runners.statements.FailOnTimeout$StatementThread.run(FailOnTimeout.java:74)
" type="java.lang.SecurityException">java.lang.SecurityException: Security manager blocks (&quot;java.lang.RuntimePermission&quot; &quot;localeServiceProvider&quot;)
java.base/java.lang.Thread.getStackTrace(Thread.java:1606)
org.evosuite.runtime.sandbox.MSecurityManager.checkPermission(MSecurityManager.java:434)
java.base/java.util.spi.LocaleServiceProvider.checkPermission(LocaleServiceProvider.java:157)
java.base/java.util.spi.LocaleServiceProvider.&lt;init&gt;(LocaleServiceProvider.java:171)
java.base/java.text.spi.NumberFormatProvider.&lt;init&gt;(NumberFormatProvider.java:45)
java.base/sun.util.locale.provider.NumberFormatProviderImpl.&lt;init&gt;(NumberFormatProviderImpl.java:70)
java.base/sun.util.locale.provider.JRELocaleProviderAdapter.lambda$getNumberFormatProvider$5(JRELocaleProviderAdapter.java:239)
java.base/java.security.AccessController.doPrivileged(Native Method)
java.base/sun.util.locale.provider.JRELocaleProviderAdapter.getNumberFormatProvider(JRELocaleProviderAdapter.java:235)
java.base/sun.util.locale.provider.JRELocaleProviderAdapter.getLocaleServiceProvider(JRELocaleProviderAdapter.java:103)
java.base/sun.util.locale.provider.LocaleProviderAdapter.findAdapter(LocaleProviderAdapter.java:281)
java.base/sun.util.locale.provider.LocaleProviderAdapter.getAdapter(LocaleProviderAdapter.java:250)
java.base/java.text.NumberFormat.getInstance(NumberFormat.java:905)
java.base/java.text.NumberFormat.getNumberInstance(NumberFormat.java:515)
java.base/java.util.Scanner.useLocale(Scanner.java:1270)
java.base/java.util.Scanner.&lt;init&gt;(Scanner.java:543)
java.base/java.util.Scanner.&lt;init&gt;(Scanner.java:566)
main.java.view.Menu.showRentalRate(Menu.java:83)
main.java.view.Menu_ESTest.test07(Menu_ESTest.java:130)
java.base/jdk.internal.reflect.NativeMethodAccessorImpl.invoke0(Native Method)
java.base/jdk.internal.reflect.NativeMethodAccessorImpl.invoke(NativeMethodAccessorImpl.java:62)
java.base/jdk.internal.reflect.DelegatingMethodAccessorImpl.invoke(DelegatingMethodAccessorImpl.java:43)
java.base/java.lang.reflect.Method.invoke(Method.java:566)
org.junit.runners.model.FrameworkMethod$1.runReflectiveCall(FrameworkMethod.java:47)
org.junit.internal.runners.model.ReflectiveCallable.run(ReflectiveCallable.java:12)
org.junit.runners.model.FrameworkMethod.invokeExplosively(FrameworkMethod.java:44)
org.junit.internal.runners.statements.InvokeMethod.evaluate(InvokeMethod.java:17)
org.junit.internal.runners.statements.FailOnTimeout$StatementThread.run(FailOnTimeout.java:74)

	at org.evosuite.runtime.sandbox.MSecurityManager.checkPermission(MSecurityManager.java:452)
	at java.base/java.util.spi.LocaleServiceProvider.checkPermission(LocaleServiceProvider.java:157)
	at java.base/java.util.spi.LocaleServiceProvider.&lt;init&gt;(LocaleServiceProvider.java:171)
	at java.base/java.text.spi.NumberFormatProvider.&lt;init&gt;(NumberFormatProvider.java:45)
	at java.base/sun.util.locale.provider.NumberFormatProviderImpl.&lt;init&gt;(NumberFormatProviderImpl.java:70)
	at java.base/sun.util.locale.provider.JRELocaleProviderAdapter.lambda$getNumberFormatProvider$5(JRELocaleProviderAdapter.java:239)
	at java.base/java.security.AccessController.doPrivileged(Native Method)
	at java.base/sun.util.locale.provider.JRELocaleProviderAdapter.getNumberFormatProvider(JRELocaleProviderAdapter.java:235)
	at java.base/sun.util.locale.provider.JRELocaleProviderAdapter.getLocaleServiceProvider(JRELocaleProviderAdapter.java:103)
	at java.base/sun.util.locale.provider.LocaleProviderAdapter.findAdapter(LocaleProviderAdapter.java:281)
	at java.base/sun.util.locale.provider.LocaleProviderAdapter.getAdapter(LocaleProviderAdapter.java:250)
	at java.base/java.text.NumberFormat.getInstance(NumberFormat.java:905)
	at java.base/java.text.NumberFormat.getNumberInstance(NumberFormat.java:515)
	at java.base/java.util.Scanner.useLocale(Scanner.java:1270)
	at java.base/java.util.Scanner.&lt;init&gt;(Scanner.java:543)
	at java.base/java.util.Scanner.&lt;init&gt;(Scanner.java:566)
	at main.java.view.Menu.showRentalRate(Menu.java:83)
	at main.java.view.Menu_ESTest.test07(Menu_ESTest.java:130)
	at java.base/jdk.internal.reflect.NativeMethodAccessorImpl.invoke0(Native Method)
	at java.base/jdk.internal.reflect.NativeMethodAccessorImpl.invoke(NativeMethodAccessorImpl.java:62)
	at java.base/jdk.internal.reflect.DelegatingMethodAccessorImpl.invoke(DelegatingMethodAccessorImpl.java:43)
	at java.base/java.lang.reflect.Method.invoke(Method.java:566)
	at org.junit.runners.model.FrameworkMethod$1.runReflectiveCall(FrameworkMethod.java:47)
	at org.junit.internal.runners.model.ReflectiveCallable.run(ReflectiveCallable.java:12)
	at org.junit.runners.model.FrameworkMethod.invokeExplosively(FrameworkMethod.java:44)
	at org.junit.internal.runners.statements.InvokeMethod.evaluate(InvokeMethod.java:17)
	at org.junit.internal.runners.statements.FailOnTimeout$StatementThread.run(FailOnTimeout.java:74)
</error>
  </testcase>
  <testcase classname="main.java.view.Menu_ESTest" name="test08" time="0.005">
    <error message="Security manager blocks (&quot;java.lang.RuntimePermission&quot; &quot;localeServiceProvider&quot;)
java.base/java.lang.Thread.getStackTrace(Thread.java:1606)
org.evosuite.runtime.sandbox.MSecurityManager.checkPermission(MSecurityManager.java:434)
java.base/java.util.spi.LocaleServiceProvider.checkPermission(LocaleServiceProvider.java:157)
java.base/java.util.spi.LocaleServiceProvider.&lt;init&gt;(LocaleServiceProvider.java:171)
java.base/java.text.spi.NumberFormatProvider.&lt;init&gt;(NumberFormatProvider.java:45)
java.base/sun.util.locale.provider.NumberFormatProviderImpl.&lt;init&gt;(NumberFormatProviderImpl.java:70)
java.base/sun.util.locale.provider.JRELocaleProviderAdapter.lambda$getNumberFormatProvider$5(JRELocaleProviderAdapter.java:239)
java.base/java.security.AccessController.doPrivileged(Native Method)
java.base/sun.util.locale.provider.JRELocaleProviderAdapter.getNumberFormatProvider(JRELocaleProviderAdapter.java:235)
java.base/sun.util.locale.provider.JRELocaleProviderAdapter.getLocaleServiceProvider(JRELocaleProviderAdapter.java:103)
java.base/sun.util.locale.provider.LocaleProviderAdapter.findAdapter(LocaleProviderAdapter.java:281)
java.base/sun.util.locale.provider.LocaleProviderAdapter.getAdapter(LocaleProviderAdapter.java:250)
java.base/java.text.NumberFormat.getInstance(NumberFormat.java:905)
java.base/java.text.NumberFormat.getNumberInstance(NumberFormat.java:515)
java.base/java.util.Scanner.useLocale(Scanner.java:1270)
java.base/java.util.Scanner.&lt;init&gt;(Scanner.java:543)
java.base/java.util.Scanner.&lt;init&gt;(Scanner.java:566)
main.java.view.Menu.showRentalRate(Menu.java:83)
main.java.view.Menu_ESTest.test08(Menu_ESTest.java:138)
java.base/jdk.internal.reflect.NativeMethodAccessorImpl.invoke0(Native Method)
java.base/jdk.internal.reflect.NativeMethodAccessorImpl.invoke(NativeMethodAccessorImpl.java:62)
java.base/jdk.internal.reflect.DelegatingMethodAccessorImpl.invoke(DelegatingMethodAccessorImpl.java:43)
java.base/java.lang.reflect.Method.invoke(Method.java:566)
org.junit.runners.model.FrameworkMethod$1.runReflectiveCall(FrameworkMethod.java:47)
org.junit.internal.runners.model.ReflectiveCallable.run(ReflectiveCallable.java:12)
org.junit.runners.model.FrameworkMethod.invokeExplosively(FrameworkMethod.java:44)
org.junit.internal.runners.statements.InvokeMethod.evaluate(InvokeMethod.java:17)
org.junit.internal.runners.statements.FailOnTimeout$StatementThread.run(FailOnTimeout.java:74)
" type="java.lang.SecurityException">java.lang.SecurityException: Security manager blocks (&quot;java.lang.RuntimePermission&quot; &quot;localeServiceProvider&quot;)
java.base/java.lang.Thread.getStackTrace(Thread.java:1606)
org.evosuite.runtime.sandbox.MSecurityManager.checkPermission(MSecurityManager.java:434)
java.base/java.util.spi.LocaleServiceProvider.checkPermission(LocaleServiceProvider.java:157)
java.base/java.util.spi.LocaleServiceProvider.&lt;init&gt;(LocaleServiceProvider.java:171)
java.base/java.text.spi.NumberFormatProvider.&lt;init&gt;(NumberFormatProvider.java:45)
java.base/sun.util.locale.provider.NumberFormatProviderImpl.&lt;init&gt;(NumberFormatProviderImpl.java:70)
java.base/sun.util.locale.provider.JRELocaleProviderAdapter.lambda$getNumberFormatProvider$5(JRELocaleProviderAdapter.java:239)
java.base/java.security.AccessController.doPrivileged(Native Method)
java.base/sun.util.locale.provider.JRELocaleProviderAdapter.getNumberFormatProvider(JRELocaleProviderAdapter.java:235)
java.base/sun.util.locale.provider.JRELocaleProviderAdapter.getLocaleServiceProvider(JRELocaleProviderAdapter.java:103)
java.base/sun.util.locale.provider.LocaleProviderAdapter.findAdapter(LocaleProviderAdapter.java:281)
java.base/sun.util.locale.provider.LocaleProviderAdapter.getAdapter(LocaleProviderAdapter.java:250)
java.base/java.text.NumberFormat.getInstance(NumberFormat.java:905)
java.base/java.text.NumberFormat.getNumberInstance(NumberFormat.java:515)
java.base/java.util.Scanner.useLocale(Scanner.java:1270)
java.base/java.util.Scanner.&lt;init&gt;(Scanner.java:543)
java.base/java.util.Scanner.&lt;init&gt;(Scanner.java:566)
main.java.view.Menu.showRentalRate(Menu.java:83)
main.java.view.Menu_ESTest.test08(Menu_ESTest.java:138)
java.base/jdk.internal.reflect.NativeMethodAccessorImpl.invoke0(Native Method)
java.base/jdk.internal.reflect.NativeMethodAccessorImpl.invoke(NativeMethodAccessorImpl.java:62)
java.base/jdk.internal.reflect.DelegatingMethodAccessorImpl.invoke(DelegatingMethodAccessorImpl.java:43)
java.base/java.lang.reflect.Method.invoke(Method.java:566)
org.junit.runners.model.FrameworkMethod$1.runReflectiveCall(FrameworkMethod.java:47)
org.junit.internal.runners.model.ReflectiveCallable.run(ReflectiveCallable.java:12)
org.junit.runners.model.FrameworkMethod.invokeExplosively(FrameworkMethod.java:44)
org.junit.internal.runners.statements.InvokeMethod.evaluate(InvokeMethod.java:17)
org.junit.internal.runners.statements.FailOnTimeout$StatementThread.run(FailOnTimeout.java:74)

	at org.evosuite.runtime.sandbox.MSecurityManager.checkPermission(MSecurityManager.java:452)
	at java.base/java.util.spi.LocaleServiceProvider.checkPermission(LocaleServiceProvider.java:157)
	at java.base/java.util.spi.LocaleServiceProvider.&lt;init&gt;(LocaleServiceProvider.java:171)
	at java.base/java.text.spi.NumberFormatProvider.&lt;init&gt;(NumberFormatProvider.java:45)
	at java.base/sun.util.locale.provider.NumberFormatProviderImpl.&lt;init&gt;(NumberFormatProviderImpl.java:70)
	at java.base/sun.util.locale.provider.JRELocaleProviderAdapter.lambda$getNumberFormatProvider$5(JRELocaleProviderAdapter.java:239)
	at java.base/java.security.AccessController.doPrivileged(Native Method)
	at java.base/sun.util.locale.provider.JRELocaleProviderAdapter.getNumberFormatProvider(JRELocaleProviderAdapter.java:235)
	at java.base/sun.util.locale.provider.JRELocaleProviderAdapter.getLocaleServiceProvider(JRELocaleProviderAdapter.java:103)
	at java.base/sun.util.locale.provider.LocaleProviderAdapter.findAdapter(LocaleProviderAdapter.java:281)
	at java.base/sun.util.locale.provider.LocaleProviderAdapter.getAdapter(LocaleProviderAdapter.java:250)
	at java.base/java.text.NumberFormat.getInstance(NumberFormat.java:905)
	at java.base/java.text.NumberFormat.getNumberInstance(NumberFormat.java:515)
	at java.base/java.util.Scanner.useLocale(Scanner.java:1270)
	at java.base/java.util.Scanner.&lt;init&gt;(Scanner.java:543)
	at java.base/java.util.Scanner.&lt;init&gt;(Scanner.java:566)
	at main.java.view.Menu.showRentalRate(Menu.java:83)
	at main.java.view.Menu_ESTest.test08(Menu_ESTest.java:138)
	at java.base/jdk.internal.reflect.NativeMethodAccessorImpl.invoke0(Native Method)
	at java.base/jdk.internal.reflect.NativeMethodAccessorImpl.invoke(NativeMethodAccessorImpl.java:62)
	at java.base/jdk.internal.reflect.DelegatingMethodAccessorImpl.invoke(DelegatingMethodAccessorImpl.java:43)
	at java.base/java.lang.reflect.Method.invoke(Method.java:566)
	at org.junit.runners.model.FrameworkMethod$1.runReflectiveCall(FrameworkMethod.java:47)
	at org.junit.internal.runners.model.ReflectiveCallable.run(ReflectiveCallable.java:12)
	at org.junit.runners.model.FrameworkMethod.invokeExplosively(FrameworkMethod.java:44)
	at org.junit.internal.runners.statements.InvokeMethod.evaluate(InvokeMethod.java:17)
	at org.junit.internal.runners.statements.FailOnTimeout$StatementThread.run(FailOnTimeout.java:74)
</error>
  </testcase>
  <testcase classname="main.java.view.Menu_ESTest" name="test09" time="0.004"/>
  <testcase classname="main.java.view.Menu_ESTest" name="test50" time="0.005">
    <error message="Could not initialize class java.util.logging.LogRecord$CallerFinder" type="java.lang.NoClassDefFoundError">java.lang.NoClassDefFoundError: Could not initialize class java.util.logging.LogRecord$CallerFinder
	at java.logging/java.util.logging.LogRecord.inferCaller(LogRecord.java:683)
	at java.logging/java.util.logging.LogRecord.getSourceClassName(LogRecord.java:352)
	at java.logging/java.util.logging.SimpleFormatter.format(SimpleFormatter.java:160)
	at java.logging/java.util.logging.StreamHandler.publish(StreamHandler.java:199)
	at java.logging/java.util.logging.ConsoleHandler.publish(ConsoleHandler.java:95)
	at java.logging/java.util.logging.Logger.log(Logger.java:979)
	at java.logging/java.util.logging.Logger.doLog(Logger.java:1006)
	at java.logging/java.util.logging.Logger.log(Logger.java:1029)
	at java.logging/java.util.logging.Logger.info(Logger.java:1802)
	at main.java.view.Menu.displayMenuHeader(Menu.java:413)
	at main.java.view.Menu.newRegisterUser(Menu.java:280)
	at main.java.view.Menu_ESTest.test50(Menu_ESTest.java:779)
	at java.base/jdk.internal.reflect.NativeMethodAccessorImpl.invoke0(Native Method)
	at java.base/jdk.internal.reflect.NativeMethodAccessorImpl.invoke(NativeMethodAccessorImpl.java:62)
	at java.base/jdk.internal.reflect.DelegatingMethodAccessorImpl.invoke(DelegatingMethodAccessorImpl.java:43)
	at java.base/java.lang.reflect.Method.invoke(Method.java:566)
	at org.junit.runners.model.FrameworkMethod$1.runReflectiveCall(FrameworkMethod.java:47)
	at org.junit.internal.runners.model.ReflectiveCallable.run(ReflectiveCallable.java:12)
	at org.junit.runners.model.FrameworkMethod.invokeExplosively(FrameworkMethod.java:44)
	at org.junit.internal.runners.statements.InvokeMethod.evaluate(InvokeMethod.java:17)
	at org.junit.internal.runners.statements.FailOnTimeout$StatementThread.run(FailOnTimeout.java:74)
</error>
  </testcase>
  <testcase classname="main.java.view.Menu_ESTest" name="test51" time="0.006">
    <error message="Could not initialize class java.util.logging.LogRecord$CallerFinder" type="java.lang.NoClassDefFoundError">java.lang.NoClassDefFoundError: Could not initialize class java.util.logging.LogRecord$CallerFinder
	at java.logging/java.util.logging.LogRecord.inferCaller(LogRecord.java:683)
	at java.logging/java.util.logging.LogRecord.getSourceClassName(LogRecord.java:352)
	at java.logging/java.util.logging.SimpleFormatter.format(SimpleFormatter.java:160)
	at java.logging/java.util.logging.StreamHandler.publish(StreamHandler.java:199)
	at java.logging/java.util.logging.ConsoleHandler.publish(ConsoleHandler.java:95)
	at java.logging/java.util.logging.Logger.log(Logger.java:979)
	at java.logging/java.util.logging.Logger.doLog(Logger.java:1006)
	at java.logging/java.util.logging.Logger.log(Logger.java:1029)
	at java.logging/java.util.logging.Logger.info(Logger.java:1802)
	at main.java.view.Menu.displayMenuHeader(Menu.java:413)
	at main.java.view.Menu.newRegisterUser(Menu.java:280)
	at main.java.view.Menu_ESTest.test51(Menu_ESTest.java:798)
	at java.base/jdk.internal.reflect.NativeMethodAccessorImpl.invoke0(Native Method)
	at java.base/jdk.internal.reflect.NativeMethodAccessorImpl.invoke(NativeMethodAccessorImpl.java:62)
	at java.base/jdk.internal.reflect.DelegatingMethodAccessorImpl.invoke(DelegatingMethodAccessorImpl.java:43)
	at java.base/java.lang.reflect.Method.invoke(Method.java:566)
	at org.junit.runners.model.FrameworkMethod$1.runReflectiveCall(FrameworkMethod.java:47)
	at org.junit.internal.runners.model.ReflectiveCallable.run(ReflectiveCallable.java:12)
	at org.junit.runners.model.FrameworkMethod.invokeExplosively(FrameworkMethod.java:44)
	at org.junit.internal.runners.statements.InvokeMethod.evaluate(InvokeMethod.java:17)
	at org.junit.internal.runners.statements.FailOnTimeout$StatementThread.run(FailOnTimeout.java:74)
</error>
  </testcase>
  <testcase classname="main.java.view.Menu_ESTest" name="test52" time="0.007">
    <error message="Security manager blocks (&quot;java.lang.RuntimePermission&quot; &quot;localeServiceProvider&quot;)
java.base/java.lang.Thread.getStackTrace(Thread.java:1606)
org.evosuite.runtime.sandbox.MSecurityManager.checkPermission(MSecurityManager.java:434)
java.base/java.util.spi.LocaleServiceProvider.checkPermission(LocaleServiceProvider.java:157)
java.base/java.util.spi.LocaleServiceProvider.&lt;init&gt;(LocaleServiceProvider.java:171)
java.base/java.text.spi.NumberFormatProvider.&lt;init&gt;(NumberFormatProvider.java:45)
java.base/sun.util.locale.provider.NumberFormatProviderImpl.&lt;init&gt;(NumberFormatProviderImpl.java:70)
java.base/sun.util.locale.provider.JRELocaleProviderAdapter.lambda$getNumberFormatProvider$5(JRELocaleProviderAdapter.java:239)
java.base/java.security.AccessController.doPrivileged(Native Method)
java.base/sun.util.locale.provider.JRELocaleProviderAdapter.getNumberFormatProvider(JRELocaleProviderAdapter.java:235)
java.base/sun.util.locale.provider.JRELocaleProviderAdapter.getLocaleServiceProvider(JRELocaleProviderAdapter.java:103)
java.base/sun.util.locale.provider.LocaleProviderAdapter.findAdapter(LocaleProviderAdapter.java:281)
java.base/sun.util.locale.provider.LocaleProviderAdapter.getAdapter(LocaleProviderAdapter.java:250)
java.base/java.text.NumberFormat.getInstance(NumberFormat.java:905)
java.base/java.text.NumberFormat.getNumberInstance(NumberFormat.java:515)
java.base/java.util.Scanner.useLocale(Scanner.java:1270)
java.base/java.util.Scanner.&lt;init&gt;(Scanner.java:543)
java.base/java.util.Scanner.&lt;init&gt;(Scanner.java:566)
main.java.view.Menu.specificCarRent(Menu.java:206)
main.java.view.Menu_ESTest.test52(Menu_ESTest.java:812)
java.base/jdk.internal.reflect.NativeMethodAccessorImpl.invoke0(Native Method)
java.base/jdk.internal.reflect.NativeMethodAccessorImpl.invoke(NativeMethodAccessorImpl.java:62)
java.base/jdk.internal.reflect.DelegatingMethodAccessorImpl.invoke(DelegatingMethodAccessorImpl.java:43)
java.base/java.lang.reflect.Method.invoke(Method.java:566)
org.junit.runners.model.FrameworkMethod$1.runReflectiveCall(FrameworkMethod.java:47)
org.junit.internal.runners.model.ReflectiveCallable.run(ReflectiveCallable.java:12)
org.junit.runners.model.FrameworkMethod.invokeExplosively(FrameworkMethod.java:44)
org.junit.internal.runners.statements.InvokeMethod.evaluate(InvokeMethod.java:17)
org.junit.internal.runners.statements.FailOnTimeout$StatementThread.run(FailOnTimeout.java:74)
" type="java.lang.SecurityException">java.lang.SecurityException: Security manager blocks (&quot;java.lang.RuntimePermission&quot; &quot;localeServiceProvider&quot;)
java.base/java.lang.Thread.getStackTrace(Thread.java:1606)
org.evosuite.runtime.sandbox.MSecurityManager.checkPermission(MSecurityManager.java:434)
java.base/java.util.spi.LocaleServiceProvider.checkPermission(LocaleServiceProvider.java:157)
java.base/java.util.spi.LocaleServiceProvider.&lt;init&gt;(LocaleServiceProvider.java:171)
java.base/java.text.spi.NumberFormatProvider.&lt;init&gt;(NumberFormatProvider.java:45)
java.base/sun.util.locale.provider.NumberFormatProviderImpl.&lt;init&gt;(NumberFormatProviderImpl.java:70)
java.base/sun.util.locale.provider.JRELocaleProviderAdapter.lambda$getNumberFormatProvider$5(JRELocaleProviderAdapter.java:239)
java.base/java.security.AccessController.doPrivileged(Native Method)
java.base/sun.util.locale.provider.JRELocaleProviderAdapter.getNumberFormatProvider(JRELocaleProviderAdapter.java:235)
java.base/sun.util.locale.provider.JRELocaleProviderAdapter.getLocaleServiceProvider(JRELocaleProviderAdapter.java:103)
java.base/sun.util.locale.provider.LocaleProviderAdapter.findAdapter(LocaleProviderAdapter.java:281)
java.base/sun.util.locale.provider.LocaleProviderAdapter.getAdapter(LocaleProviderAdapter.java:250)
java.base/java.text.NumberFormat.getInstance(NumberFormat.java:905)
java.base/java.text.NumberFormat.getNumberInstance(NumberFormat.java:515)
java.base/java.util.Scanner.useLocale(Scanner.java:1270)
java.base/java.util.Scanner.&lt;init&gt;(Scanner.java:543)
java.base/java.util.Scanner.&lt;init&gt;(Scanner.java:566)
main.java.view.Menu.specificCarRent(Menu.java:206)
main.java.view.Menu_ESTest.test52(Menu_ESTest.java:812)
java.base/jdk.internal.reflect.NativeMethodAccessorImpl.invoke0(Native Method)
java.base/jdk.internal.reflect.NativeMethodAccessorImpl.invoke(NativeMethodAccessorImpl.java:62)
java.base/jdk.internal.reflect.DelegatingMethodAccessorImpl.invoke(DelegatingMethodAccessorImpl.java:43)
java.base/java.lang.reflect.Method.invoke(Method.java:566)
org.junit.runners.model.FrameworkMethod$1.runReflectiveCall(FrameworkMethod.java:47)
org.junit.internal.runners.model.ReflectiveCallable.run(ReflectiveCallable.java:12)
org.junit.runners.model.FrameworkMethod.invokeExplosively(FrameworkMethod.java:44)
org.junit.internal.runners.statements.InvokeMethod.evaluate(InvokeMethod.java:17)
org.junit.internal.runners.statements.FailOnTimeout$StatementThread.run(FailOnTimeout.java:74)

	at org.evosuite.runtime.sandbox.MSecurityManager.checkPermission(MSecurityManager.java:452)
	at java.base/java.util.spi.LocaleServiceProvider.checkPermission(LocaleServiceProvider.java:157)
	at java.base/java.util.spi.LocaleServiceProvider.&lt;init&gt;(LocaleServiceProvider.java:171)
	at java.base/java.text.spi.NumberFormatProvider.&lt;init&gt;(NumberFormatProvider.java:45)
	at java.base/sun.util.locale.provider.NumberFormatProviderImpl.&lt;init&gt;(NumberFormatProviderImpl.java:70)
	at java.base/sun.util.locale.provider.JRELocaleProviderAdapter.lambda$getNumberFormatProvider$5(JRELocaleProviderAdapter.java:239)
	at java.base/java.security.AccessController.doPrivileged(Native Method)
	at java.base/sun.util.locale.provider.JRELocaleProviderAdapter.getNumberFormatProvider(JRELocaleProviderAdapter.java:235)
	at java.base/sun.util.locale.provider.JRELocaleProviderAdapter.getLocaleServiceProvider(JRELocaleProviderAdapter.java:103)
	at java.base/sun.util.locale.provider.LocaleProviderAdapter.findAdapter(LocaleProviderAdapter.java:281)
	at java.base/sun.util.locale.provider.LocaleProviderAdapter.getAdapter(LocaleProviderAdapter.java:250)
	at java.base/java.text.NumberFormat.getInstance(NumberFormat.java:905)
	at java.base/java.text.NumberFormat.getNumberInstance(NumberFormat.java:515)
	at java.base/java.util.Scanner.useLocale(Scanner.java:1270)
	at java.base/java.util.Scanner.&lt;init&gt;(Scanner.java:543)
	at java.base/java.util.Scanner.&lt;init&gt;(Scanner.java:566)
	at main.java.view.Menu.specificCarRent(Menu.java:206)
	at main.java.view.Menu_ESTest.test52(Menu_ESTest.java:812)
	at java.base/jdk.internal.reflect.NativeMethodAccessorImpl.invoke0(Native Method)
	at java.base/jdk.internal.reflect.NativeMethodAccessorImpl.invoke(NativeMethodAccessorImpl.java:62)
	at java.base/jdk.internal.reflect.DelegatingMethodAccessorImpl.invoke(DelegatingMethodAccessorImpl.java:43)
	at java.base/java.lang.reflect.Method.invoke(Method.java:566)
	at org.junit.runners.model.FrameworkMethod$1.runReflectiveCall(FrameworkMethod.java:47)
	at org.junit.internal.runners.model.ReflectiveCallable.run(ReflectiveCallable.java:12)
	at org.junit.runners.model.FrameworkMethod.invokeExplosively(FrameworkMethod.java:44)
	at org.junit.internal.runners.statements.InvokeMethod.evaluate(InvokeMethod.java:17)
	at org.junit.internal.runners.statements.FailOnTimeout$StatementThread.run(FailOnTimeout.java:74)
</error>
  </testcase>
  <testcase classname="main.java.view.Menu_ESTest" name="test53" time="0.007">
    <error message="Security manager blocks (&quot;java.lang.RuntimePermission&quot; &quot;localeServiceProvider&quot;)
java.base/java.lang.Thread.getStackTrace(Thread.java:1606)
org.evosuite.runtime.sandbox.MSecurityManager.checkPermission(MSecurityManager.java:434)
java.base/java.util.spi.LocaleServiceProvider.checkPermission(LocaleServiceProvider.java:157)
java.base/java.util.spi.LocaleServiceProvider.&lt;init&gt;(LocaleServiceProvider.java:171)
java.base/java.text.spi.NumberFormatProvider.&lt;init&gt;(NumberFormatProvider.java:45)
java.base/sun.util.locale.provider.NumberFormatProviderImpl.&lt;init&gt;(NumberFormatProviderImpl.java:70)
java.base/sun.util.locale.provider.JRELocaleProviderAdapter.lambda$getNumberFormatProvider$5(JRELocaleProviderAdapter.java:239)
java.base/java.security.AccessController.doPrivileged(Native Method)
java.base/sun.util.locale.provider.JRELocaleProviderAdapter.getNumberFormatProvider(JRELocaleProviderAdapter.java:235)
java.base/sun.util.locale.provider.JRELocaleProviderAdapter.getLocaleServiceProvider(JRELocaleProviderAdapter.java:103)
java.base/sun.util.locale.provider.LocaleProviderAdapter.findAdapter(LocaleProviderAdapter.java:281)
java.base/sun.util.locale.provider.LocaleProviderAdapter.getAdapter(LocaleProviderAdapter.java:250)
java.base/java.text.NumberFormat.getInstance(NumberFormat.java:905)
java.base/java.text.NumberFormat.getNumberInstance(NumberFormat.java:515)
java.base/java.util.Scanner.useLocale(Scanner.java:1270)
java.base/java.util.Scanner.&lt;init&gt;(Scanner.java:543)
java.base/java.util.Scanner.&lt;init&gt;(Scanner.java:566)
main.java.view.Menu.showRentalRate(Menu.java:83)
main.java.view.Menu_ESTest.test53(Menu_ESTest.java:828)
java.base/jdk.internal.reflect.NativeMethodAccessorImpl.invoke0(Native Method)
java.base/jdk.internal.reflect.NativeMethodAccessorImpl.invoke(NativeMethodAccessorImpl.java:62)
java.base/jdk.internal.reflect.DelegatingMethodAccessorImpl.invoke(DelegatingMethodAccessorImpl.java:43)
java.base/java.lang.reflect.Method.invoke(Method.java:566)
org.junit.runners.model.FrameworkMethod$1.runReflectiveCall(FrameworkMethod.java:47)
org.junit.internal.runners.model.ReflectiveCallable.run(ReflectiveCallable.java:12)
org.junit.runners.model.FrameworkMethod.invokeExplosively(FrameworkMethod.java:44)
org.junit.internal.runners.statements.InvokeMethod.evaluate(InvokeMethod.java:17)
org.junit.internal.runners.statements.FailOnTimeout$StatementThread.run(FailOnTimeout.java:74)
" type="java.lang.SecurityException">java.lang.SecurityException: Security manager blocks (&quot;java.lang.RuntimePermission&quot; &quot;localeServiceProvider&quot;)
java.base/java.lang.Thread.getStackTrace(Thread.java:1606)
org.evosuite.runtime.sandbox.MSecurityManager.checkPermission(MSecurityManager.java:434)
java.base/java.util.spi.LocaleServiceProvider.checkPermission(LocaleServiceProvider.java:157)
java.base/java.util.spi.LocaleServiceProvider.&lt;init&gt;(LocaleServiceProvider.java:171)
java.base/java.text.spi.NumberFormatProvider.&lt;init&gt;(NumberFormatProvider.java:45)
java.base/sun.util.locale.provider.NumberFormatProviderImpl.&lt;init&gt;(NumberFormatProviderImpl.java:70)
java.base/sun.util.locale.provider.JRELocaleProviderAdapter.lambda$getNumberFormatProvider$5(JRELocaleProviderAdapter.java:239)
java.base/java.security.AccessController.doPrivileged(Native Method)
java.base/sun.util.locale.provider.JRELocaleProviderAdapter.getNumberFormatProvider(JRELocaleProviderAdapter.java:235)
java.base/sun.util.locale.provider.JRELocaleProviderAdapter.getLocaleServiceProvider(JRELocaleProviderAdapter.java:103)
java.base/sun.util.locale.provider.LocaleProviderAdapter.findAdapter(LocaleProviderAdapter.java:281)
java.base/sun.util.locale.provider.LocaleProviderAdapter.getAdapter(LocaleProviderAdapter.java:250)
java.base/java.text.NumberFormat.getInstance(NumberFormat.java:905)
java.base/java.text.NumberFormat.getNumberInstance(NumberFormat.java:515)
java.base/java.util.Scanner.useLocale(Scanner.java:1270)
java.base/java.util.Scanner.&lt;init&gt;(Scanner.java:543)
java.base/java.util.Scanner.&lt;init&gt;(Scanner.java:566)
main.java.view.Menu.showRentalRate(Menu.java:83)
main.java.view.Menu_ESTest.test53(Menu_ESTest.java:828)
java.base/jdk.internal.reflect.NativeMethodAccessorImpl.invoke0(Native Method)
java.base/jdk.internal.reflect.NativeMethodAccessorImpl.invoke(NativeMethodAccessorImpl.java:62)
java.base/jdk.internal.reflect.DelegatingMethodAccessorImpl.invoke(DelegatingMethodAccessorImpl.java:43)
java.base/java.lang.reflect.Method.invoke(Method.java:566)
org.junit.runners.model.FrameworkMethod$1.runReflectiveCall(FrameworkMethod.java:47)
org.junit.internal.runners.model.ReflectiveCallable.run(ReflectiveCallable.java:12)
org.junit.runners.model.FrameworkMethod.invokeExplosively(FrameworkMethod.java:44)
org.junit.internal.runners.statements.InvokeMethod.evaluate(InvokeMethod.java:17)
org.junit.internal.runners.statements.FailOnTimeout$StatementThread.run(FailOnTimeout.java:74)

	at org.evosuite.runtime.sandbox.MSecurityManager.checkPermission(MSecurityManager.java:452)
	at java.base/java.util.spi.LocaleServiceProvider.checkPermission(LocaleServiceProvider.java:157)
	at java.base/java.util.spi.LocaleServiceProvider.&lt;init&gt;(LocaleServiceProvider.java:171)
	at java.base/java.text.spi.NumberFormatProvider.&lt;init&gt;(NumberFormatProvider.java:45)
	at java.base/sun.util.locale.provider.NumberFormatProviderImpl.&lt;init&gt;(NumberFormatProviderImpl.java:70)
	at java.base/sun.util.locale.provider.JRELocaleProviderAdapter.lambda$getNumberFormatProvider$5(JRELocaleProviderAdapter.java:239)
	at java.base/java.security.AccessController.doPrivileged(Native Method)
	at java.base/sun.util.locale.provider.JRELocaleProviderAdapter.getNumberFormatProvider(JRELocaleProviderAdapter.java:235)
	at java.base/sun.util.locale.provider.JRELocaleProviderAdapter.getLocaleServiceProvider(JRELocaleProviderAdapter.java:103)
	at java.base/sun.util.locale.provider.LocaleProviderAdapter.findAdapter(LocaleProviderAdapter.java:281)
	at java.base/sun.util.locale.provider.LocaleProviderAdapter.getAdapter(LocaleProviderAdapter.java:250)
	at java.base/java.text.NumberFormat.getInstance(NumberFormat.java:905)
	at java.base/java.text.NumberFormat.getNumberInstance(NumberFormat.java:515)
	at java.base/java.util.Scanner.useLocale(Scanner.java:1270)
	at java.base/java.util.Scanner.&lt;init&gt;(Scanner.java:543)
	at java.base/java.util.Scanner.&lt;init&gt;(Scanner.java:566)
	at main.java.view.Menu.showRentalRate(Menu.java:83)
	at main.java.view.Menu_ESTest.test53(Menu_ESTest.java:828)
	at java.base/jdk.internal.reflect.NativeMethodAccessorImpl.invoke0(Native Method)
	at java.base/jdk.internal.reflect.NativeMethodAccessorImpl.invoke(NativeMethodAccessorImpl.java:62)
	at java.base/jdk.internal.reflect.DelegatingMethodAccessorImpl.invoke(DelegatingMethodAccessorImpl.java:43)
	at java.base/java.lang.reflect.Method.invoke(Method.java:566)
	at org.junit.runners.model.FrameworkMethod$1.runReflectiveCall(FrameworkMethod.java:47)
	at org.junit.internal.runners.model.ReflectiveCallable.run(ReflectiveCallable.java:12)
	at org.junit.runners.model.FrameworkMethod.invokeExplosively(FrameworkMethod.java:44)
	at org.junit.internal.runners.statements.InvokeMethod.evaluate(InvokeMethod.java:17)
	at org.junit.internal.runners.statements.FailOnTimeout$StatementThread.run(FailOnTimeout.java:74)
</error>
  </testcase>
  <testcase classname="main.java.view.Menu_ESTest" name="test10" time="0.005">
    <error message="Security manager blocks (&quot;java.lang.RuntimePermission&quot; &quot;localeServiceProvider&quot;)
java.base/java.lang.Thread.getStackTrace(Thread.java:1606)
org.evosuite.runtime.sandbox.MSecurityManager.checkPermission(MSecurityManager.java:434)
java.base/java.util.spi.LocaleServiceProvider.checkPermission(LocaleServiceProvider.java:157)
java.base/java.util.spi.LocaleServiceProvider.&lt;init&gt;(LocaleServiceProvider.java:171)
java.base/java.text.spi.NumberFormatProvider.&lt;init&gt;(NumberFormatProvider.java:45)
java.base/sun.util.locale.provider.NumberFormatProviderImpl.&lt;init&gt;(NumberFormatProviderImpl.java:70)
java.base/sun.util.locale.provider.JRELocaleProviderAdapter.lambda$getNumberFormatProvider$5(JRELocaleProviderAdapter.java:239)
java.base/java.security.AccessController.doPrivileged(Native Method)
java.base/sun.util.locale.provider.JRELocaleProviderAdapter.getNumberFormatProvider(JRELocaleProviderAdapter.java:235)
java.base/sun.util.locale.provider.JRELocaleProviderAdapter.getLocaleServiceProvider(JRELocaleProviderAdapter.java:103)
java.base/sun.util.locale.provider.LocaleProviderAdapter.findAdapter(LocaleProviderAdapter.java:281)
java.base/sun.util.locale.provider.LocaleProviderAdapter.getAdapter(LocaleProviderAdapter.java:250)
java.base/java.text.NumberFormat.getInstance(NumberFormat.java:905)
java.base/java.text.NumberFormat.getNumberInstance(NumberFormat.java:515)
java.base/java.util.Scanner.useLocale(Scanner.java:1270)
java.base/java.util.Scanner.&lt;init&gt;(Scanner.java:543)
java.base/java.util.Scanner.&lt;init&gt;(Scanner.java:566)
main.java.view.Menu.reviewRentShow(Menu.java:171)
main.java.view.Menu_ESTest.test10(Menu_ESTest.java:158)
java.base/jdk.internal.reflect.NativeMethodAccessorImpl.invoke0(Native Method)
java.base/jdk.internal.reflect.NativeMethodAccessorImpl.invoke(NativeMethodAccessorImpl.java:62)
java.base/jdk.internal.reflect.DelegatingMethodAccessorImpl.invoke(DelegatingMethodAccessorImpl.java:43)
java.base/java.lang.reflect.Method.invoke(Method.java:566)
org.junit.runners.model.FrameworkMethod$1.runReflectiveCall(FrameworkMethod.java:47)
org.junit.internal.runners.model.ReflectiveCallable.run(ReflectiveCallable.java:12)
org.junit.runners.model.FrameworkMethod.invokeExplosively(FrameworkMethod.java:44)
org.junit.internal.runners.statements.InvokeMethod.evaluate(InvokeMethod.java:17)
org.junit.internal.runners.statements.FailOnTimeout$StatementThread.run(FailOnTimeout.java:74)
" type="java.lang.SecurityException">java.lang.SecurityException: Security manager blocks (&quot;java.lang.RuntimePermission&quot; &quot;localeServiceProvider&quot;)
java.base/java.lang.Thread.getStackTrace(Thread.java:1606)
org.evosuite.runtime.sandbox.MSecurityManager.checkPermission(MSecurityManager.java:434)
java.base/java.util.spi.LocaleServiceProvider.checkPermission(LocaleServiceProvider.java:157)
java.base/java.util.spi.LocaleServiceProvider.&lt;init&gt;(LocaleServiceProvider.java:171)
java.base/java.text.spi.NumberFormatProvider.&lt;init&gt;(NumberFormatProvider.java:45)
java.base/sun.util.locale.provider.NumberFormatProviderImpl.&lt;init&gt;(NumberFormatProviderImpl.java:70)
java.base/sun.util.locale.provider.JRELocaleProviderAdapter.lambda$getNumberFormatProvider$5(JRELocaleProviderAdapter.java:239)
java.base/java.security.AccessController.doPrivileged(Native Method)
java.base/sun.util.locale.provider.JRELocaleProviderAdapter.getNumberFormatProvider(JRELocaleProviderAdapter.java:235)
java.base/sun.util.locale.provider.JRELocaleProviderAdapter.getLocaleServiceProvider(JRELocaleProviderAdapter.java:103)
java.base/sun.util.locale.provider.LocaleProviderAdapter.findAdapter(LocaleProviderAdapter.java:281)
java.base/sun.util.locale.provider.LocaleProviderAdapter.getAdapter(LocaleProviderAdapter.java:250)
java.base/java.text.NumberFormat.getInstance(NumberFormat.java:905)
java.base/java.text.NumberFormat.getNumberInstance(NumberFormat.java:515)
java.base/java.util.Scanner.useLocale(Scanner.java:1270)
java.base/java.util.Scanner.&lt;init&gt;(Scanner.java:543)
java.base/java.util.Scanner.&lt;init&gt;(Scanner.java:566)
main.java.view.Menu.reviewRentShow(Menu.java:171)
main.java.view.Menu_ESTest.test10(Menu_ESTest.java:158)
java.base/jdk.internal.reflect.NativeMethodAccessorImpl.invoke0(Native Method)
java.base/jdk.internal.reflect.NativeMethodAccessorImpl.invoke(NativeMethodAccessorImpl.java:62)
java.base/jdk.internal.reflect.DelegatingMethodAccessorImpl.invoke(DelegatingMethodAccessorImpl.java:43)
java.base/java.lang.reflect.Method.invoke(Method.java:566)
org.junit.runners.model.FrameworkMethod$1.runReflectiveCall(FrameworkMethod.java:47)
org.junit.internal.runners.model.ReflectiveCallable.run(ReflectiveCallable.java:12)
org.junit.runners.model.FrameworkMethod.invokeExplosively(FrameworkMethod.java:44)
org.junit.internal.runners.statements.InvokeMethod.evaluate(InvokeMethod.java:17)
org.junit.internal.runners.statements.FailOnTimeout$StatementThread.run(FailOnTimeout.java:74)

	at org.evosuite.runtime.sandbox.MSecurityManager.checkPermission(MSecurityManager.java:452)
	at java.base/java.util.spi.LocaleServiceProvider.checkPermission(LocaleServiceProvider.java:157)
	at java.base/java.util.spi.LocaleServiceProvider.&lt;init&gt;(LocaleServiceProvider.java:171)
	at java.base/java.text.spi.NumberFormatProvider.&lt;init&gt;(NumberFormatProvider.java:45)
	at java.base/sun.util.locale.provider.NumberFormatProviderImpl.&lt;init&gt;(NumberFormatProviderImpl.java:70)
	at java.base/sun.util.locale.provider.JRELocaleProviderAdapter.lambda$getNumberFormatProvider$5(JRELocaleProviderAdapter.java:239)
	at java.base/java.security.AccessController.doPrivileged(Native Method)
	at java.base/sun.util.locale.provider.JRELocaleProviderAdapter.getNumberFormatProvider(JRELocaleProviderAdapter.java:235)
	at java.base/sun.util.locale.provider.JRELocaleProviderAdapter.getLocaleServiceProvider(JRELocaleProviderAdapter.java:103)
	at java.base/sun.util.locale.provider.LocaleProviderAdapter.findAdapter(LocaleProviderAdapter.java:281)
	at java.base/sun.util.locale.provider.LocaleProviderAdapter.getAdapter(LocaleProviderAdapter.java:250)
	at java.base/java.text.NumberFormat.getInstance(NumberFormat.java:905)
	at java.base/java.text.NumberFormat.getNumberInstance(NumberFormat.java:515)
	at java.base/java.util.Scanner.useLocale(Scanner.java:1270)
	at java.base/java.util.Scanner.&lt;init&gt;(Scanner.java:543)
	at java.base/java.util.Scanner.&lt;init&gt;(Scanner.java:566)
	at main.java.view.Menu.reviewRentShow(Menu.java:171)
	at main.java.view.Menu_ESTest.test10(Menu_ESTest.java:158)
	at java.base/jdk.internal.reflect.NativeMethodAccessorImpl.invoke0(Native Method)
	at java.base/jdk.internal.reflect.NativeMethodAccessorImpl.invoke(NativeMethodAccessorImpl.java:62)
	at java.base/jdk.internal.reflect.DelegatingMethodAccessorImpl.invoke(DelegatingMethodAccessorImpl.java:43)
	at java.base/java.lang.reflect.Method.invoke(Method.java:566)
	at org.junit.runners.model.FrameworkMethod$1.runReflectiveCall(FrameworkMethod.java:47)
	at org.junit.internal.runners.model.ReflectiveCallable.run(ReflectiveCallable.java:12)
	at org.junit.runners.model.FrameworkMethod.invokeExplosively(FrameworkMethod.java:44)
	at org.junit.internal.runners.statements.InvokeMethod.evaluate(InvokeMethod.java:17)
	at org.junit.internal.runners.statements.FailOnTimeout$StatementThread.run(FailOnTimeout.java:74)
</error>
  </testcase>
  <testcase classname="main.java.view.Menu_ESTest" name="test54" time="0.008">
    <error message="Security manager blocks (&quot;java.lang.RuntimePermission&quot; &quot;localeServiceProvider&quot;)
java.base/java.lang.Thread.getStackTrace(Thread.java:1606)
org.evosuite.runtime.sandbox.MSecurityManager.checkPermission(MSecurityManager.java:434)
java.base/java.util.spi.LocaleServiceProvider.checkPermission(LocaleServiceProvider.java:157)
java.base/java.util.spi.LocaleServiceProvider.&lt;init&gt;(LocaleServiceProvider.java:171)
java.base/java.text.spi.NumberFormatProvider.&lt;init&gt;(NumberFormatProvider.java:45)
java.base/sun.util.locale.provider.NumberFormatProviderImpl.&lt;init&gt;(NumberFormatProviderImpl.java:70)
java.base/sun.util.locale.provider.JRELocaleProviderAdapter.lambda$getNumberFormatProvider$5(JRELocaleProviderAdapter.java:239)
java.base/java.security.AccessController.doPrivileged(Native Method)
java.base/sun.util.locale.provider.JRELocaleProviderAdapter.getNumberFormatProvider(JRELocaleProviderAdapter.java:235)
java.base/sun.util.locale.provider.JRELocaleProviderAdapter.getLocaleServiceProvider(JRELocaleProviderAdapter.java:103)
java.base/sun.util.locale.provider.LocaleProviderAdapter.findAdapter(LocaleProviderAdapter.java:281)
java.base/sun.util.locale.provider.LocaleProviderAdapter.getAdapter(LocaleProviderAdapter.java:250)
java.base/java.text.NumberFormat.getInstance(NumberFormat.java:905)
java.base/java.text.NumberFormat.getNumberInstance(NumberFormat.java:515)
java.base/java.util.Scanner.useLocale(Scanner.java:1270)
java.base/java.util.Scanner.&lt;init&gt;(Scanner.java:543)
java.base/java.util.Scanner.&lt;init&gt;(Scanner.java:566)
main.java.view.Menu.newLogin(Menu.java:234)
main.java.view.Menu_ESTest.test54(Menu_ESTest.java:844)
java.base/jdk.internal.reflect.NativeMethodAccessorImpl.invoke0(Native Method)
java.base/jdk.internal.reflect.NativeMethodAccessorImpl.invoke(NativeMethodAccessorImpl.java:62)
java.base/jdk.internal.reflect.DelegatingMethodAccessorImpl.invoke(DelegatingMethodAccessorImpl.java:43)
java.base/java.lang.reflect.Method.invoke(Method.java:566)
org.junit.runners.model.FrameworkMethod$1.runReflectiveCall(FrameworkMethod.java:47)
org.junit.internal.runners.model.ReflectiveCallable.run(ReflectiveCallable.java:12)
org.junit.runners.model.FrameworkMethod.invokeExplosively(FrameworkMethod.java:44)
org.junit.internal.runners.statements.InvokeMethod.evaluate(InvokeMethod.java:17)
org.junit.internal.runners.statements.FailOnTimeout$StatementThread.run(FailOnTimeout.java:74)
" type="java.lang.SecurityException">java.lang.SecurityException: Security manager blocks (&quot;java.lang.RuntimePermission&quot; &quot;localeServiceProvider&quot;)
java.base/java.lang.Thread.getStackTrace(Thread.java:1606)
org.evosuite.runtime.sandbox.MSecurityManager.checkPermission(MSecurityManager.java:434)
java.base/java.util.spi.LocaleServiceProvider.checkPermission(LocaleServiceProvider.java:157)
java.base/java.util.spi.LocaleServiceProvider.&lt;init&gt;(LocaleServiceProvider.java:171)
java.base/java.text.spi.NumberFormatProvider.&lt;init&gt;(NumberFormatProvider.java:45)
java.base/sun.util.locale.provider.NumberFormatProviderImpl.&lt;init&gt;(NumberFormatProviderImpl.java:70)
java.base/sun.util.locale.provider.JRELocaleProviderAdapter.lambda$getNumberFormatProvider$5(JRELocaleProviderAdapter.java:239)
java.base/java.security.AccessController.doPrivileged(Native Method)
java.base/sun.util.locale.provider.JRELocaleProviderAdapter.getNumberFormatProvider(JRELocaleProviderAdapter.java:235)
java.base/sun.util.locale.provider.JRELocaleProviderAdapter.getLocaleServiceProvider(JRELocaleProviderAdapter.java:103)
java.base/sun.util.locale.provider.LocaleProviderAdapter.findAdapter(LocaleProviderAdapter.java:281)
java.base/sun.util.locale.provider.LocaleProviderAdapter.getAdapter(LocaleProviderAdapter.java:250)
java.base/java.text.NumberFormat.getInstance(NumberFormat.java:905)
java.base/java.text.NumberFormat.getNumberInstance(NumberFormat.java:515)
java.base/java.util.Scanner.useLocale(Scanner.java:1270)
java.base/java.util.Scanner.&lt;init&gt;(Scanner.java:543)
java.base/java.util.Scanner.&lt;init&gt;(Scanner.java:566)
main.java.view.Menu.newLogin(Menu.java:234)
main.java.view.Menu_ESTest.test54(Menu_ESTest.java:844)
java.base/jdk.internal.reflect.NativeMethodAccessorImpl.invoke0(Native Method)
java.base/jdk.internal.reflect.NativeMethodAccessorImpl.invoke(NativeMethodAccessorImpl.java:62)
java.base/jdk.internal.reflect.DelegatingMethodAccessorImpl.invoke(DelegatingMethodAccessorImpl.java:43)
java.base/java.lang.reflect.Method.invoke(Method.java:566)
org.junit.runners.model.FrameworkMethod$1.runReflectiveCall(FrameworkMethod.java:47)
org.junit.internal.runners.model.ReflectiveCallable.run(ReflectiveCallable.java:12)
org.junit.runners.model.FrameworkMethod.invokeExplosively(FrameworkMethod.java:44)
org.junit.internal.runners.statements.InvokeMethod.evaluate(InvokeMethod.java:17)
org.junit.internal.runners.statements.FailOnTimeout$StatementThread.run(FailOnTimeout.java:74)

	at org.evosuite.runtime.sandbox.MSecurityManager.checkPermission(MSecurityManager.java:452)
	at java.base/java.util.spi.LocaleServiceProvider.checkPermission(LocaleServiceProvider.java:157)
	at java.base/java.util.spi.LocaleServiceProvider.&lt;init&gt;(LocaleServiceProvider.java:171)
	at java.base/java.text.spi.NumberFormatProvider.&lt;init&gt;(NumberFormatProvider.java:45)
	at java.base/sun.util.locale.provider.NumberFormatProviderImpl.&lt;init&gt;(NumberFormatProviderImpl.java:70)
	at java.base/sun.util.locale.provider.JRELocaleProviderAdapter.lambda$getNumberFormatProvider$5(JRELocaleProviderAdapter.java:239)
	at java.base/java.security.AccessController.doPrivileged(Native Method)
	at java.base/sun.util.locale.provider.JRELocaleProviderAdapter.getNumberFormatProvider(JRELocaleProviderAdapter.java:235)
	at java.base/sun.util.locale.provider.JRELocaleProviderAdapter.getLocaleServiceProvider(JRELocaleProviderAdapter.java:103)
	at java.base/sun.util.locale.provider.LocaleProviderAdapter.findAdapter(LocaleProviderAdapter.java:281)
	at java.base/sun.util.locale.provider.LocaleProviderAdapter.getAdapter(LocaleProviderAdapter.java:250)
	at java.base/java.text.NumberFormat.getInstance(NumberFormat.java:905)
	at java.base/java.text.NumberFormat.getNumberInstance(NumberFormat.java:515)
	at java.base/java.util.Scanner.useLocale(Scanner.java:1270)
	at java.base/java.util.Scanner.&lt;init&gt;(Scanner.java:543)
	at java.base/java.util.Scanner.&lt;init&gt;(Scanner.java:566)
	at main.java.view.Menu.newLogin(Menu.java:234)
	at main.java.view.Menu_ESTest.test54(Menu_ESTest.java:844)
	at java.base/jdk.internal.reflect.NativeMethodAccessorImpl.invoke0(Native Method)
	at java.base/jdk.internal.reflect.NativeMethodAccessorImpl.invoke(NativeMethodAccessorImpl.java:62)
	at java.base/jdk.internal.reflect.DelegatingMethodAccessorImpl.invoke(DelegatingMethodAccessorImpl.java:43)
	at java.base/java.lang.reflect.Method.invoke(Method.java:566)
	at org.junit.runners.model.FrameworkMethod$1.runReflectiveCall(FrameworkMethod.java:47)
	at org.junit.internal.runners.model.ReflectiveCallable.run(ReflectiveCallable.java:12)
	at org.junit.runners.model.FrameworkMethod.invokeExplosively(FrameworkMethod.java:44)
	at org.junit.internal.runners.statements.InvokeMethod.evaluate(InvokeMethod.java:17)
	at org.junit.internal.runners.statements.FailOnTimeout$StatementThread.run(FailOnTimeout.java:74)
</error>
  </testcase>
  <testcase classname="main.java.view.Menu_ESTest" name="test11" time="0.006">
    <error message="Security manager blocks (&quot;java.lang.RuntimePermission&quot; &quot;localeServiceProvider&quot;)
java.base/java.lang.Thread.getStackTrace(Thread.java:1606)
org.evosuite.runtime.sandbox.MSecurityManager.checkPermission(MSecurityManager.java:434)
java.base/java.util.spi.LocaleServiceProvider.checkPermission(LocaleServiceProvider.java:157)
java.base/java.util.spi.LocaleServiceProvider.&lt;init&gt;(LocaleServiceProvider.java:171)
java.base/java.text.spi.NumberFormatProvider.&lt;init&gt;(NumberFormatProvider.java:45)
java.base/sun.util.locale.provider.NumberFormatProviderImpl.&lt;init&gt;(NumberFormatProviderImpl.java:70)
java.base/sun.util.locale.provider.JRELocaleProviderAdapter.lambda$getNumberFormatProvider$5(JRELocaleProviderAdapter.java:239)
java.base/java.security.AccessController.doPrivileged(Native Method)
java.base/sun.util.locale.provider.JRELocaleProviderAdapter.getNumberFormatProvider(JRELocaleProviderAdapter.java:235)
java.base/sun.util.locale.provider.JRELocaleProviderAdapter.getLocaleServiceProvider(JRELocaleProviderAdapter.java:103)
java.base/sun.util.locale.provider.LocaleProviderAdapter.findAdapter(LocaleProviderAdapter.java:281)
java.base/sun.util.locale.provider.LocaleProviderAdapter.getAdapter(LocaleProviderAdapter.java:250)
java.base/java.text.NumberFormat.getInstance(NumberFormat.java:905)
java.base/java.text.NumberFormat.getNumberInstance(NumberFormat.java:515)
java.base/java.util.Scanner.useLocale(Scanner.java:1270)
java.base/java.util.Scanner.&lt;init&gt;(Scanner.java:543)
java.base/java.util.Scanner.&lt;init&gt;(Scanner.java:566)
main.java.view.Menu.pendingRateShow(Menu.java:374)
main.java.view.Menu_ESTest.test11(Menu_ESTest.java:168)
java.base/jdk.internal.reflect.NativeMethodAccessorImpl.invoke0(Native Method)
java.base/jdk.internal.reflect.NativeMethodAccessorImpl.invoke(NativeMethodAccessorImpl.java:62)
java.base/jdk.internal.reflect.DelegatingMethodAccessorImpl.invoke(DelegatingMethodAccessorImpl.java:43)
java.base/java.lang.reflect.Method.invoke(Method.java:566)
org.junit.runners.model.FrameworkMethod$1.runReflectiveCall(FrameworkMethod.java:47)
org.junit.internal.runners.model.ReflectiveCallable.run(ReflectiveCallable.java:12)
org.junit.runners.model.FrameworkMethod.invokeExplosively(FrameworkMethod.java:44)
org.junit.internal.runners.statements.InvokeMethod.evaluate(InvokeMethod.java:17)
org.junit.internal.runners.statements.FailOnTimeout$StatementThread.run(FailOnTimeout.java:74)
" type="java.lang.SecurityException">java.lang.SecurityException: Security manager blocks (&quot;java.lang.RuntimePermission&quot; &quot;localeServiceProvider&quot;)
java.base/java.lang.Thread.getStackTrace(Thread.java:1606)
org.evosuite.runtime.sandbox.MSecurityManager.checkPermission(MSecurityManager.java:434)
java.base/java.util.spi.LocaleServiceProvider.checkPermission(LocaleServiceProvider.java:157)
java.base/java.util.spi.LocaleServiceProvider.&lt;init&gt;(LocaleServiceProvider.java:171)
java.base/java.text.spi.NumberFormatProvider.&lt;init&gt;(NumberFormatProvider.java:45)
java.base/sun.util.locale.provider.NumberFormatProviderImpl.&lt;init&gt;(NumberFormatProviderImpl.java:70)
java.base/sun.util.locale.provider.JRELocaleProviderAdapter.lambda$getNumberFormatProvider$5(JRELocaleProviderAdapter.java:239)
java.base/java.security.AccessController.doPrivileged(Native Method)
java.base/sun.util.locale.provider.JRELocaleProviderAdapter.getNumberFormatProvider(JRELocaleProviderAdapter.java:235)
java.base/sun.util.locale.provider.JRELocaleProviderAdapter.getLocaleServiceProvider(JRELocaleProviderAdapter.java:103)
java.base/sun.util.locale.provider.LocaleProviderAdapter.findAdapter(LocaleProviderAdapter.java:281)
java.base/sun.util.locale.provider.LocaleProviderAdapter.getAdapter(LocaleProviderAdapter.java:250)
java.base/java.text.NumberFormat.getInstance(NumberFormat.java:905)
java.base/java.text.NumberFormat.getNumberInstance(NumberFormat.java:515)
java.base/java.util.Scanner.useLocale(Scanner.java:1270)
java.base/java.util.Scanner.&lt;init&gt;(Scanner.java:543)
java.base/java.util.Scanner.&lt;init&gt;(Scanner.java:566)
main.java.view.Menu.pendingRateShow(Menu.java:374)
main.java.view.Menu_ESTest.test11(Menu_ESTest.java:168)
java.base/jdk.internal.reflect.NativeMethodAccessorImpl.invoke0(Native Method)
java.base/jdk.internal.reflect.NativeMethodAccessorImpl.invoke(NativeMethodAccessorImpl.java:62)
java.base/jdk.internal.reflect.DelegatingMethodAccessorImpl.invoke(DelegatingMethodAccessorImpl.java:43)
java.base/java.lang.reflect.Method.invoke(Method.java:566)
org.junit.runners.model.FrameworkMethod$1.runReflectiveCall(FrameworkMethod.java:47)
org.junit.internal.runners.model.ReflectiveCallable.run(ReflectiveCallable.java:12)
org.junit.runners.model.FrameworkMethod.invokeExplosively(FrameworkMethod.java:44)
org.junit.internal.runners.statements.InvokeMethod.evaluate(InvokeMethod.java:17)
org.junit.internal.runners.statements.FailOnTimeout$StatementThread.run(FailOnTimeout.java:74)

	at org.evosuite.runtime.sandbox.MSecurityManager.checkPermission(MSecurityManager.java:452)
	at java.base/java.util.spi.LocaleServiceProvider.checkPermission(LocaleServiceProvider.java:157)
	at java.base/java.util.spi.LocaleServiceProvider.&lt;init&gt;(LocaleServiceProvider.java:171)
	at java.base/java.text.spi.NumberFormatProvider.&lt;init&gt;(NumberFormatProvider.java:45)
	at java.base/sun.util.locale.provider.NumberFormatProviderImpl.&lt;init&gt;(NumberFormatProviderImpl.java:70)
	at java.base/sun.util.locale.provider.JRELocaleProviderAdapter.lambda$getNumberFormatProvider$5(JRELocaleProviderAdapter.java:239)
	at java.base/java.security.AccessController.doPrivileged(Native Method)
	at java.base/sun.util.locale.provider.JRELocaleProviderAdapter.getNumberFormatProvider(JRELocaleProviderAdapter.java:235)
	at java.base/sun.util.locale.provider.JRELocaleProviderAdapter.getLocaleServiceProvider(JRELocaleProviderAdapter.java:103)
	at java.base/sun.util.locale.provider.LocaleProviderAdapter.findAdapter(LocaleProviderAdapter.java:281)
	at java.base/sun.util.locale.provider.LocaleProviderAdapter.getAdapter(LocaleProviderAdapter.java:250)
	at java.base/java.text.NumberFormat.getInstance(NumberFormat.java:905)
	at java.base/java.text.NumberFormat.getNumberInstance(NumberFormat.java:515)
	at java.base/java.util.Scanner.useLocale(Scanner.java:1270)
	at java.base/java.util.Scanner.&lt;init&gt;(Scanner.java:543)
	at java.base/java.util.Scanner.&lt;init&gt;(Scanner.java:566)
	at main.java.view.Menu.pendingRateShow(Menu.java:374)
	at main.java.view.Menu_ESTest.test11(Menu_ESTest.java:168)
	at java.base/jdk.internal.reflect.NativeMethodAccessorImpl.invoke0(Native Method)
	at java.base/jdk.internal.reflect.NativeMethodAccessorImpl.invoke(NativeMethodAccessorImpl.java:62)
	at java.base/jdk.internal.reflect.DelegatingMethodAccessorImpl.invoke(DelegatingMethodAccessorImpl.java:43)
	at java.base/java.lang.reflect.Method.invoke(Method.java:566)
	at org.junit.runners.model.FrameworkMethod$1.runReflectiveCall(FrameworkMethod.java:47)
	at org.junit.internal.runners.model.ReflectiveCallable.run(ReflectiveCallable.java:12)
	at org.junit.runners.model.FrameworkMethod.invokeExplosively(FrameworkMethod.java:44)
	at org.junit.internal.runners.statements.InvokeMethod.evaluate(InvokeMethod.java:17)
	at org.junit.internal.runners.statements.FailOnTimeout$StatementThread.run(FailOnTimeout.java:74)
</error>
  </testcase>
  <testcase classname="main.java.view.Menu_ESTest" name="test55" time="0.004">
    <error message="Could not initialize class java.util.logging.LogRecord$CallerFinder" type="java.lang.NoClassDefFoundError">java.lang.NoClassDefFoundError: Could not initialize class java.util.logging.LogRecord$CallerFinder
	at java.logging/java.util.logging.LogRecord.inferCaller(LogRecord.java:683)
	at java.logging/java.util.logging.LogRecord.getSourceClassName(LogRecord.java:352)
	at java.logging/java.util.logging.SimpleFormatter.format(SimpleFormatter.java:160)
	at java.logging/java.util.logging.StreamHandler.publish(StreamHandler.java:199)
	at java.logging/java.util.logging.ConsoleHandler.publish(ConsoleHandler.java:95)
	at java.logging/java.util.logging.Logger.log(Logger.java:979)
	at java.logging/java.util.logging.Logger.doLog(Logger.java:1006)
	at java.logging/java.util.logging.Logger.log(Logger.java:1029)
	at java.logging/java.util.logging.Logger.info(Logger.java:1802)
	at main.java.view.Menu.displayMenuHeader(Menu.java:413)
	at main.java.view.Menu.carOverviewShow(Menu.java:101)
	at main.java.view.Menu_ESTest.test55(Menu_ESTest.java:861)
	at java.base/jdk.internal.reflect.NativeMethodAccessorImpl.invoke0(Native Method)
	at java.base/jdk.internal.reflect.NativeMethodAccessorImpl.invoke(NativeMethodAccessorImpl.java:62)
	at java.base/jdk.internal.reflect.DelegatingMethodAccessorImpl.invoke(DelegatingMethodAccessorImpl.java:43)
	at java.base/java.lang.reflect.Method.invoke(Method.java:566)
	at org.junit.runners.model.FrameworkMethod$1.runReflectiveCall(FrameworkMethod.java:47)
	at org.junit.internal.runners.model.ReflectiveCallable.run(ReflectiveCallable.java:12)
	at org.junit.runners.model.FrameworkMethod.invokeExplosively(FrameworkMethod.java:44)
	at org.junit.internal.runners.statements.InvokeMethod.evaluate(InvokeMethod.java:17)
	at org.junit.internal.runners.statements.FailOnTimeout$StatementThread.run(FailOnTimeout.java:74)
</error>
  </testcase>
  <testcase classname="main.java.view.Menu_ESTest" name="test12" time="0.005">
    <error message="Security manager blocks (&quot;java.lang.RuntimePermission&quot; &quot;localeServiceProvider&quot;)
java.base/java.lang.Thread.getStackTrace(Thread.java:1606)
org.evosuite.runtime.sandbox.MSecurityManager.checkPermission(MSecurityManager.java:434)
java.base/java.util.spi.LocaleServiceProvider.checkPermission(LocaleServiceProvider.java:157)
java.base/java.util.spi.LocaleServiceProvider.&lt;init&gt;(LocaleServiceProvider.java:171)
java.base/java.text.spi.NumberFormatProvider.&lt;init&gt;(NumberFormatProvider.java:45)
java.base/sun.util.locale.provider.NumberFormatProviderImpl.&lt;init&gt;(NumberFormatProviderImpl.java:70)
java.base/sun.util.locale.provider.JRELocaleProviderAdapter.lambda$getNumberFormatProvider$5(JRELocaleProviderAdapter.java:239)
java.base/java.security.AccessController.doPrivileged(Native Method)
java.base/sun.util.locale.provider.JRELocaleProviderAdapter.getNumberFormatProvider(JRELocaleProviderAdapter.java:235)
java.base/sun.util.locale.provider.JRELocaleProviderAdapter.getLocaleServiceProvider(JRELocaleProviderAdapter.java:103)
java.base/sun.util.locale.provider.LocaleProviderAdapter.findAdapter(LocaleProviderAdapter.java:281)
java.base/sun.util.locale.provider.LocaleProviderAdapter.getAdapter(LocaleProviderAdapter.java:250)
java.base/java.text.NumberFormat.getInstance(NumberFormat.java:905)
java.base/java.text.NumberFormat.getNumberInstance(NumberFormat.java:515)
java.base/java.util.Scanner.useLocale(Scanner.java:1270)
java.base/java.util.Scanner.&lt;init&gt;(Scanner.java:543)
java.base/java.util.Scanner.&lt;init&gt;(Scanner.java:566)
main.java.view.Menu.getLoc(Menu.java:432)
main.java.view.Menu.newRegisterUserAux(Menu.java:312)
main.java.view.Menu_ESTest.test12(Menu_ESTest.java:179)
java.base/jdk.internal.reflect.NativeMethodAccessorImpl.invoke0(Native Method)
java.base/jdk.internal.reflect.NativeMethodAccessorImpl.invoke(NativeMethodAccessorImpl.java:62)
java.base/jdk.internal.reflect.DelegatingMethodAccessorImpl.invoke(DelegatingMethodAccessorImpl.java:43)
java.base/java.lang.reflect.Method.invoke(Method.java:566)
org.junit.runners.model.FrameworkMethod$1.runReflectiveCall(FrameworkMethod.java:47)
org.junit.internal.runners.model.ReflectiveCallable.run(ReflectiveCallable.java:12)
org.junit.runners.model.FrameworkMethod.invokeExplosively(FrameworkMethod.java:44)
org.junit.internal.runners.statements.InvokeMethod.evaluate(InvokeMethod.java:17)
org.junit.internal.runners.statements.FailOnTimeout$StatementThread.run(FailOnTimeout.java:74)
" type="java.lang.SecurityException">java.lang.SecurityException: Security manager blocks (&quot;java.lang.RuntimePermission&quot; &quot;localeServiceProvider&quot;)
java.base/java.lang.Thread.getStackTrace(Thread.java:1606)
org.evosuite.runtime.sandbox.MSecurityManager.checkPermission(MSecurityManager.java:434)
java.base/java.util.spi.LocaleServiceProvider.checkPermission(LocaleServiceProvider.java:157)
java.base/java.util.spi.LocaleServiceProvider.&lt;init&gt;(LocaleServiceProvider.java:171)
java.base/java.text.spi.NumberFormatProvider.&lt;init&gt;(NumberFormatProvider.java:45)
java.base/sun.util.locale.provider.NumberFormatProviderImpl.&lt;init&gt;(NumberFormatProviderImpl.java:70)
java.base/sun.util.locale.provider.JRELocaleProviderAdapter.lambda$getNumberFormatProvider$5(JRELocaleProviderAdapter.java:239)
java.base/java.security.AccessController.doPrivileged(Native Method)
java.base/sun.util.locale.provider.JRELocaleProviderAdapter.getNumberFormatProvider(JRELocaleProviderAdapter.java:235)
java.base/sun.util.locale.provider.JRELocaleProviderAdapter.getLocaleServiceProvider(JRELocaleProviderAdapter.java:103)
java.base/sun.util.locale.provider.LocaleProviderAdapter.findAdapter(LocaleProviderAdapter.java:281)
java.base/sun.util.locale.provider.LocaleProviderAdapter.getAdapter(LocaleProviderAdapter.java:250)
java.base/java.text.NumberFormat.getInstance(NumberFormat.java:905)
java.base/java.text.NumberFormat.getNumberInstance(NumberFormat.java:515)
java.base/java.util.Scanner.useLocale(Scanner.java:1270)
java.base/java.util.Scanner.&lt;init&gt;(Scanner.java:543)
java.base/java.util.Scanner.&lt;init&gt;(Scanner.java:566)
main.java.view.Menu.getLoc(Menu.java:432)
main.java.view.Menu.newRegisterUserAux(Menu.java:312)
main.java.view.Menu_ESTest.test12(Menu_ESTest.java:179)
java.base/jdk.internal.reflect.NativeMethodAccessorImpl.invoke0(Native Method)
java.base/jdk.internal.reflect.NativeMethodAccessorImpl.invoke(NativeMethodAccessorImpl.java:62)
java.base/jdk.internal.reflect.DelegatingMethodAccessorImpl.invoke(DelegatingMethodAccessorImpl.java:43)
java.base/java.lang.reflect.Method.invoke(Method.java:566)
org.junit.runners.model.FrameworkMethod$1.runReflectiveCall(FrameworkMethod.java:47)
org.junit.internal.runners.model.ReflectiveCallable.run(ReflectiveCallable.java:12)
org.junit.runners.model.FrameworkMethod.invokeExplosively(FrameworkMethod.java:44)
org.junit.internal.runners.statements.InvokeMethod.evaluate(InvokeMethod.java:17)
org.junit.internal.runners.statements.FailOnTimeout$StatementThread.run(FailOnTimeout.java:74)

	at org.evosuite.runtime.sandbox.MSecurityManager.checkPermission(MSecurityManager.java:452)
	at java.base/java.util.spi.LocaleServiceProvider.checkPermission(LocaleServiceProvider.java:157)
	at java.base/java.util.spi.LocaleServiceProvider.&lt;init&gt;(LocaleServiceProvider.java:171)
	at java.base/java.text.spi.NumberFormatProvider.&lt;init&gt;(NumberFormatProvider.java:45)
	at java.base/sun.util.locale.provider.NumberFormatProviderImpl.&lt;init&gt;(NumberFormatProviderImpl.java:70)
	at java.base/sun.util.locale.provider.JRELocaleProviderAdapter.lambda$getNumberFormatProvider$5(JRELocaleProviderAdapter.java:239)
	at java.base/java.security.AccessController.doPrivileged(Native Method)
	at java.base/sun.util.locale.provider.JRELocaleProviderAdapter.getNumberFormatProvider(JRELocaleProviderAdapter.java:235)
	at java.base/sun.util.locale.provider.JRELocaleProviderAdapter.getLocaleServiceProvider(JRELocaleProviderAdapter.java:103)
	at java.base/sun.util.locale.provider.LocaleProviderAdapter.findAdapter(LocaleProviderAdapter.java:281)
	at java.base/sun.util.locale.provider.LocaleProviderAdapter.getAdapter(LocaleProviderAdapter.java:250)
	at java.base/java.text.NumberFormat.getInstance(NumberFormat.java:905)
	at java.base/java.text.NumberFormat.getNumberInstance(NumberFormat.java:515)
	at java.base/java.util.Scanner.useLocale(Scanner.java:1270)
	at java.base/java.util.Scanner.&lt;init&gt;(Scanner.java:543)
	at java.base/java.util.Scanner.&lt;init&gt;(Scanner.java:566)
	at main.java.view.Menu.getLoc(Menu.java:432)
	at main.java.view.Menu.newRegisterUserAux(Menu.java:312)
	at main.java.view.Menu_ESTest.test12(Menu_ESTest.java:179)
	at java.base/jdk.internal.reflect.NativeMethodAccessorImpl.invoke0(Native Method)
	at java.base/jdk.internal.reflect.NativeMethodAccessorImpl.invoke(NativeMethodAccessorImpl.java:62)
	at java.base/jdk.internal.reflect.DelegatingMethodAccessorImpl.invoke(DelegatingMethodAccessorImpl.java:43)
	at java.base/java.lang.reflect.Method.invoke(Method.java:566)
	at org.junit.runners.model.FrameworkMethod$1.runReflectiveCall(FrameworkMethod.java:47)
	at org.junit.internal.runners.model.ReflectiveCallable.run(ReflectiveCallable.java:12)
	at org.junit.runners.model.FrameworkMethod.invokeExplosively(FrameworkMethod.java:44)
	at org.junit.internal.runners.statements.InvokeMethod.evaluate(InvokeMethod.java:17)
	at org.junit.internal.runners.statements.FailOnTimeout$StatementThread.run(FailOnTimeout.java:74)
</error>
  </testcase>
  <testcase classname="main.java.view.Menu_ESTest" name="test56" time="0.004"/>
  <testcase classname="main.java.view.Menu_ESTest" name="test13" time="0.012">
    <error message="Security manager blocks (&quot;java.lang.RuntimePermission&quot; &quot;localeServiceProvider&quot;)
java.base/java.lang.Thread.getStackTrace(Thread.java:1606)
org.evosuite.runtime.sandbox.MSecurityManager.checkPermission(MSecurityManager.java:434)
java.base/java.util.spi.LocaleServiceProvider.checkPermission(LocaleServiceProvider.java:157)
java.base/java.util.spi.LocaleServiceProvider.&lt;init&gt;(LocaleServiceProvider.java:171)
java.base/java.text.spi.NumberFormatProvider.&lt;init&gt;(NumberFormatProvider.java:45)
java.base/sun.util.locale.provider.NumberFormatProviderImpl.&lt;init&gt;(NumberFormatProviderImpl.java:70)
java.base/sun.util.locale.provider.JRELocaleProviderAdapter.lambda$getNumberFormatProvider$5(JRELocaleProviderAdapter.java:239)
java.base/java.security.AccessController.doPrivileged(Native Method)
java.base/sun.util.locale.provider.JRELocaleProviderAdapter.getNumberFormatProvider(JRELocaleProviderAdapter.java:235)
java.base/sun.util.locale.provider.JRELocaleProviderAdapter.getLocaleServiceProvider(JRELocaleProviderAdapter.java:103)
java.base/sun.util.locale.provider.LocaleProviderAdapter.findAdapter(LocaleProviderAdapter.java:281)
java.base/sun.util.locale.provider.LocaleProviderAdapter.getAdapter(LocaleProviderAdapter.java:250)
java.base/java.text.NumberFormat.getInstance(NumberFormat.java:905)
java.base/java.text.NumberFormat.getNumberInstance(NumberFormat.java:515)
java.base/java.util.Scanner.useLocale(Scanner.java:1270)
java.base/java.util.Scanner.&lt;init&gt;(Scanner.java:543)
java.base/java.util.Scanner.&lt;init&gt;(Scanner.java:566)
main.java.view.Menu.getLoc(Menu.java:432)
main.java.view.Menu.newRegisterUserAux(Menu.java:312)
main.java.view.Menu_ESTest.test13(Menu_ESTest.java:189)
java.base/jdk.internal.reflect.NativeMethodAccessorImpl.invoke0(Native Method)
java.base/jdk.internal.reflect.NativeMethodAccessorImpl.invoke(NativeMethodAccessorImpl.java:62)
java.base/jdk.internal.reflect.DelegatingMethodAccessorImpl.invoke(DelegatingMethodAccessorImpl.java:43)
java.base/java.lang.reflect.Method.invoke(Method.java:566)
org.junit.runners.model.FrameworkMethod$1.runReflectiveCall(FrameworkMethod.java:47)
org.junit.internal.runners.model.ReflectiveCallable.run(ReflectiveCallable.java:12)
org.junit.runners.model.FrameworkMethod.invokeExplosively(FrameworkMethod.java:44)
org.junit.internal.runners.statements.InvokeMethod.evaluate(InvokeMethod.java:17)
org.junit.internal.runners.statements.FailOnTimeout$StatementThread.run(FailOnTimeout.java:74)
" type="java.lang.SecurityException">java.lang.SecurityException: Security manager blocks (&quot;java.lang.RuntimePermission&quot; &quot;localeServiceProvider&quot;)
java.base/java.lang.Thread.getStackTrace(Thread.java:1606)
org.evosuite.runtime.sandbox.MSecurityManager.checkPermission(MSecurityManager.java:434)
java.base/java.util.spi.LocaleServiceProvider.checkPermission(LocaleServiceProvider.java:157)
java.base/java.util.spi.LocaleServiceProvider.&lt;init&gt;(LocaleServiceProvider.java:171)
java.base/java.text.spi.NumberFormatProvider.&lt;init&gt;(NumberFormatProvider.java:45)
java.base/sun.util.locale.provider.NumberFormatProviderImpl.&lt;init&gt;(NumberFormatProviderImpl.java:70)
java.base/sun.util.locale.provider.JRELocaleProviderAdapter.lambda$getNumberFormatProvider$5(JRELocaleProviderAdapter.java:239)
java.base/java.security.AccessController.doPrivileged(Native Method)
java.base/sun.util.locale.provider.JRELocaleProviderAdapter.getNumberFormatProvider(JRELocaleProviderAdapter.java:235)
java.base/sun.util.locale.provider.JRELocaleProviderAdapter.getLocaleServiceProvider(JRELocaleProviderAdapter.java:103)
java.base/sun.util.locale.provider.LocaleProviderAdapter.findAdapter(LocaleProviderAdapter.java:281)
java.base/sun.util.locale.provider.LocaleProviderAdapter.getAdapter(LocaleProviderAdapter.java:250)
java.base/java.text.NumberFormat.getInstance(NumberFormat.java:905)
java.base/java.text.NumberFormat.getNumberInstance(NumberFormat.java:515)
java.base/java.util.Scanner.useLocale(Scanner.java:1270)
java.base/java.util.Scanner.&lt;init&gt;(Scanner.java:543)
java.base/java.util.Scanner.&lt;init&gt;(Scanner.java:566)
main.java.view.Menu.getLoc(Menu.java:432)
main.java.view.Menu.newRegisterUserAux(Menu.java:312)
main.java.view.Menu_ESTest.test13(Menu_ESTest.java:189)
java.base/jdk.internal.reflect.NativeMethodAccessorImpl.invoke0(Native Method)
java.base/jdk.internal.reflect.NativeMethodAccessorImpl.invoke(NativeMethodAccessorImpl.java:62)
java.base/jdk.internal.reflect.DelegatingMethodAccessorImpl.invoke(DelegatingMethodAccessorImpl.java:43)
java.base/java.lang.reflect.Method.invoke(Method.java:566)
org.junit.runners.model.FrameworkMethod$1.runReflectiveCall(FrameworkMethod.java:47)
org.junit.internal.runners.model.ReflectiveCallable.run(ReflectiveCallable.java:12)
org.junit.runners.model.FrameworkMethod.invokeExplosively(FrameworkMethod.java:44)
org.junit.internal.runners.statements.InvokeMethod.evaluate(InvokeMethod.java:17)
org.junit.internal.runners.statements.FailOnTimeout$StatementThread.run(FailOnTimeout.java:74)

	at org.evosuite.runtime.sandbox.MSecurityManager.checkPermission(MSecurityManager.java:452)
	at java.base/java.util.spi.LocaleServiceProvider.checkPermission(LocaleServiceProvider.java:157)
	at java.base/java.util.spi.LocaleServiceProvider.&lt;init&gt;(LocaleServiceProvider.java:171)
	at java.base/java.text.spi.NumberFormatProvider.&lt;init&gt;(NumberFormatProvider.java:45)
	at java.base/sun.util.locale.provider.NumberFormatProviderImpl.&lt;init&gt;(NumberFormatProviderImpl.java:70)
	at java.base/sun.util.locale.provider.JRELocaleProviderAdapter.lambda$getNumberFormatProvider$5(JRELocaleProviderAdapter.java:239)
	at java.base/java.security.AccessController.doPrivileged(Native Method)
	at java.base/sun.util.locale.provider.JRELocaleProviderAdapter.getNumberFormatProvider(JRELocaleProviderAdapter.java:235)
	at java.base/sun.util.locale.provider.JRELocaleProviderAdapter.getLocaleServiceProvider(JRELocaleProviderAdapter.java:103)
	at java.base/sun.util.locale.provider.LocaleProviderAdapter.findAdapter(LocaleProviderAdapter.java:281)
	at java.base/sun.util.locale.provider.LocaleProviderAdapter.getAdapter(LocaleProviderAdapter.java:250)
	at java.base/java.text.NumberFormat.getInstance(NumberFormat.java:905)
	at java.base/java.text.NumberFormat.getNumberInstance(NumberFormat.java:515)
	at java.base/java.util.Scanner.useLocale(Scanner.java:1270)
	at java.base/java.util.Scanner.&lt;init&gt;(Scanner.java:543)
	at java.base/java.util.Scanner.&lt;init&gt;(Scanner.java:566)
	at main.java.view.Menu.getLoc(Menu.java:432)
	at main.java.view.Menu.newRegisterUserAux(Menu.java:312)
	at main.java.view.Menu_ESTest.test13(Menu_ESTest.java:189)
	at java.base/jdk.internal.reflect.NativeMethodAccessorImpl.invoke0(Native Method)
	at java.base/jdk.internal.reflect.NativeMethodAccessorImpl.invoke(NativeMethodAccessorImpl.java:62)
	at java.base/jdk.internal.reflect.DelegatingMethodAccessorImpl.invoke(DelegatingMethodAccessorImpl.java:43)
	at java.base/java.lang.reflect.Method.invoke(Method.java:566)
	at org.junit.runners.model.FrameworkMethod$1.runReflectiveCall(FrameworkMethod.java:47)
	at org.junit.internal.runners.model.ReflectiveCallable.run(ReflectiveCallable.java:12)
	at org.junit.runners.model.FrameworkMethod.invokeExplosively(FrameworkMethod.java:44)
	at org.junit.internal.runners.statements.InvokeMethod.evaluate(InvokeMethod.java:17)
	at org.junit.internal.runners.statements.FailOnTimeout$StatementThread.run(FailOnTimeout.java:74)
</error>
  </testcase>
  <testcase classname="main.java.view.Menu_ESTest" name="test57" time="0.005">
    <error message="Could not initialize class java.util.logging.LogRecord$CallerFinder" type="java.lang.NoClassDefFoundError">java.lang.NoClassDefFoundError: Could not initialize class java.util.logging.LogRecord$CallerFinder
	at java.logging/java.util.logging.LogRecord.inferCaller(LogRecord.java:683)
	at java.logging/java.util.logging.LogRecord.getSourceClassName(LogRecord.java:352)
	at java.logging/java.util.logging.SimpleFormatter.format(SimpleFormatter.java:160)
	at java.logging/java.util.logging.StreamHandler.publish(StreamHandler.java:199)
	at java.logging/java.util.logging.ConsoleHandler.publish(ConsoleHandler.java:95)
	at java.logging/java.util.logging.Logger.log(Logger.java:979)
	at java.logging/java.util.logging.Logger.doLog(Logger.java:1006)
	at java.logging/java.util.logging.Logger.log(Logger.java:1029)
	at java.logging/java.util.logging.Logger.info(Logger.java:1802)
	at main.java.view.Menu.displayMenuHeader(Menu.java:413)
	at main.java.view.Menu.newRegisterCar(Menu.java:245)
	at main.java.view.Menu_ESTest.test57(Menu_ESTest.java:891)
	at java.base/jdk.internal.reflect.NativeMethodAccessorImpl.invoke0(Native Method)
	at java.base/jdk.internal.reflect.NativeMethodAccessorImpl.invoke(NativeMethodAccessorImpl.java:62)
	at java.base/jdk.internal.reflect.DelegatingMethodAccessorImpl.invoke(DelegatingMethodAccessorImpl.java:43)
	at java.base/java.lang.reflect.Method.invoke(Method.java:566)
	at org.junit.runners.model.FrameworkMethod$1.runReflectiveCall(FrameworkMethod.java:47)
	at org.junit.internal.runners.model.ReflectiveCallable.run(ReflectiveCallable.java:12)
	at org.junit.runners.model.FrameworkMethod.invokeExplosively(FrameworkMethod.java:44)
	at org.junit.internal.runners.statements.InvokeMethod.evaluate(InvokeMethod.java:17)
	at org.junit.internal.runners.statements.FailOnTimeout$StatementThread.run(FailOnTimeout.java:74)
</error>
  </testcase>
  <testcase classname="main.java.view.Menu_ESTest" name="test14" time="0.006">
    <error message="Could not initialize class java.util.logging.LogRecord$CallerFinder" type="java.lang.NoClassDefFoundError">java.lang.NoClassDefFoundError: Could not initialize class java.util.logging.LogRecord$CallerFinder
	at java.logging/java.util.logging.LogRecord.inferCaller(LogRecord.java:683)
	at java.logging/java.util.logging.LogRecord.getSourceClassName(LogRecord.java:352)
	at java.logging/java.util.logging.SimpleFormatter.format(SimpleFormatter.java:160)
	at java.logging/java.util.logging.StreamHandler.publish(StreamHandler.java:199)
	at java.logging/java.util.logging.ConsoleHandler.publish(ConsoleHandler.java:95)
	at java.logging/java.util.logging.Logger.log(Logger.java:979)
	at java.logging/java.util.logging.Logger.doLog(Logger.java:1006)
	at java.logging/java.util.logging.Logger.log(Logger.java:1029)
	at java.logging/java.util.logging.Logger.info(Logger.java:1802)
	at main.java.view.Menu.displayMenuHeader(Menu.java:413)
	at main.java.view.Menu.newRegisterUser(Menu.java:280)
	at main.java.view.Menu_ESTest.test14(Menu_ESTest.java:206)
	at java.base/jdk.internal.reflect.NativeMethodAccessorImpl.invoke0(Native Method)
	at java.base/jdk.internal.reflect.NativeMethodAccessorImpl.invoke(NativeMethodAccessorImpl.java:62)
	at java.base/jdk.internal.reflect.DelegatingMethodAccessorImpl.invoke(DelegatingMethodAccessorImpl.java:43)
	at java.base/java.lang.reflect.Method.invoke(Method.java:566)
	at org.junit.runners.model.FrameworkMethod$1.runReflectiveCall(FrameworkMethod.java:47)
	at org.junit.internal.runners.model.ReflectiveCallable.run(ReflectiveCallable.java:12)
	at org.junit.runners.model.FrameworkMethod.invokeExplosively(FrameworkMethod.java:44)
	at org.junit.internal.runners.statements.InvokeMethod.evaluate(InvokeMethod.java:17)
	at org.junit.internal.runners.statements.FailOnTimeout$StatementThread.run(FailOnTimeout.java:74)
</error>
  </testcase>
  <testcase classname="main.java.view.Menu_ESTest" name="test58" time="0.007">
    <error message="Could not initialize class java.util.logging.LogRecord$CallerFinder" type="java.lang.NoClassDefFoundError">java.lang.NoClassDefFoundError: Could not initialize class java.util.logging.LogRecord$CallerFinder
	at java.logging/java.util.logging.LogRecord.inferCaller(LogRecord.java:683)
	at java.logging/java.util.logging.LogRecord.getSourceClassName(LogRecord.java:352)
	at java.logging/java.util.logging.SimpleFormatter.format(SimpleFormatter.java:160)
	at java.logging/java.util.logging.StreamHandler.publish(StreamHandler.java:199)
	at java.logging/java.util.logging.ConsoleHandler.publish(ConsoleHandler.java:95)
	at java.logging/java.util.logging.Logger.log(Logger.java:979)
	at java.logging/java.util.logging.Logger.doLog(Logger.java:1006)
	at java.logging/java.util.logging.Logger.log(Logger.java:1029)
	at java.logging/java.util.logging.Logger.info(Logger.java:1802)
	at main.java.view.Menu.displayMenuHeader(Menu.java:413)
	at main.java.view.Menu.rentalHistoryShow(Menu.java:119)
	at main.java.view.Menu_ESTest.test58(Menu_ESTest.java:909)
	at java.base/jdk.internal.reflect.NativeMethodAccessorImpl.invoke0(Native Method)
	at java.base/jdk.internal.reflect.NativeMethodAccessorImpl.invoke(NativeMethodAccessorImpl.java:62)
	at java.base/jdk.internal.reflect.DelegatingMethodAccessorImpl.invoke(DelegatingMethodAccessorImpl.java:43)
	at java.base/java.lang.reflect.Method.invoke(Method.java:566)
	at org.junit.runners.model.FrameworkMethod$1.runReflectiveCall(FrameworkMethod.java:47)
	at org.junit.internal.runners.model.ReflectiveCallable.run(ReflectiveCallable.java:12)
	at org.junit.runners.model.FrameworkMethod.invokeExplosively(FrameworkMethod.java:44)
	at org.junit.internal.runners.statements.InvokeMethod.evaluate(InvokeMethod.java:17)
	at org.junit.internal.runners.statements.FailOnTimeout$StatementThread.run(FailOnTimeout.java:74)
</error>
  </testcase>
  <testcase classname="main.java.view.Menu_ESTest" name="test15" time="0.008">
    <error message="Security manager blocks (&quot;java.lang.RuntimePermission&quot; &quot;localeServiceProvider&quot;)
java.base/java.lang.Thread.getStackTrace(Thread.java:1606)
org.evosuite.runtime.sandbox.MSecurityManager.checkPermission(MSecurityManager.java:434)
java.base/java.util.spi.LocaleServiceProvider.checkPermission(LocaleServiceProvider.java:157)
java.base/java.util.spi.LocaleServiceProvider.&lt;init&gt;(LocaleServiceProvider.java:171)
java.base/java.text.spi.NumberFormatProvider.&lt;init&gt;(NumberFormatProvider.java:45)
java.base/sun.util.locale.provider.NumberFormatProviderImpl.&lt;init&gt;(NumberFormatProviderImpl.java:70)
java.base/sun.util.locale.provider.JRELocaleProviderAdapter.lambda$getNumberFormatProvider$5(JRELocaleProviderAdapter.java:239)
java.base/java.security.AccessController.doPrivileged(Native Method)
java.base/sun.util.locale.provider.JRELocaleProviderAdapter.getNumberFormatProvider(JRELocaleProviderAdapter.java:235)
java.base/sun.util.locale.provider.JRELocaleProviderAdapter.getLocaleServiceProvider(JRELocaleProviderAdapter.java:103)
java.base/sun.util.locale.provider.LocaleProviderAdapter.findAdapter(LocaleProviderAdapter.java:281)
java.base/sun.util.locale.provider.LocaleProviderAdapter.getAdapter(LocaleProviderAdapter.java:250)
java.base/java.text.NumberFormat.getInstance(NumberFormat.java:905)
java.base/java.text.NumberFormat.getNumberInstance(NumberFormat.java:515)
java.base/java.util.Scanner.useLocale(Scanner.java:1270)
java.base/java.util.Scanner.&lt;init&gt;(Scanner.java:543)
java.base/java.util.Scanner.&lt;init&gt;(Scanner.java:566)
main.java.view.Menu.newLogin(Menu.java:234)
main.java.view.Menu_ESTest.test15(Menu_ESTest.java:220)
java.base/jdk.internal.reflect.NativeMethodAccessorImpl.invoke0(Native Method)
java.base/jdk.internal.reflect.NativeMethodAccessorImpl.invoke(NativeMethodAccessorImpl.java:62)
java.base/jdk.internal.reflect.DelegatingMethodAccessorImpl.invoke(DelegatingMethodAccessorImpl.java:43)
java.base/java.lang.reflect.Method.invoke(Method.java:566)
org.junit.runners.model.FrameworkMethod$1.runReflectiveCall(FrameworkMethod.java:47)
org.junit.internal.runners.model.ReflectiveCallable.run(ReflectiveCallable.java:12)
org.junit.runners.model.FrameworkMethod.invokeExplosively(FrameworkMethod.java:44)
org.junit.internal.runners.statements.InvokeMethod.evaluate(InvokeMethod.java:17)
org.junit.internal.runners.statements.FailOnTimeout$StatementThread.run(FailOnTimeout.java:74)
" type="java.lang.SecurityException">java.lang.SecurityException: Security manager blocks (&quot;java.lang.RuntimePermission&quot; &quot;localeServiceProvider&quot;)
java.base/java.lang.Thread.getStackTrace(Thread.java:1606)
org.evosuite.runtime.sandbox.MSecurityManager.checkPermission(MSecurityManager.java:434)
java.base/java.util.spi.LocaleServiceProvider.checkPermission(LocaleServiceProvider.java:157)
java.base/java.util.spi.LocaleServiceProvider.&lt;init&gt;(LocaleServiceProvider.java:171)
java.base/java.text.spi.NumberFormatProvider.&lt;init&gt;(NumberFormatProvider.java:45)
java.base/sun.util.locale.provider.NumberFormatProviderImpl.&lt;init&gt;(NumberFormatProviderImpl.java:70)
java.base/sun.util.locale.provider.JRELocaleProviderAdapter.lambda$getNumberFormatProvider$5(JRELocaleProviderAdapter.java:239)
java.base/java.security.AccessController.doPrivileged(Native Method)
java.base/sun.util.locale.provider.JRELocaleProviderAdapter.getNumberFormatProvider(JRELocaleProviderAdapter.java:235)
java.base/sun.util.locale.provider.JRELocaleProviderAdapter.getLocaleServiceProvider(JRELocaleProviderAdapter.java:103)
java.base/sun.util.locale.provider.LocaleProviderAdapter.findAdapter(LocaleProviderAdapter.java:281)
java.base/sun.util.locale.provider.LocaleProviderAdapter.getAdapter(LocaleProviderAdapter.java:250)
java.base/java.text.NumberFormat.getInstance(NumberFormat.java:905)
java.base/java.text.NumberFormat.getNumberInstance(NumberFormat.java:515)
java.base/java.util.Scanner.useLocale(Scanner.java:1270)
java.base/java.util.Scanner.&lt;init&gt;(Scanner.java:543)
java.base/java.util.Scanner.&lt;init&gt;(Scanner.java:566)
main.java.view.Menu.newLogin(Menu.java:234)
main.java.view.Menu_ESTest.test15(Menu_ESTest.java:220)
java.base/jdk.internal.reflect.NativeMethodAccessorImpl.invoke0(Native Method)
java.base/jdk.internal.reflect.NativeMethodAccessorImpl.invoke(NativeMethodAccessorImpl.java:62)
java.base/jdk.internal.reflect.DelegatingMethodAccessorImpl.invoke(DelegatingMethodAccessorImpl.java:43)
java.base/java.lang.reflect.Method.invoke(Method.java:566)
org.junit.runners.model.FrameworkMethod$1.runReflectiveCall(FrameworkMethod.java:47)
org.junit.internal.runners.model.ReflectiveCallable.run(ReflectiveCallable.java:12)
org.junit.runners.model.FrameworkMethod.invokeExplosively(FrameworkMethod.java:44)
org.junit.internal.runners.statements.InvokeMethod.evaluate(InvokeMethod.java:17)
org.junit.internal.runners.statements.FailOnTimeout$StatementThread.run(FailOnTimeout.java:74)

	at org.evosuite.runtime.sandbox.MSecurityManager.checkPermission(MSecurityManager.java:452)
	at java.base/java.util.spi.LocaleServiceProvider.checkPermission(LocaleServiceProvider.java:157)
	at java.base/java.util.spi.LocaleServiceProvider.&lt;init&gt;(LocaleServiceProvider.java:171)
	at java.base/java.text.spi.NumberFormatProvider.&lt;init&gt;(NumberFormatProvider.java:45)
	at java.base/sun.util.locale.provider.NumberFormatProviderImpl.&lt;init&gt;(NumberFormatProviderImpl.java:70)
	at java.base/sun.util.locale.provider.JRELocaleProviderAdapter.lambda$getNumberFormatProvider$5(JRELocaleProviderAdapter.java:239)
	at java.base/java.security.AccessController.doPrivileged(Native Method)
	at java.base/sun.util.locale.provider.JRELocaleProviderAdapter.getNumberFormatProvider(JRELocaleProviderAdapter.java:235)
	at java.base/sun.util.locale.provider.JRELocaleProviderAdapter.getLocaleServiceProvider(JRELocaleProviderAdapter.java:103)
	at java.base/sun.util.locale.provider.LocaleProviderAdapter.findAdapter(LocaleProviderAdapter.java:281)
	at java.base/sun.util.locale.provider.LocaleProviderAdapter.getAdapter(LocaleProviderAdapter.java:250)
	at java.base/java.text.NumberFormat.getInstance(NumberFormat.java:905)
	at java.base/java.text.NumberFormat.getNumberInstance(NumberFormat.java:515)
	at java.base/java.util.Scanner.useLocale(Scanner.java:1270)
	at java.base/java.util.Scanner.&lt;init&gt;(Scanner.java:543)
	at java.base/java.util.Scanner.&lt;init&gt;(Scanner.java:566)
	at main.java.view.Menu.newLogin(Menu.java:234)
	at main.java.view.Menu_ESTest.test15(Menu_ESTest.java:220)
	at java.base/jdk.internal.reflect.NativeMethodAccessorImpl.invoke0(Native Method)
	at java.base/jdk.internal.reflect.NativeMethodAccessorImpl.invoke(NativeMethodAccessorImpl.java:62)
	at java.base/jdk.internal.reflect.DelegatingMethodAccessorImpl.invoke(DelegatingMethodAccessorImpl.java:43)
	at java.base/java.lang.reflect.Method.invoke(Method.java:566)
	at org.junit.runners.model.FrameworkMethod$1.runReflectiveCall(FrameworkMethod.java:47)
	at org.junit.internal.runners.model.ReflectiveCallable.run(ReflectiveCallable.java:12)
	at org.junit.runners.model.FrameworkMethod.invokeExplosively(FrameworkMethod.java:44)
	at org.junit.internal.runners.statements.InvokeMethod.evaluate(InvokeMethod.java:17)
	at org.junit.internal.runners.statements.FailOnTimeout$StatementThread.run(FailOnTimeout.java:74)
</error>
  </testcase>
  <testcase classname="main.java.view.Menu_ESTest" name="test59" time="0.007">
    <error message="Security manager blocks (&quot;java.lang.RuntimePermission&quot; &quot;localeServiceProvider&quot;)
java.base/java.lang.Thread.getStackTrace(Thread.java:1606)
org.evosuite.runtime.sandbox.MSecurityManager.checkPermission(MSecurityManager.java:434)
java.base/java.util.spi.LocaleServiceProvider.checkPermission(LocaleServiceProvider.java:157)
java.base/java.util.spi.LocaleServiceProvider.&lt;init&gt;(LocaleServiceProvider.java:171)
java.base/java.text.spi.NumberFormatProvider.&lt;init&gt;(NumberFormatProvider.java:45)
java.base/sun.util.locale.provider.NumberFormatProviderImpl.&lt;init&gt;(NumberFormatProviderImpl.java:70)
java.base/sun.util.locale.provider.JRELocaleProviderAdapter.lambda$getNumberFormatProvider$5(JRELocaleProviderAdapter.java:239)
java.base/java.security.AccessController.doPrivileged(Native Method)
java.base/sun.util.locale.provider.JRELocaleProviderAdapter.getNumberFormatProvider(JRELocaleProviderAdapter.java:235)
java.base/sun.util.locale.provider.JRELocaleProviderAdapter.getLocaleServiceProvider(JRELocaleProviderAdapter.java:103)
java.base/sun.util.locale.provider.LocaleProviderAdapter.findAdapter(LocaleProviderAdapter.java:281)
java.base/sun.util.locale.provider.LocaleProviderAdapter.getAdapter(LocaleProviderAdapter.java:250)
java.base/java.text.NumberFormat.getInstance(NumberFormat.java:905)
java.base/java.text.NumberFormat.getNumberInstance(NumberFormat.java:515)
java.base/java.util.Scanner.useLocale(Scanner.java:1270)
java.base/java.util.Scanner.&lt;init&gt;(Scanner.java:543)
java.base/java.util.Scanner.&lt;init&gt;(Scanner.java:566)
main.java.view.Menu.reviewRentShow(Menu.java:171)
main.java.view.Menu_ESTest.test59(Menu_ESTest.java:925)
java.base/jdk.internal.reflect.NativeMethodAccessorImpl.invoke0(Native Method)
java.base/jdk.internal.reflect.NativeMethodAccessorImpl.invoke(NativeMethodAccessorImpl.java:62)
java.base/jdk.internal.reflect.DelegatingMethodAccessorImpl.invoke(DelegatingMethodAccessorImpl.java:43)
java.base/java.lang.reflect.Method.invoke(Method.java:566)
org.junit.runners.model.FrameworkMethod$1.runReflectiveCall(FrameworkMethod.java:47)
org.junit.internal.runners.model.ReflectiveCallable.run(ReflectiveCallable.java:12)
org.junit.runners.model.FrameworkMethod.invokeExplosively(FrameworkMethod.java:44)
org.junit.internal.runners.statements.InvokeMethod.evaluate(InvokeMethod.java:17)
org.junit.internal.runners.statements.FailOnTimeout$StatementThread.run(FailOnTimeout.java:74)
" type="java.lang.SecurityException">java.lang.SecurityException: Security manager blocks (&quot;java.lang.RuntimePermission&quot; &quot;localeServiceProvider&quot;)
java.base/java.lang.Thread.getStackTrace(Thread.java:1606)
org.evosuite.runtime.sandbox.MSecurityManager.checkPermission(MSecurityManager.java:434)
java.base/java.util.spi.LocaleServiceProvider.checkPermission(LocaleServiceProvider.java:157)
java.base/java.util.spi.LocaleServiceProvider.&lt;init&gt;(LocaleServiceProvider.java:171)
java.base/java.text.spi.NumberFormatProvider.&lt;init&gt;(NumberFormatProvider.java:45)
java.base/sun.util.locale.provider.NumberFormatProviderImpl.&lt;init&gt;(NumberFormatProviderImpl.java:70)
java.base/sun.util.locale.provider.JRELocaleProviderAdapter.lambda$getNumberFormatProvider$5(JRELocaleProviderAdapter.java:239)
java.base/java.security.AccessController.doPrivileged(Native Method)
java.base/sun.util.locale.provider.JRELocaleProviderAdapter.getNumberFormatProvider(JRELocaleProviderAdapter.java:235)
java.base/sun.util.locale.provider.JRELocaleProviderAdapter.getLocaleServiceProvider(JRELocaleProviderAdapter.java:103)
java.base/sun.util.locale.provider.LocaleProviderAdapter.findAdapter(LocaleProviderAdapter.java:281)
java.base/sun.util.locale.provider.LocaleProviderAdapter.getAdapter(LocaleProviderAdapter.java:250)
java.base/java.text.NumberFormat.getInstance(NumberFormat.java:905)
java.base/java.text.NumberFormat.getNumberInstance(NumberFormat.java:515)
java.base/java.util.Scanner.useLocale(Scanner.java:1270)
java.base/java.util.Scanner.&lt;init&gt;(Scanner.java:543)
java.base/java.util.Scanner.&lt;init&gt;(Scanner.java:566)
main.java.view.Menu.reviewRentShow(Menu.java:171)
main.java.view.Menu_ESTest.test59(Menu_ESTest.java:925)
java.base/jdk.internal.reflect.NativeMethodAccessorImpl.invoke0(Native Method)
java.base/jdk.internal.reflect.NativeMethodAccessorImpl.invoke(NativeMethodAccessorImpl.java:62)
java.base/jdk.internal.reflect.DelegatingMethodAccessorImpl.invoke(DelegatingMethodAccessorImpl.java:43)
java.base/java.lang.reflect.Method.invoke(Method.java:566)
org.junit.runners.model.FrameworkMethod$1.runReflectiveCall(FrameworkMethod.java:47)
org.junit.internal.runners.model.ReflectiveCallable.run(ReflectiveCallable.java:12)
org.junit.runners.model.FrameworkMethod.invokeExplosively(FrameworkMethod.java:44)
org.junit.internal.runners.statements.InvokeMethod.evaluate(InvokeMethod.java:17)
org.junit.internal.runners.statements.FailOnTimeout$StatementThread.run(FailOnTimeout.java:74)

	at org.evosuite.runtime.sandbox.MSecurityManager.checkPermission(MSecurityManager.java:452)
	at java.base/java.util.spi.LocaleServiceProvider.checkPermission(LocaleServiceProvider.java:157)
	at java.base/java.util.spi.LocaleServiceProvider.&lt;init&gt;(LocaleServiceProvider.java:171)
	at java.base/java.text.spi.NumberFormatProvider.&lt;init&gt;(NumberFormatProvider.java:45)
	at java.base/sun.util.locale.provider.NumberFormatProviderImpl.&lt;init&gt;(NumberFormatProviderImpl.java:70)
	at java.base/sun.util.locale.provider.JRELocaleProviderAdapter.lambda$getNumberFormatProvider$5(JRELocaleProviderAdapter.java:239)
	at java.base/java.security.AccessController.doPrivileged(Native Method)
	at java.base/sun.util.locale.provider.JRELocaleProviderAdapter.getNumberFormatProvider(JRELocaleProviderAdapter.java:235)
	at java.base/sun.util.locale.provider.JRELocaleProviderAdapter.getLocaleServiceProvider(JRELocaleProviderAdapter.java:103)
	at java.base/sun.util.locale.provider.LocaleProviderAdapter.findAdapter(LocaleProviderAdapter.java:281)
	at java.base/sun.util.locale.provider.LocaleProviderAdapter.getAdapter(LocaleProviderAdapter.java:250)
	at java.base/java.text.NumberFormat.getInstance(NumberFormat.java:905)
	at java.base/java.text.NumberFormat.getNumberInstance(NumberFormat.java:515)
	at java.base/java.util.Scanner.useLocale(Scanner.java:1270)
	at java.base/java.util.Scanner.&lt;init&gt;(Scanner.java:543)
	at java.base/java.util.Scanner.&lt;init&gt;(Scanner.java:566)
	at main.java.view.Menu.reviewRentShow(Menu.java:171)
	at main.java.view.Menu_ESTest.test59(Menu_ESTest.java:925)
	at java.base/jdk.internal.reflect.NativeMethodAccessorImpl.invoke0(Native Method)
	at java.base/jdk.internal.reflect.NativeMethodAccessorImpl.invoke(NativeMethodAccessorImpl.java:62)
	at java.base/jdk.internal.reflect.DelegatingMethodAccessorImpl.invoke(DelegatingMethodAccessorImpl.java:43)
	at java.base/java.lang.reflect.Method.invoke(Method.java:566)
	at org.junit.runners.model.FrameworkMethod$1.runReflectiveCall(FrameworkMethod.java:47)
	at org.junit.internal.runners.model.ReflectiveCallable.run(ReflectiveCallable.java:12)
	at org.junit.runners.model.FrameworkMethod.invokeExplosively(FrameworkMethod.java:44)
	at org.junit.internal.runners.statements.InvokeMethod.evaluate(InvokeMethod.java:17)
	at org.junit.internal.runners.statements.FailOnTimeout$StatementThread.run(FailOnTimeout.java:74)
</error>
  </testcase>
  <testcase classname="main.java.view.Menu_ESTest" name="test16" time="0.006">
    <error message="Could not initialize class java.util.logging.LogRecord$CallerFinder" type="java.lang.NoClassDefFoundError">java.lang.NoClassDefFoundError: Could not initialize class java.util.logging.LogRecord$CallerFinder
	at java.logging/java.util.logging.LogRecord.inferCaller(LogRecord.java:683)
	at java.logging/java.util.logging.LogRecord.getSourceClassName(LogRecord.java:352)
	at java.logging/java.util.logging.SimpleFormatter.format(SimpleFormatter.java:160)
	at java.logging/java.util.logging.StreamHandler.publish(StreamHandler.java:199)
	at java.logging/java.util.logging.ConsoleHandler.publish(ConsoleHandler.java:95)
	at java.logging/java.util.logging.Logger.log(Logger.java:979)
	at java.logging/java.util.logging.Logger.doLog(Logger.java:1006)
	at java.logging/java.util.logging.Logger.log(Logger.java:1029)
	at java.logging/java.util.logging.Logger.info(Logger.java:1802)
	at main.java.view.Menu.displayMenuHeader(Menu.java:413)
	at main.java.view.Menu.carOverviewShow(Menu.java:101)
	at main.java.view.Menu_ESTest.test16(Menu_ESTest.java:231)
	at java.base/jdk.internal.reflect.NativeMethodAccessorImpl.invoke0(Native Method)
	at java.base/jdk.internal.reflect.NativeMethodAccessorImpl.invoke(NativeMethodAccessorImpl.java:62)
	at java.base/jdk.internal.reflect.DelegatingMethodAccessorImpl.invoke(DelegatingMethodAccessorImpl.java:43)
	at java.base/java.lang.reflect.Method.invoke(Method.java:566)
	at org.junit.runners.model.FrameworkMethod$1.runReflectiveCall(FrameworkMethod.java:47)
	at org.junit.internal.runners.model.ReflectiveCallable.run(ReflectiveCallable.java:12)
	at org.junit.runners.model.FrameworkMethod.invokeExplosively(FrameworkMethod.java:44)
	at org.junit.internal.runners.statements.InvokeMethod.evaluate(InvokeMethod.java:17)
	at org.junit.internal.runners.statements.FailOnTimeout$StatementThread.run(FailOnTimeout.java:74)
</error>
  </testcase>
  <testcase classname="main.java.view.Menu_ESTest" name="test17" time="0.004">
    <error message="Could not initialize class java.util.logging.LogRecord$CallerFinder" type="java.lang.NoClassDefFoundError">java.lang.NoClassDefFoundError: Could not initialize class java.util.logging.LogRecord$CallerFinder
	at java.logging/java.util.logging.LogRecord.inferCaller(LogRecord.java:683)
	at java.logging/java.util.logging.LogRecord.getSourceClassName(LogRecord.java:352)
	at java.logging/java.util.logging.SimpleFormatter.format(SimpleFormatter.java:160)
	at java.logging/java.util.logging.StreamHandler.publish(StreamHandler.java:199)
	at java.logging/java.util.logging.ConsoleHandler.publish(ConsoleHandler.java:95)
	at java.logging/java.util.logging.Logger.log(Logger.java:979)
	at java.logging/java.util.logging.Logger.doLog(Logger.java:1006)
	at java.logging/java.util.logging.Logger.log(Logger.java:1029)
	at java.logging/java.util.logging.Logger.info(Logger.java:1802)
	at main.java.view.Menu.displayMenuHeader(Menu.java:413)
	at main.java.view.Menu.carOverviewShow(Menu.java:101)
	at main.java.view.Menu_ESTest.test17(Menu_ESTest.java:241)
	at java.base/jdk.internal.reflect.NativeMethodAccessorImpl.invoke0(Native Method)
	at java.base/jdk.internal.reflect.NativeMethodAccessorImpl.invoke(NativeMethodAccessorImpl.java:62)
	at java.base/jdk.internal.reflect.DelegatingMethodAccessorImpl.invoke(DelegatingMethodAccessorImpl.java:43)
	at java.base/java.lang.reflect.Method.invoke(Method.java:566)
	at org.junit.runners.model.FrameworkMethod$1.runReflectiveCall(FrameworkMethod.java:47)
	at org.junit.internal.runners.model.ReflectiveCallable.run(ReflectiveCallable.java:12)
	at org.junit.runners.model.FrameworkMethod.invokeExplosively(FrameworkMethod.java:44)
	at org.junit.internal.runners.statements.InvokeMethod.evaluate(InvokeMethod.java:17)
	at org.junit.internal.runners.statements.FailOnTimeout$StatementThread.run(FailOnTimeout.java:74)
</error>
  </testcase>
  <testcase classname="main.java.view.Menu_ESTest" name="test18" time="0.006">
    <failure message="Exception was not thrown in main.java.view.Menu but in org.evosuite.runtime.sandbox.MSecurityManager.checkPermission(MSecurityManager.java:452): java.lang.SecurityException: Security manager blocks (&quot;java.lang.RuntimePermission&quot; &quot;localeServiceProvider&quot;)
java.base/java.lang.Thread.getStackTrace(Thread.java:1606)
org.evosuite.runtime.sandbox.MSecurityManager.checkPermission(MSecurityManager.java:434)
java.base/java.util.spi.LocaleServiceProvider.checkPermission(LocaleServiceProvider.java:157)
java.base/java.util.spi.LocaleServiceProvider.&lt;init&gt;(LocaleServiceProvider.java:171)
java.base/java.text.spi.NumberFormatProvider.&lt;init&gt;(NumberFormatProvider.java:45)
java.base/sun.util.locale.provider.NumberFormatProviderImpl.&lt;init&gt;(NumberFormatProviderImpl.java:70)
java.base/sun.util.locale.provider.JRELocaleProviderAdapter.lambda$getNumberFormatProvider$5(JRELocaleProviderAdapter.java:239)
java.base/java.security.AccessController.doPrivileged(Native Method)
java.base/sun.util.locale.provider.JRELocaleProviderAdapter.getNumberFormatProvider(JRELocaleProviderAdapter.java:235)
java.base/sun.util.locale.provider.JRELocaleProviderAdapter.getLocaleServiceProvider(JRELocaleProviderAdapter.java:103)
java.base/sun.util.locale.provider.LocaleProviderAdapter.findAdapter(LocaleProviderAdapter.java:281)
java.base/sun.util.locale.provider.LocaleProviderAdapter.getAdapter(LocaleProviderAdapter.java:250)
java.base/java.text.NumberFormat.getInstance(NumberFormat.java:905)
java.base/java.text.NumberFormat.getNumberInstance(NumberFormat.java:515)
java.base/java.util.Scanner.useLocale(Scanner.java:1270)
java.base/java.util.Scanner.&lt;init&gt;(Scanner.java:543)
java.base/java.util.Scanner.&lt;init&gt;(Scanner.java:566)
main.java.view.Menu.walkingDistanceRent(Menu.java:155)
main.java.view.Menu_ESTest.test18(Menu_ESTest.java:251)
java.base/jdk.internal.reflect.NativeMethodAccessorImpl.invoke0(Native Method)
java.base/jdk.internal.reflect.NativeMethodAccessorImpl.invoke(NativeMethodAccessorImpl.java:62)
java.base/jdk.internal.reflect.DelegatingMethodAccessorImpl.invoke(DelegatingMethodAccessorImpl.java:43)
java.base/java.lang.reflect.Method.invoke(Method.java:566)
org.junit.runners.model.FrameworkMethod$1.runReflectiveCall(FrameworkMethod.java:47)
org.junit.internal.runners.model.ReflectiveCallable.run(ReflectiveCallable.java:12)
org.junit.runners.model.FrameworkMethod.invokeExplosively(FrameworkMethod.java:44)
org.junit.internal.runners.statements.InvokeMethod.evaluate(InvokeMethod.java:17)
org.junit.internal.runners.statements.FailOnTimeout$StatementThread.run(FailOnTimeout.java:74)
" type="java.lang.AssertionError">java.lang.AssertionError: Exception was not thrown in main.java.view.Menu but in org.evosuite.runtime.sandbox.MSecurityManager.checkPermission(MSecurityManager.java:452): java.lang.SecurityException: Security manager blocks (&quot;java.lang.RuntimePermission&quot; &quot;localeServiceProvider&quot;)
java.base/java.lang.Thread.getStackTrace(Thread.java:1606)
org.evosuite.runtime.sandbox.MSecurityManager.checkPermission(MSecurityManager.java:434)
java.base/java.util.spi.LocaleServiceProvider.checkPermission(LocaleServiceProvider.java:157)
java.base/java.util.spi.LocaleServiceProvider.&lt;init&gt;(LocaleServiceProvider.java:171)
java.base/java.text.spi.NumberFormatProvider.&lt;init&gt;(NumberFormatProvider.java:45)
java.base/sun.util.locale.provider.NumberFormatProviderImpl.&lt;init&gt;(NumberFormatProviderImpl.java:70)
java.base/sun.util.locale.provider.JRELocaleProviderAdapter.lambda$getNumberFormatProvider$5(JRELocaleProviderAdapter.java:239)
java.base/java.security.AccessController.doPrivileged(Native Method)
java.base/sun.util.locale.provider.JRELocaleProviderAdapter.getNumberFormatProvider(JRELocaleProviderAdapter.java:235)
java.base/sun.util.locale.provider.JRELocaleProviderAdapter.getLocaleServiceProvider(JRELocaleProviderAdapter.java:103)
java.base/sun.util.locale.provider.LocaleProviderAdapter.findAdapter(LocaleProviderAdapter.java:281)
java.base/sun.util.locale.provider.LocaleProviderAdapter.getAdapter(LocaleProviderAdapter.java:250)
java.base/java.text.NumberFormat.getInstance(NumberFormat.java:905)
java.base/java.text.NumberFormat.getNumberInstance(NumberFormat.java:515)
java.base/java.util.Scanner.useLocale(Scanner.java:1270)
java.base/java.util.Scanner.&lt;init&gt;(Scanner.java:543)
java.base/java.util.Scanner.&lt;init&gt;(Scanner.java:566)
main.java.view.Menu.walkingDistanceRent(Menu.java:155)
main.java.view.Menu_ESTest.test18(Menu_ESTest.java:251)
java.base/jdk.internal.reflect.NativeMethodAccessorImpl.invoke0(Native Method)
java.base/jdk.internal.reflect.NativeMethodAccessorImpl.invoke(NativeMethodAccessorImpl.java:62)
java.base/jdk.internal.reflect.DelegatingMethodAccessorImpl.invoke(DelegatingMethodAccessorImpl.java:43)
java.base/java.lang.reflect.Method.invoke(Method.java:566)
org.junit.runners.model.FrameworkMethod$1.runReflectiveCall(FrameworkMethod.java:47)
org.junit.internal.runners.model.ReflectiveCallable.run(ReflectiveCallable.java:12)
org.junit.runners.model.FrameworkMethod.invokeExplosively(FrameworkMethod.java:44)
org.junit.internal.runners.statements.InvokeMethod.evaluate(InvokeMethod.java:17)
org.junit.internal.runners.statements.FailOnTimeout$StatementThread.run(FailOnTimeout.java:74)

	at org.evosuite.runtime.EvoAssertions.assertThrownBy(EvoAssertions.java:112)
	at org.evosuite.runtime.EvoAssertions.verifyException(EvoAssertions.java:49)
	at main.java.view.Menu_ESTest.test18(Menu_ESTest.java:258)
	at java.base/jdk.internal.reflect.NativeMethodAccessorImpl.invoke0(Native Method)
	at java.base/jdk.internal.reflect.NativeMethodAccessorImpl.invoke(NativeMethodAccessorImpl.java:62)
	at java.base/jdk.internal.reflect.DelegatingMethodAccessorImpl.invoke(DelegatingMethodAccessorImpl.java:43)
	at java.base/java.lang.reflect.Method.invoke(Method.java:566)
	at org.junit.runners.model.FrameworkMethod$1.runReflectiveCall(FrameworkMethod.java:47)
	at org.junit.internal.runners.model.ReflectiveCallable.run(ReflectiveCallable.java:12)
	at org.junit.runners.model.FrameworkMethod.invokeExplosively(FrameworkMethod.java:44)
	at org.junit.internal.runners.statements.InvokeMethod.evaluate(InvokeMethod.java:17)
	at org.junit.internal.runners.statements.FailOnTimeout$StatementThread.run(FailOnTimeout.java:74)
</failure>
  </testcase>
  <testcase classname="main.java.view.Menu_ESTest" name="test19" time="0.007">
    <error message="Could not initialize class java.util.logging.LogRecord$CallerFinder" type="java.lang.NoClassDefFoundError">java.lang.NoClassDefFoundError: Could not initialize class java.util.logging.LogRecord$CallerFinder
	at java.logging/java.util.logging.LogRecord.inferCaller(LogRecord.java:683)
	at java.logging/java.util.logging.LogRecord.getSourceClassName(LogRecord.java:352)
	at java.logging/java.util.logging.SimpleFormatter.format(SimpleFormatter.java:160)
	at java.logging/java.util.logging.StreamHandler.publish(StreamHandler.java:199)
	at java.logging/java.util.logging.ConsoleHandler.publish(ConsoleHandler.java:95)
	at java.logging/java.util.logging.Logger.log(Logger.java:979)
	at java.logging/java.util.logging.Logger.doLog(Logger.java:1006)
	at java.logging/java.util.logging.Logger.log(Logger.java:1029)
	at java.logging/java.util.logging.Logger.info(Logger.java:1802)
	at main.java.view.Menu.displayMenuHeader(Menu.java:413)
	at main.java.view.Menu.top10ClientsShow(Menu.java:197)
	at main.java.view.Menu_ESTest.test19(Menu_ESTest.java:268)
	at java.base/jdk.internal.reflect.NativeMethodAccessorImpl.invoke0(Native Method)
	at java.base/jdk.internal.reflect.NativeMethodAccessorImpl.invoke(NativeMethodAccessorImpl.java:62)
	at java.base/jdk.internal.reflect.DelegatingMethodAccessorImpl.invoke(DelegatingMethodAccessorImpl.java:43)
	at java.base/java.lang.reflect.Method.invoke(Method.java:566)
	at org.junit.runners.model.FrameworkMethod$1.runReflectiveCall(FrameworkMethod.java:47)
	at org.junit.internal.runners.model.ReflectiveCallable.run(ReflectiveCallable.java:12)
	at org.junit.runners.model.FrameworkMethod.invokeExplosively(FrameworkMethod.java:44)
	at org.junit.internal.runners.statements.InvokeMethod.evaluate(InvokeMethod.java:17)
	at org.junit.internal.runners.statements.FailOnTimeout$StatementThread.run(FailOnTimeout.java:74)
</error>
  </testcase>
</testsuite>