<?xml version="1.0" encoding="UTF-8" ?>
<testsuite tests="5" failures="0" name="main.java.Main_ESTest" time="0.047" errors="5" skipped="0">
  <properties>
    <property name="java.runtime.name" value="OpenJDK Runtime Environment"/>
    <property name="java.vm.version" value="11.0.2+9"/>
    <property name="sun.boot.library.path" value="/Library/Java/JavaVirtualMachines/openjdk-11.0.2.jdk/Contents/Home/lib"/>
    <property name="gopherProxySet" value="false"/>
    <property name="maven.multiModuleProjectDirectory" value="/Users/henrique/Documents/4ano/ATS/projeto/demo1"/>
    <property name="java.vm.vendor" value="Oracle Corporation"/>
    <property name="java.vendor.url" value="http://java.oracle.com/"/>
    <property name="guice.disable.misplaced.annotation.check" value="true"/>
    <property name="path.separator" value=":"/>
    <property name="java.vm.name" value="OpenJDK 64-Bit Server VM"/>
    <property name="sun.os.patch.level" value="unknown"/>
    <property name="user.country" value="PT"/>
    <property name="sun.java.launcher" value="SUN_STANDARD"/>
    <property name="java.vm.specification.name" value="Java Virtual Machine Specification"/>
    <property name="user.dir" value="/Users/henrique/Documents/4ano/ATS/projeto/demo1"/>
    <property name="java.vm.compressedOopsMode" value="Zero based"/>
    <property name="java.runtime.version" value="11.0.2+9"/>
    <property name="java.awt.graphicsenv" value="sun.awt.CGraphicsEnvironment"/>
    <property name="os.arch" value="x86_64"/>
    <property name="java.io.tmpdir" value="/var/folders/rm/l9695zr55lbfkw2m0r27vmzm0000gn/T/"/>
    <property name="line.separator" value="
"/>
    <property name="java.vm.specification.vendor" value="Oracle Corporation"/>
    <property name="os.name" value="Mac OS X"/>
    <property name="classworlds.conf" value="/opt/apache-maven/bin/m2.conf"/>
    <property name="sun.jnu.encoding" value="UTF-8"/>
    <property name="java.library.path" value="/Users/henrique/Library/Java/Extensions:/Library/Java/Extensions:/Network/Library/Java/Extensions:/System/Library/Java/Extensions:/usr/lib/java:."/>
    <property name="maven.conf" value="/opt/apache-maven/conf"/>
    <property name="jdk.debug" value="release"/>
    <property name="java.class.version" value="55.0"/>
    <property name="java.specification.name" value="Java Platform API Specification"/>
    <property name="sun.management.compiler" value="HotSpot 64-Bit Tiered Compilers"/>
    <property name="os.version" value="10.14.3"/>
    <property name="library.jansi.path" value="/opt/apache-maven/lib/jansi-native"/>
    <property name="http.nonProxyHosts" value="local|*.local|169.254/16|*.169.254/16"/>
    <property name="user.home" value="/Users/henrique"/>
    <property name="user.timezone" value="Europe/Lisbon"/>
    <property name="java.awt.printerjob" value="sun.lwawt.macosx.CPrinterJob"/>
    <property name="file.encoding" value="UTF-8"/>
    <property name="java.specification.version" value="11"/>
    <property name="user.name" value="henrique"/>
    <property name="java.class.path" value="/opt/apache-maven/boot/plexus-classworlds-2.6.0.jar"/>
    <property name="java.vm.specification.version" value="11"/>
    <property name="sun.arch.data.model" value="64"/>
    <property name="sun.java.command" value="org.codehaus.plexus.classworlds.launcher.Launcher package"/>
    <property name="java.home" value="/Library/Java/JavaVirtualMachines/openjdk-11.0.2.jdk/Contents/Home"/>
    <property name="user.language" value="pt"/>
    <property name="java.specification.vendor" value="Oracle Corporation"/>
    <property name="awt.toolkit" value="sun.lwawt.macosx.LWCToolkit"/>
    <property name="java.vm.info" value="mixed mode"/>
    <property name="java.version" value="11.0.2"/>
    <property name="java.vendor" value="Oracle Corporation"/>
    <property name="maven.home" value="/opt/apache-maven"/>
    <property name="file.separator" value="/"/>
    <property name="java.version.date" value="2019-01-15"/>
    <property name="java.vendor.url.bug" value="http://bugreport.java.com/bugreport/"/>
    <property name="sun.io.unicode.encoding" value="UnicodeBig"/>
    <property name="sun.cpu.endian" value="little"/>
    <property name="java.vendor.version" value="18.9"/>
    <property name="socksNonProxyHosts" value="local|*.local|169.254/16|*.169.254/16"/>
    <property name="ftp.nonProxyHosts" value="local|*.local|169.254/16|*.169.254/16"/>
    <property name="sun.cpu.isalist" value=""/>
  </properties>
  <testcase classname="main.java.Main_ESTest" name="test0" time="0.013">
    <error message="Operand stack overflow
Exception Details:
  Location:
    main/java/Main.main([Ljava/lang/String;)V @3: new
  Reason:
    Exceeded max stack size.
  Current Frame:
    bci: @3
    flags: { }
    locals: { &apos;[Ljava/lang/String;&apos; }
    stack: { }
  Bytecode:
    0000000: b800 10bb 0024 59b7 0025 4cb8 0010 1227
    0000010: b800 2b4c b800 10b2 002d 122f b600 35b8
    0000020: 0010 b800 3b12 3cb6 0040 b800 10a7 0020
    0000030: b800 104d b800 10b2 002d 1242 b600 35b8
    0000040: 0010 bb00 4459 1246 2bb7 0049 57b8 0010
    0000050: 1400 4ab8 0051 9900 09b8 0057 a700 06b8
    0000060: 005a b800 3b12 5bb6 0040 b800 10a7 000c
    0000070: 4db2 002d 125d b600 35b8 0010 bb00 5f59
    0000080: 2bb7 0062 b600 65b8 0010 2b12 27b6 0068
    0000090: b800 10b8 003b 1269 b600 40b8 0010 a700
    00000a0: 0c4d b200 2d12 5db6 0035 b800 10b1     
  Exception Handler Table:
    bci [11, 31] =&gt; handler: 48
    bci [11, 31] =&gt; handler: 48
    bci [77, 98] =&gt; handler: 112
    bci [135, 144] =&gt; handler: 161
" type="java.lang.VerifyError">java.lang.VerifyError: Operand stack overflow
Exception Details:
  Location:
    main/java/Main.main([Ljava/lang/String;)V @3: new
  Reason:
    Exceeded max stack size.
  Current Frame:
    bci: @3
    flags: { }
    locals: { &apos;[Ljava/lang/String;&apos; }
    stack: { }
  Bytecode:
    0000000: b800 10bb 0024 59b7 0025 4cb8 0010 1227
    0000010: b800 2b4c b800 10b2 002d 122f b600 35b8
    0000020: 0010 b800 3b12 3cb6 0040 b800 10a7 0020
    0000030: b800 104d b800 10b2 002d 1242 b600 35b8
    0000040: 0010 bb00 4459 1246 2bb7 0049 57b8 0010
    0000050: 1400 4ab8 0051 9900 09b8 0057 a700 06b8
    0000060: 005a b800 3b12 5bb6 0040 b800 10a7 000c
    0000070: 4db2 002d 125d b600 35b8 0010 bb00 5f59
    0000080: 2bb7 0062 b600 65b8 0010 2b12 27b6 0068
    0000090: b800 10b8 003b 1269 b600 40b8 0010 a700
    00000a0: 0c4d b200 2d12 5db6 0035 b800 10b1     
  Exception Handler Table:
    bci [11, 31] =&gt; handler: 48
    bci [11, 31] =&gt; handler: 48
    bci [77, 98] =&gt; handler: 112
    bci [135, 144] =&gt; handler: 161

	at main.java.Main_ESTest.test0(Main_ESTest.java:29)
	at java.base/jdk.internal.reflect.NativeMethodAccessorImpl.invoke0(Native Method)
	at java.base/jdk.internal.reflect.NativeMethodAccessorImpl.invoke(NativeMethodAccessorImpl.java:62)
	at java.base/jdk.internal.reflect.DelegatingMethodAccessorImpl.invoke(DelegatingMethodAccessorImpl.java:43)
	at java.base/java.lang.reflect.Method.invoke(Method.java:566)
	at org.junit.runners.model.FrameworkMethod$1.runReflectiveCall(FrameworkMethod.java:47)
	at org.junit.internal.runners.model.ReflectiveCallable.run(ReflectiveCallable.java:12)
	at org.junit.runners.model.FrameworkMethod.invokeExplosively(FrameworkMethod.java:44)
	at org.junit.internal.runners.statements.InvokeMethod.evaluate(InvokeMethod.java:17)
	at org.junit.internal.runners.statements.FailOnTimeout$StatementThread.run(FailOnTimeout.java:74)
</error>
  </testcase>
  <testcase classname="main.java.Main_ESTest" name="test1" time="0.008">
    <error message="Operand stack overflow
Exception Details:
  Location:
    main/java/Main.main([Ljava/lang/String;)V @3: new
  Reason:
    Exceeded max stack size.
  Current Frame:
    bci: @3
    flags: { }
    locals: { &apos;[Ljava/lang/String;&apos; }
    stack: { }
  Bytecode:
    0000000: b800 10bb 0024 59b7 0025 4cb8 0010 1227
    0000010: b800 2b4c b800 10b2 002d 122f b600 35b8
    0000020: 0010 b800 3b12 3cb6 0040 b800 10a7 0020
    0000030: b800 104d b800 10b2 002d 1242 b600 35b8
    0000040: 0010 bb00 4459 1246 2bb7 0049 57b8 0010
    0000050: 1400 4ab8 0051 9900 09b8 0057 a700 06b8
    0000060: 005a b800 3b12 5bb6 0040 b800 10a7 000c
    0000070: 4db2 002d 125d b600 35b8 0010 bb00 5f59
    0000080: 2bb7 0062 b600 65b8 0010 2b12 27b6 0068
    0000090: b800 10b8 003b 1269 b600 40b8 0010 a700
    00000a0: 0c4d b200 2d12 5db6 0035 b800 10b1     
  Exception Handler Table:
    bci [11, 31] =&gt; handler: 48
    bci [11, 31] =&gt; handler: 48
    bci [77, 98] =&gt; handler: 112
    bci [135, 144] =&gt; handler: 161
" type="java.lang.VerifyError">java.lang.VerifyError: Operand stack overflow
Exception Details:
  Location:
    main/java/Main.main([Ljava/lang/String;)V @3: new
  Reason:
    Exceeded max stack size.
  Current Frame:
    bci: @3
    flags: { }
    locals: { &apos;[Ljava/lang/String;&apos; }
    stack: { }
  Bytecode:
    0000000: b800 10bb 0024 59b7 0025 4cb8 0010 1227
    0000010: b800 2b4c b800 10b2 002d 122f b600 35b8
    0000020: 0010 b800 3b12 3cb6 0040 b800 10a7 0020
    0000030: b800 104d b800 10b2 002d 1242 b600 35b8
    0000040: 0010 bb00 4459 1246 2bb7 0049 57b8 0010
    0000050: 1400 4ab8 0051 9900 09b8 0057 a700 06b8
    0000060: 005a b800 3b12 5bb6 0040 b800 10a7 000c
    0000070: 4db2 002d 125d b600 35b8 0010 bb00 5f59
    0000080: 2bb7 0062 b600 65b8 0010 2b12 27b6 0068
    0000090: b800 10b8 003b 1269 b600 40b8 0010 a700
    00000a0: 0c4d b200 2d12 5db6 0035 b800 10b1     
  Exception Handler Table:
    bci [11, 31] =&gt; handler: 48
    bci [11, 31] =&gt; handler: 48
    bci [77, 98] =&gt; handler: 112
    bci [135, 144] =&gt; handler: 161

	at main.java.Main_ESTest.test1(Main_ESTest.java:45)
	at java.base/jdk.internal.reflect.NativeMethodAccessorImpl.invoke0(Native Method)
	at java.base/jdk.internal.reflect.NativeMethodAccessorImpl.invoke(NativeMethodAccessorImpl.java:62)
	at java.base/jdk.internal.reflect.DelegatingMethodAccessorImpl.invoke(DelegatingMethodAccessorImpl.java:43)
	at java.base/java.lang.reflect.Method.invoke(Method.java:566)
	at org.junit.runners.model.FrameworkMethod$1.runReflectiveCall(FrameworkMethod.java:47)
	at org.junit.internal.runners.model.ReflectiveCallable.run(ReflectiveCallable.java:12)
	at org.junit.runners.model.FrameworkMethod.invokeExplosively(FrameworkMethod.java:44)
	at org.junit.internal.runners.statements.InvokeMethod.evaluate(InvokeMethod.java:17)
	at org.junit.internal.runners.statements.FailOnTimeout$StatementThread.run(FailOnTimeout.java:74)
</error>
  </testcase>
  <testcase classname="main.java.Main_ESTest" name="test4" time="0.009">
    <error message="Operand stack overflow
Exception Details:
  Location:
    main/java/Main.main([Ljava/lang/String;)V @3: new
  Reason:
    Exceeded max stack size.
  Current Frame:
    bci: @3
    flags: { }
    locals: { &apos;[Ljava/lang/String;&apos; }
    stack: { }
  Bytecode:
    0000000: b800 10bb 0024 59b7 0025 4cb8 0010 1227
    0000010: b800 2b4c b800 10b2 002d 122f b600 35b8
    0000020: 0010 b800 3b12 3cb6 0040 b800 10a7 0020
    0000030: b800 104d b800 10b2 002d 1242 b600 35b8
    0000040: 0010 bb00 4459 1246 2bb7 0049 57b8 0010
    0000050: 1400 4ab8 0051 9900 09b8 0057 a700 06b8
    0000060: 005a b800 3b12 5bb6 0040 b800 10a7 000c
    0000070: 4db2 002d 125d b600 35b8 0010 bb00 5f59
    0000080: 2bb7 0062 b600 65b8 0010 2b12 27b6 0068
    0000090: b800 10b8 003b 1269 b600 40b8 0010 a700
    00000a0: 0c4d b200 2d12 5db6 0035 b800 10b1     
  Exception Handler Table:
    bci [11, 31] =&gt; handler: 48
    bci [11, 31] =&gt; handler: 48
    bci [77, 98] =&gt; handler: 112
    bci [135, 144] =&gt; handler: 161
" type="java.lang.VerifyError">java.lang.VerifyError: Operand stack overflow
Exception Details:
  Location:
    main/java/Main.main([Ljava/lang/String;)V @3: new
  Reason:
    Exceeded max stack size.
  Current Frame:
    bci: @3
    flags: { }
    locals: { &apos;[Ljava/lang/String;&apos; }
    stack: { }
  Bytecode:
    0000000: b800 10bb 0024 59b7 0025 4cb8 0010 1227
    0000010: b800 2b4c b800 10b2 002d 122f b600 35b8
    0000020: 0010 b800 3b12 3cb6 0040 b800 10a7 0020
    0000030: b800 104d b800 10b2 002d 1242 b600 35b8
    0000040: 0010 bb00 4459 1246 2bb7 0049 57b8 0010
    0000050: 1400 4ab8 0051 9900 09b8 0057 a700 06b8
    0000060: 005a b800 3b12 5bb6 0040 b800 10a7 000c
    0000070: 4db2 002d 125d b600 35b8 0010 bb00 5f59
    0000080: 2bb7 0062 b600 65b8 0010 2b12 27b6 0068
    0000090: b800 10b8 003b 1269 b600 40b8 0010 a700
    00000a0: 0c4d b200 2d12 5db6 0035 b800 10b1     
  Exception Handler Table:
    bci [11, 31] =&gt; handler: 48
    bci [11, 31] =&gt; handler: 48
    bci [77, 98] =&gt; handler: 112
    bci [135, 144] =&gt; handler: 161

	at main.java.Main_ESTest.test4(Main_ESTest.java:119)
	at java.base/jdk.internal.reflect.NativeMethodAccessorImpl.invoke0(Native Method)
	at java.base/jdk.internal.reflect.NativeMethodAccessorImpl.invoke(NativeMethodAccessorImpl.java:62)
	at java.base/jdk.internal.reflect.DelegatingMethodAccessorImpl.invoke(DelegatingMethodAccessorImpl.java:43)
	at java.base/java.lang.reflect.Method.invoke(Method.java:566)
	at org.junit.runners.model.FrameworkMethod$1.runReflectiveCall(FrameworkMethod.java:47)
	at org.junit.internal.runners.model.ReflectiveCallable.run(ReflectiveCallable.java:12)
	at org.junit.runners.model.FrameworkMethod.invokeExplosively(FrameworkMethod.java:44)
	at org.junit.internal.runners.statements.InvokeMethod.evaluate(InvokeMethod.java:17)
	at org.junit.internal.runners.statements.FailOnTimeout$StatementThread.run(FailOnTimeout.java:74)
</error>
  </testcase>
  <testcase classname="main.java.Main_ESTest" name="test2" time="0.009">
    <error message="Operand stack overflow
Exception Details:
  Location:
    main/java/Main.main([Ljava/lang/String;)V @3: new
  Reason:
    Exceeded max stack size.
  Current Frame:
    bci: @3
    flags: { }
    locals: { &apos;[Ljava/lang/String;&apos; }
    stack: { }
  Bytecode:
    0000000: b800 10bb 0024 59b7 0025 4cb8 0010 1227
    0000010: b800 2b4c b800 10b2 002d 122f b600 35b8
    0000020: 0010 b800 3b12 3cb6 0040 b800 10a7 0020
    0000030: b800 104d b800 10b2 002d 1242 b600 35b8
    0000040: 0010 bb00 4459 1246 2bb7 0049 57b8 0010
    0000050: 1400 4ab8 0051 9900 09b8 0057 a700 06b8
    0000060: 005a b800 3b12 5bb6 0040 b800 10a7 000c
    0000070: 4db2 002d 125d b600 35b8 0010 bb00 5f59
    0000080: 2bb7 0062 b600 65b8 0010 2b12 27b6 0068
    0000090: b800 10b8 003b 1269 b600 40b8 0010 a700
    00000a0: 0c4d b200 2d12 5db6 0035 b800 10b1     
  Exception Handler Table:
    bci [11, 31] =&gt; handler: 48
    bci [11, 31] =&gt; handler: 48
    bci [77, 98] =&gt; handler: 112
    bci [135, 144] =&gt; handler: 161
" type="java.lang.VerifyError">java.lang.VerifyError: Operand stack overflow
Exception Details:
  Location:
    main/java/Main.main([Ljava/lang/String;)V @3: new
  Reason:
    Exceeded max stack size.
  Current Frame:
    bci: @3
    flags: { }
    locals: { &apos;[Ljava/lang/String;&apos; }
    stack: { }
  Bytecode:
    0000000: b800 10bb 0024 59b7 0025 4cb8 0010 1227
    0000010: b800 2b4c b800 10b2 002d 122f b600 35b8
    0000020: 0010 b800 3b12 3cb6 0040 b800 10a7 0020
    0000030: b800 104d b800 10b2 002d 1242 b600 35b8
    0000040: 0010 bb00 4459 1246 2bb7 0049 57b8 0010
    0000050: 1400 4ab8 0051 9900 09b8 0057 a700 06b8
    0000060: 005a b800 3b12 5bb6 0040 b800 10a7 000c
    0000070: 4db2 002d 125d b600 35b8 0010 bb00 5f59
    0000080: 2bb7 0062 b600 65b8 0010 2b12 27b6 0068
    0000090: b800 10b8 003b 1269 b600 40b8 0010 a700
    00000a0: 0c4d b200 2d12 5db6 0035 b800 10b1     
  Exception Handler Table:
    bci [11, 31] =&gt; handler: 48
    bci [11, 31] =&gt; handler: 48
    bci [77, 98] =&gt; handler: 112
    bci [135, 144] =&gt; handler: 161

	at main.java.Main_ESTest.test2(Main_ESTest.java:80)
	at java.base/jdk.internal.reflect.NativeMethodAccessorImpl.invoke0(Native Method)
	at java.base/jdk.internal.reflect.NativeMethodAccessorImpl.invoke(NativeMethodAccessorImpl.java:62)
	at java.base/jdk.internal.reflect.DelegatingMethodAccessorImpl.invoke(DelegatingMethodAccessorImpl.java:43)
	at java.base/java.lang.reflect.Method.invoke(Method.java:566)
	at org.junit.runners.model.FrameworkMethod$1.runReflectiveCall(FrameworkMethod.java:47)
	at org.junit.internal.runners.model.ReflectiveCallable.run(ReflectiveCallable.java:12)
	at org.junit.runners.model.FrameworkMethod.invokeExplosively(FrameworkMethod.java:44)
	at org.junit.internal.runners.statements.InvokeMethod.evaluate(InvokeMethod.java:17)
	at org.junit.internal.runners.statements.FailOnTimeout$StatementThread.run(FailOnTimeout.java:74)
</error>
  </testcase>
  <testcase classname="main.java.Main_ESTest" name="test3" time="0.008">
    <error message="Operand stack overflow
Exception Details:
  Location:
    main/java/Main.main([Ljava/lang/String;)V @3: new
  Reason:
    Exceeded max stack size.
  Current Frame:
    bci: @3
    flags: { }
    locals: { &apos;[Ljava/lang/String;&apos; }
    stack: { }
  Bytecode:
    0000000: b800 10bb 0024 59b7 0025 4cb8 0010 1227
    0000010: b800 2b4c b800 10b2 002d 122f b600 35b8
    0000020: 0010 b800 3b12 3cb6 0040 b800 10a7 0020
    0000030: b800 104d b800 10b2 002d 1242 b600 35b8
    0000040: 0010 bb00 4459 1246 2bb7 0049 57b8 0010
    0000050: 1400 4ab8 0051 9900 09b8 0057 a700 06b8
    0000060: 005a b800 3b12 5bb6 0040 b800 10a7 000c
    0000070: 4db2 002d 125d b600 35b8 0010 bb00 5f59
    0000080: 2bb7 0062 b600 65b8 0010 2b12 27b6 0068
    0000090: b800 10b8 003b 1269 b600 40b8 0010 a700
    00000a0: 0c4d b200 2d12 5db6 0035 b800 10b1     
  Exception Handler Table:
    bci [11, 31] =&gt; handler: 48
    bci [11, 31] =&gt; handler: 48
    bci [77, 98] =&gt; handler: 112
    bci [135, 144] =&gt; handler: 161
" type="java.lang.VerifyError">java.lang.VerifyError: Operand stack overflow
Exception Details:
  Location:
    main/java/Main.main([Ljava/lang/String;)V @3: new
  Reason:
    Exceeded max stack size.
  Current Frame:
    bci: @3
    flags: { }
    locals: { &apos;[Ljava/lang/String;&apos; }
    stack: { }
  Bytecode:
    0000000: b800 10bb 0024 59b7 0025 4cb8 0010 1227
    0000010: b800 2b4c b800 10b2 002d 122f b600 35b8
    0000020: 0010 b800 3b12 3cb6 0040 b800 10a7 0020
    0000030: b800 104d b800 10b2 002d 1242 b600 35b8
    0000040: 0010 bb00 4459 1246 2bb7 0049 57b8 0010
    0000050: 1400 4ab8 0051 9900 09b8 0057 a700 06b8
    0000060: 005a b800 3b12 5bb6 0040 b800 10a7 000c
    0000070: 4db2 002d 125d b600 35b8 0010 bb00 5f59
    0000080: 2bb7 0062 b600 65b8 0010 2b12 27b6 0068
    0000090: b800 10b8 003b 1269 b600 40b8 0010 a700
    00000a0: 0c4d b200 2d12 5db6 0035 b800 10b1     
  Exception Handler Table:
    bci [11, 31] =&gt; handler: 48
    bci [11, 31] =&gt; handler: 48
    bci [77, 98] =&gt; handler: 112
    bci [135, 144] =&gt; handler: 161

	at main.java.Main_ESTest.test3(Main_ESTest.java:103)
	at java.base/jdk.internal.reflect.NativeMethodAccessorImpl.invoke0(Native Method)
	at java.base/jdk.internal.reflect.NativeMethodAccessorImpl.invoke(NativeMethodAccessorImpl.java:62)
	at java.base/jdk.internal.reflect.DelegatingMethodAccessorImpl.invoke(DelegatingMethodAccessorImpl.java:43)
	at java.base/java.lang.reflect.Method.invoke(Method.java:566)
	at org.junit.runners.model.FrameworkMethod$1.runReflectiveCall(FrameworkMethod.java:47)
	at org.junit.internal.runners.model.ReflectiveCallable.run(ReflectiveCallable.java:12)
	at org.junit.runners.model.FrameworkMethod.invokeExplosively(FrameworkMethod.java:44)
	at org.junit.internal.runners.statements.InvokeMethod.evaluate(InvokeMethod.java:17)
	at org.junit.internal.runners.statements.FailOnTimeout$StatementThread.run(FailOnTimeout.java:74)
</error>
  </testcase>
</testsuite>